<?xml version="1.0" encoding="UTF-8"?>
<robot generator="Robot 7.0 (Python 3.12.4 on win32)" generated="2025-02-21T18:09:41.562706" rpa="false" schemaversion="5">
<suite id="s1" name="Suites">
<suite id="s1-s1" name="02 Inventory" source="C:\Users\Winner\Automate\TestingSomething\Awesome_site to_test_on\saucedemo\TestCase\02 inventory.robot">
<test id="s1-s1-t1" name="Default" line="8">
<kw name="NormalUser" owner="inventoryKeyword" type="SETUP">
<kw name="OpenSite" owner="loginKeyword">
<kw name="Open Browser" owner="SeleniumLibrary">
<msg time="2025-02-21T18:09:41.813288" level="INFO">Opening browser 'headlesschrome' to base url 'https://www.saucedemo.com/'.</msg>
<arg>${url}</arg>
<arg>${browser}</arg>
<doc>Opens a new browser instance to the optional ``url``.</doc>
<status status="PASS" start="2025-02-21T18:09:41.812291" elapsed="3.277797"/>
</kw>
<status status="PASS" start="2025-02-21T18:09:41.811293" elapsed="3.278795"/>
</kw>
<kw name="LoginSuccess" owner="loginKeyword">
<kw name="Login" owner="loginKeyword">
<kw name="Wait Until Element Is Visible" owner="SeleniumLibrary">
<arg>${login_username}</arg>
<doc>Waits until the element ``locator`` is visible.</doc>
<status status="PASS" start="2025-02-21T18:09:45.092083" elapsed="0.067845"/>
</kw>
<kw name="Input Text" owner="SeleniumLibrary">
<msg time="2025-02-21T18:09:45.160925" level="INFO">Typing text 'standard_user' into text field 'id=user-name'.</msg>
<arg>${login_username}</arg>
<arg>${username}</arg>
<doc>Types the given ``text`` into the text field identified by ``locator``.</doc>
<status status="PASS" start="2025-02-21T18:09:45.159928" elapsed="0.148044"/>
</kw>
<kw name="Input Text" owner="SeleniumLibrary">
<msg time="2025-02-21T18:09:45.307972" level="INFO">Typing text 'secret_sauce' into text field 'id=password'.</msg>
<arg>${login_password}</arg>
<arg>${password}</arg>
<doc>Types the given ``text`` into the text field identified by ``locator``.</doc>
<status status="PASS" start="2025-02-21T18:09:45.307972" elapsed="0.205755"/>
</kw>
<kw name="Click Element" owner="SeleniumLibrary">
<msg time="2025-02-21T18:09:45.516200" level="INFO">Clicking element 'id=login-button'.</msg>
<arg>${login_button}</arg>
<doc>Click the element identified by ``locator``.</doc>
<status status="PASS" start="2025-02-21T18:09:45.515202" elapsed="0.157211"/>
</kw>
<arg>${username}</arg>
<arg>secret_sauce</arg>
<status status="PASS" start="2025-02-21T18:09:45.091085" elapsed="0.581328"/>
</kw>
<kw name="Wait Until Page Contains" owner="SeleniumLibrary">
<arg>Products</arg>
<doc>Waits until ``text`` appears on the current page.</doc>
<status status="PASS" start="2025-02-21T18:09:45.672413" elapsed="0.041408"/>
</kw>
<arg>standard_user</arg>
<status status="PASS" start="2025-02-21T18:09:45.091085" elapsed="0.622736"/>
</kw>
<kw name="Wait Until Page Contains" owner="SeleniumLibrary">
<arg>Swag Labs</arg>
<doc>Waits until ``text`` appears on the current page.</doc>
<status status="PASS" start="2025-02-21T18:09:45.713821" elapsed="0.033913"/>
</kw>
<status status="PASS" start="2025-02-21T18:09:41.811293" elapsed="3.936441"/>
</kw>
<kw name="Location Should Be" owner="SeleniumLibrary">
<msg time="2025-02-21T18:09:45.763205" level="INFO">Current location is 'https://www.saucedemo.com/inventory.html'.</msg>
<arg>https://www.saucedemo.com/inventory.html</arg>
<doc>Verifies that the current URL is exactly ``url``.</doc>
<status status="PASS" start="2025-02-21T18:09:45.747734" elapsed="0.015471"/>
</kw>
<status status="PASS" start="2025-02-21T18:09:41.811293" elapsed="3.951912"/>
</test>
<test id="s1-s1-t2" name="ElementCheck" line="10">
<kw name="NormalUser" owner="inventoryKeyword" type="SETUP">
<kw name="OpenSite" owner="loginKeyword">
<kw name="Open Browser" owner="SeleniumLibrary">
<msg time="2025-02-21T18:09:45.767195" level="INFO">Opening browser 'headlesschrome' to base url 'https://www.saucedemo.com/'.</msg>
<arg>${url}</arg>
<arg>${browser}</arg>
<doc>Opens a new browser instance to the optional ``url``.</doc>
<status status="PASS" start="2025-02-21T18:09:45.766197" elapsed="2.578114"/>
</kw>
<status status="PASS" start="2025-02-21T18:09:45.766197" elapsed="2.579115"/>
</kw>
<kw name="LoginSuccess" owner="loginKeyword">
<kw name="Login" owner="loginKeyword">
<kw name="Wait Until Element Is Visible" owner="SeleniumLibrary">
<arg>${login_username}</arg>
<doc>Waits until the element ``locator`` is visible.</doc>
<status status="PASS" start="2025-02-21T18:09:48.345312" elapsed="0.032000"/>
</kw>
<kw name="Input Text" owner="SeleniumLibrary">
<msg time="2025-02-21T18:09:48.378730" level="INFO">Typing text 'standard_user' into text field 'id=user-name'.</msg>
<arg>${login_username}</arg>
<arg>${username}</arg>
<doc>Types the given ``text`` into the text field identified by ``locator``.</doc>
<status status="PASS" start="2025-02-21T18:09:48.377312" elapsed="0.127005"/>
</kw>
<kw name="Input Text" owner="SeleniumLibrary">
<msg time="2025-02-21T18:09:48.505314" level="INFO">Typing text 'secret_sauce' into text field 'id=password'.</msg>
<arg>${login_password}</arg>
<arg>${password}</arg>
<doc>Types the given ``text`` into the text field identified by ``locator``.</doc>
<status status="PASS" start="2025-02-21T18:09:48.504317" elapsed="0.106591"/>
</kw>
<kw name="Click Element" owner="SeleniumLibrary">
<msg time="2025-02-21T18:09:48.610908" level="INFO">Clicking element 'id=login-button'.</msg>
<arg>${login_button}</arg>
<doc>Click the element identified by ``locator``.</doc>
<status status="PASS" start="2025-02-21T18:09:48.610908" elapsed="0.114620"/>
</kw>
<arg>${username}</arg>
<arg>secret_sauce</arg>
<status status="PASS" start="2025-02-21T18:09:48.345312" elapsed="0.380216"/>
</kw>
<kw name="Wait Until Page Contains" owner="SeleniumLibrary">
<arg>Products</arg>
<doc>Waits until ``text`` appears on the current page.</doc>
<status status="PASS" start="2025-02-21T18:09:48.725528" elapsed="0.080822"/>
</kw>
<arg>standard_user</arg>
<status status="PASS" start="2025-02-21T18:09:48.345312" elapsed="0.461038"/>
</kw>
<kw name="Wait Until Page Contains" owner="SeleniumLibrary">
<arg>Swag Labs</arg>
<doc>Waits until ``text`` appears on the current page.</doc>
<status status="PASS" start="2025-02-21T18:09:48.807347" elapsed="0.022450"/>
</kw>
<status status="PASS" start="2025-02-21T18:09:45.765201" elapsed="3.064596"/>
</kw>
<kw name="Element Should Be Visible" owner="SeleniumLibrary">
<msg time="2025-02-21T18:09:48.856729" level="INFO">Element 'id=react-burger-menu-btn' is displayed.</msg>
<arg>${btn_submenu}</arg>
<doc>Verifies that the element identified by ``locator`` is visible.</doc>
<status status="PASS" start="2025-02-21T18:09:48.829797" elapsed="0.026932"/>
</kw>
<kw name="Element Should Be Visible" owner="SeleniumLibrary">
<msg time="2025-02-21T18:09:48.878239" level="INFO">Element 'xpath=//*[@id="shopping_cart_container"]/a' is displayed.</msg>
<arg>${btn_cart}</arg>
<doc>Verifies that the element identified by ``locator`` is visible.</doc>
<status status="PASS" start="2025-02-21T18:09:48.856729" elapsed="0.021510"/>
</kw>
<kw name="Element Should Be Visible" owner="SeleniumLibrary">
<msg time="2025-02-21T18:09:48.909104" level="INFO">Element 'xpath=//*[@class="product_sort_container"]' is displayed.</msg>
<arg>${btn_sort}</arg>
<doc>Verifies that the element identified by ``locator`` is visible.</doc>
<status status="PASS" start="2025-02-21T18:09:48.879237" elapsed="0.029867"/>
</kw>
<status status="PASS" start="2025-02-21T18:09:45.764202" elapsed="3.144902"/>
</test>
<test id="s1-s1-t3" name="Submenu" line="14">
<kw name="NormalUser" owner="inventoryKeyword" type="SETUP">
<kw name="OpenSite" owner="loginKeyword">
<kw name="Open Browser" owner="SeleniumLibrary">
<msg time="2025-02-21T18:09:48.910100" level="INFO">Opening browser 'headlesschrome' to base url 'https://www.saucedemo.com/'.</msg>
<arg>${url}</arg>
<arg>${browser}</arg>
<doc>Opens a new browser instance to the optional ``url``.</doc>
<status status="PASS" start="2025-02-21T18:09:48.910100" elapsed="2.593946"/>
</kw>
<status status="PASS" start="2025-02-21T18:09:48.910100" elapsed="2.593946"/>
</kw>
<kw name="LoginSuccess" owner="loginKeyword">
<kw name="Login" owner="loginKeyword">
<kw name="Wait Until Element Is Visible" owner="SeleniumLibrary">
<arg>${login_username}</arg>
<doc>Waits until the element ``locator`` is visible.</doc>
<status status="PASS" start="2025-02-21T18:09:51.505458" elapsed="0.025111"/>
</kw>
<kw name="Input Text" owner="SeleniumLibrary">
<msg time="2025-02-21T18:09:51.530569" level="INFO">Typing text 'standard_user' into text field 'id=user-name'.</msg>
<arg>${login_username}</arg>
<arg>${username}</arg>
<doc>Types the given ``text`` into the text field identified by ``locator``.</doc>
<status status="PASS" start="2025-02-21T18:09:51.530569" elapsed="0.110052"/>
</kw>
<kw name="Input Text" owner="SeleniumLibrary">
<msg time="2025-02-21T18:09:51.641646" level="INFO">Typing text 'secret_sauce' into text field 'id=password'.</msg>
<arg>${login_password}</arg>
<arg>${password}</arg>
<doc>Types the given ``text`` into the text field identified by ``locator``.</doc>
<status status="PASS" start="2025-02-21T18:09:51.641646" elapsed="0.084092"/>
</kw>
<kw name="Click Element" owner="SeleniumLibrary">
<msg time="2025-02-21T18:09:51.727060" level="INFO">Clicking element 'id=login-button'.</msg>
<arg>${login_button}</arg>
<doc>Click the element identified by ``locator``.</doc>
<status status="PASS" start="2025-02-21T18:09:51.725738" elapsed="0.087457"/>
</kw>
<arg>${username}</arg>
<arg>secret_sauce</arg>
<status status="PASS" start="2025-02-21T18:09:51.505458" elapsed="0.307737"/>
</kw>
<kw name="Wait Until Page Contains" owner="SeleniumLibrary">
<arg>Products</arg>
<doc>Waits until ``text`` appears on the current page.</doc>
<status status="PASS" start="2025-02-21T18:09:51.813195" elapsed="0.011594"/>
</kw>
<arg>standard_user</arg>
<status status="PASS" start="2025-02-21T18:09:51.504046" elapsed="0.320743"/>
</kw>
<kw name="Wait Until Page Contains" owner="SeleniumLibrary">
<arg>Swag Labs</arg>
<doc>Waits until ``text`` appears on the current page.</doc>
<status status="PASS" start="2025-02-21T18:09:51.825795" elapsed="0.008449"/>
</kw>
<status status="PASS" start="2025-02-21T18:09:48.909104" elapsed="2.926631"/>
</kw>
<kw name="SelectSubmenu" owner="inventoryKeyword">
<kw name="Click Element" owner="SeleniumLibrary">
<msg time="2025-02-21T18:09:51.835735" level="INFO">Clicking element 'id=react-burger-menu-btn'.</msg>
<arg>${btn_submenu}</arg>
<doc>Click the element identified by ``locator``.</doc>
<status status="PASS" start="2025-02-21T18:09:51.835735" elapsed="0.171078"/>
</kw>
<kw name="Wait Until Element Is Visible" owner="SeleniumLibrary">
<arg>${submenu_item_list}</arg>
<doc>Waits until the element ``locator`` is visible.</doc>
<status status="PASS" start="2025-02-21T18:09:52.006813" elapsed="0.232971"/>
</kw>
<kw name="Click Element" owner="SeleniumLibrary">
<msg time="2025-02-21T18:09:52.240799" level="INFO">Clicking element 'id=about_sidebar_link'.</msg>
<arg>${${sub}}</arg>
<doc>Click the element identified by ``locator``.</doc>
<status status="PASS" start="2025-02-21T18:09:52.240799" elapsed="5.206230"/>
</kw>
<arg>about</arg>
<status status="PASS" start="2025-02-21T18:09:51.835735" elapsed="5.611294"/>
</kw>
<kw name="Location Should Be" owner="SeleniumLibrary">
<msg time="2025-02-21T18:09:57.614660" level="INFO">Current location is 'https://saucelabs.com/'.</msg>
<arg>https://saucelabs.com/</arg>
<doc>Verifies that the current URL is exactly ``url``.</doc>
<status status="PASS" start="2025-02-21T18:09:57.447029" elapsed="0.167631"/>
</kw>
<kw name="Go Back" owner="SeleniumLibrary">
<doc>Simulates the user clicking the back button on their browser.</doc>
<status status="PASS" start="2025-02-21T18:09:57.614660" elapsed="0.765312"/>
</kw>
<kw name="SelectSubmenu" owner="inventoryKeyword">
<kw name="Click Element" owner="SeleniumLibrary">
<msg time="2025-02-21T18:09:58.381971" level="INFO">Clicking element 'id=react-burger-menu-btn'.</msg>
<arg>${btn_submenu}</arg>
<doc>Click the element identified by ``locator``.</doc>
<status status="PASS" start="2025-02-21T18:09:58.380970" elapsed="0.080340"/>
</kw>
<kw name="Wait Until Element Is Visible" owner="SeleniumLibrary">
<arg>${submenu_item_list}</arg>
<doc>Waits until the element ``locator`` is visible.</doc>
<status status="PASS" start="2025-02-21T18:09:58.461310" elapsed="0.255097"/>
</kw>
<kw name="Click Element" owner="SeleniumLibrary">
<msg time="2025-02-21T18:09:58.717405" level="INFO">Clicking element 'id=reset_sidebar_link'.</msg>
<arg>${${sub}}</arg>
<doc>Click the element identified by ``locator``.</doc>
<status status="PASS" start="2025-02-21T18:09:58.717405" elapsed="0.104796"/>
</kw>
<arg>resetApp</arg>
<status status="PASS" start="2025-02-21T18:09:58.379972" elapsed="0.442229"/>
</kw>
<kw name="Click Element" owner="SeleniumLibrary">
<msg time="2025-02-21T18:09:58.823197" level="INFO">Clicking element 'xpath=//*[@id="shopping_cart_container"]/a'.</msg>
<arg>${btn_cart}</arg>
<doc>Click the element identified by ``locator``.</doc>
<status status="PASS" start="2025-02-21T18:09:58.822201" elapsed="0.181456"/>
</kw>
<kw name="SelectSubmenu" owner="inventoryKeyword">
<kw name="Click Element" owner="SeleniumLibrary">
<msg time="2025-02-21T18:09:59.005651" level="INFO">Clicking element 'id=react-burger-menu-btn'.</msg>
<arg>${btn_submenu}</arg>
<doc>Click the element identified by ``locator``.</doc>
<status status="PASS" start="2025-02-21T18:09:59.004654" elapsed="0.075931"/>
</kw>
<kw name="Wait Until Element Is Visible" owner="SeleniumLibrary">
<arg>${submenu_item_list}</arg>
<doc>Waits until the element ``locator`` is visible.</doc>
<status status="PASS" start="2025-02-21T18:09:59.081582" elapsed="0.240498"/>
</kw>
<kw name="Click Element" owner="SeleniumLibrary">
<msg time="2025-02-21T18:09:59.323216" level="INFO">Clicking element 'xpath=//*[@id="inventory_sidebar_link"]'.</msg>
<arg>${${sub}}</arg>
<doc>Click the element identified by ``locator``.</doc>
<status status="PASS" start="2025-02-21T18:09:59.322080" elapsed="0.118938"/>
</kw>
<arg>allitem</arg>
<status status="PASS" start="2025-02-21T18:09:59.004654" elapsed="0.436364"/>
</kw>
<kw name="Location Should Be" owner="SeleniumLibrary">
<msg time="2025-02-21T18:09:59.448002" level="INFO">Current location is 'https://www.saucedemo.com/inventory.html'.</msg>
<arg>https://www.saucedemo.com/inventory.html</arg>
<doc>Verifies that the current URL is exactly ``url``.</doc>
<status status="PASS" start="2025-02-21T18:09:59.441018" elapsed="0.006984"/>
</kw>
<kw name="SelectSubmenu" owner="inventoryKeyword">
<kw name="Click Element" owner="SeleniumLibrary">
<msg time="2025-02-21T18:09:59.449000" level="INFO">Clicking element 'id=react-burger-menu-btn'.</msg>
<arg>${btn_submenu}</arg>
<doc>Click the element identified by ``locator``.</doc>
<status status="PASS" start="2025-02-21T18:09:59.449000" elapsed="0.048239"/>
</kw>
<kw name="Wait Until Element Is Visible" owner="SeleniumLibrary">
<arg>${submenu_item_list}</arg>
<doc>Waits until the element ``locator`` is visible.</doc>
<status status="PASS" start="2025-02-21T18:09:59.497239" elapsed="0.259579"/>
</kw>
<kw name="Click Element" owner="SeleniumLibrary">
<msg time="2025-02-21T18:09:59.757816" level="INFO">Clicking element 'id=logout_sidebar_link'.</msg>
<arg>${${sub}}</arg>
<doc>Click the element identified by ``locator``.</doc>
<status status="PASS" start="2025-02-21T18:09:59.757816" elapsed="0.091352"/>
</kw>
<arg>logout</arg>
<status status="PASS" start="2025-02-21T18:09:59.448002" elapsed="0.401166"/>
</kw>
<kw name="Location Should Be" owner="SeleniumLibrary">
<msg time="2025-02-21T18:09:59.856330" level="INFO">Current location is 'https://www.saucedemo.com/'.</msg>
<arg>https://www.saucedemo.com/</arg>
<doc>Verifies that the current URL is exactly ``url``.</doc>
<status status="PASS" start="2025-02-21T18:09:59.849168" elapsed="0.007162"/>
</kw>
<kw name="NotLoggedIn" owner="loginKeyword">
<kw name="Go To" owner="SeleniumLibrary">
<msg time="2025-02-21T18:09:59.857467" level="INFO">Opening url 'https://www.saucedemo.com/inventory.html'</msg>
<arg>https://www.saucedemo.com/inventory.html</arg>
<doc>Navigates the current browser window to the provided ``url``.</doc>
<status status="PASS" start="2025-02-21T18:09:59.857467" elapsed="0.301034"/>
</kw>
<kw name="ErrorMessageCheck" owner="loginKeyword">
<kw name="Element Should Be Visible" owner="SeleniumLibrary">
<msg time="2025-02-21T18:10:00.183974" level="INFO">Element 'xpath=//*[@data-test="error"]' is displayed.</msg>
<arg>${login_error_message}</arg>
<doc>Verifies that the element identified by ``locator`` is visible.</doc>
<status status="PASS" start="2025-02-21T18:10:00.159499" elapsed="0.024475"/>
</kw>
<kw name="Element Should Contain" owner="SeleniumLibrary">
<msg time="2025-02-21T18:10:00.203511" level="INFO">Element 'xpath=//*[@data-test="error"]' contains text 'Epic sadface: You can only access '/inventory.html' when you are logged in.'.</msg>
<arg>${login_error_message}</arg>
<arg>${msg}</arg>
<doc>Verifies that element ``locator`` contains text ``expected``.</doc>
<status status="PASS" start="2025-02-21T18:10:00.184971" elapsed="0.018540"/>
</kw>
<arg>Epic sadface: You can only access '/inventory.html' when you are logged in.</arg>
<status status="PASS" start="2025-02-21T18:10:00.158501" elapsed="0.045010"/>
</kw>
<status status="PASS" start="2025-02-21T18:09:59.857467" elapsed="0.346044"/>
</kw>
<status status="PASS" start="2025-02-21T18:09:48.909104" elapsed="11.295405"/>
</test>
<test id="s1-s1-t4" name="CartBtn" line="26">
<kw name="NormalUser" owner="inventoryKeyword" type="SETUP">
<kw name="OpenSite" owner="loginKeyword">
<kw name="Open Browser" owner="SeleniumLibrary">
<msg time="2025-02-21T18:10:00.205505" level="INFO">Opening browser 'headlesschrome' to base url 'https://www.saucedemo.com/'.</msg>
<arg>${url}</arg>
<arg>${browser}</arg>
<doc>Opens a new browser instance to the optional ``url``.</doc>
<status status="PASS" start="2025-02-21T18:10:00.205505" elapsed="2.251509"/>
</kw>
<status status="PASS" start="2025-02-21T18:10:00.205505" elapsed="2.251509"/>
</kw>
<kw name="LoginSuccess" owner="loginKeyword">
<kw name="Login" owner="loginKeyword">
<kw name="Wait Until Element Is Visible" owner="SeleniumLibrary">
<arg>${login_username}</arg>
<doc>Waits until the element ``locator`` is visible.</doc>
<status status="PASS" start="2025-02-21T18:10:02.458012" elapsed="0.501669"/>
</kw>
<kw name="Input Text" owner="SeleniumLibrary">
<msg time="2025-02-21T18:10:02.960678" level="INFO">Typing text 'standard_user' into text field 'id=user-name'.</msg>
<arg>${login_username}</arg>
<arg>${username}</arg>
<doc>Types the given ``text`` into the text field identified by ``locator``.</doc>
<status status="PASS" start="2025-02-21T18:10:02.959681" elapsed="0.163132"/>
</kw>
<kw name="Input Text" owner="SeleniumLibrary">
<msg time="2025-02-21T18:10:03.123810" level="INFO">Typing text 'secret_sauce' into text field 'id=password'.</msg>
<arg>${login_password}</arg>
<arg>${password}</arg>
<doc>Types the given ``text`` into the text field identified by ``locator``.</doc>
<status status="PASS" start="2025-02-21T18:10:03.122813" elapsed="0.193274"/>
</kw>
<kw name="Click Element" owner="SeleniumLibrary">
<msg time="2025-02-21T18:10:03.317084" level="INFO">Clicking element 'id=login-button'.</msg>
<arg>${login_button}</arg>
<doc>Click the element identified by ``locator``.</doc>
<status status="PASS" start="2025-02-21T18:10:03.317084" elapsed="0.726748"/>
</kw>
<arg>${username}</arg>
<arg>secret_sauce</arg>
<status status="PASS" start="2025-02-21T18:10:02.457014" elapsed="1.586818"/>
</kw>
<kw name="Wait Until Page Contains" owner="SeleniumLibrary">
<arg>Products</arg>
<doc>Waits until ``text`` appears on the current page.</doc>
<status status="PASS" start="2025-02-21T18:10:04.043832" elapsed="0.075334"/>
</kw>
<arg>standard_user</arg>
<status status="PASS" start="2025-02-21T18:10:02.457014" elapsed="1.662152"/>
</kw>
<kw name="Wait Until Page Contains" owner="SeleniumLibrary">
<arg>Swag Labs</arg>
<doc>Waits until ``text`` appears on the current page.</doc>
<status status="PASS" start="2025-02-21T18:10:04.119166" elapsed="0.042886"/>
</kw>
<status status="PASS" start="2025-02-21T18:10:00.204509" elapsed="3.958540"/>
</kw>
<kw name="Click Element" owner="SeleniumLibrary">
<msg time="2025-02-21T18:10:04.164045" level="INFO">Clicking element 'xpath=//*[@id="shopping_cart_container"]/a'.</msg>
<arg>${btn_cart}</arg>
<doc>Click the element identified by ``locator``.</doc>
<status status="PASS" start="2025-02-21T18:10:04.163049" elapsed="0.147876"/>
</kw>
<kw name="Location Should Be" owner="SeleniumLibrary">
<msg time="2025-02-21T18:10:04.318254" level="INFO">Current location is 'https://www.saucedemo.com/cart.html'.</msg>
<arg>https://www.saucedemo.com/cart.html</arg>
<doc>Verifies that the current URL is exactly ``url``.</doc>
<status status="PASS" start="2025-02-21T18:10:04.310925" elapsed="0.007329"/>
</kw>
<status status="PASS" start="2025-02-21T18:10:00.204509" elapsed="4.113745"/>
</test>
<test id="s1-s1-t5" name="Sort" line="29">
<kw name="NormalUser" owner="inventoryKeyword" type="SETUP">
<kw name="OpenSite" owner="loginKeyword">
<kw name="Open Browser" owner="SeleniumLibrary">
<msg time="2025-02-21T18:10:04.321446" level="INFO">Opening browser 'headlesschrome' to base url 'https://www.saucedemo.com/'.</msg>
<arg>${url}</arg>
<arg>${browser}</arg>
<doc>Opens a new browser instance to the optional ``url``.</doc>
<status status="PASS" start="2025-02-21T18:10:04.321446" elapsed="2.526449"/>
</kw>
<status status="PASS" start="2025-02-21T18:10:04.320448" elapsed="2.527447"/>
</kw>
<kw name="LoginSuccess" owner="loginKeyword">
<kw name="Login" owner="loginKeyword">
<kw name="Wait Until Element Is Visible" owner="SeleniumLibrary">
<arg>${login_username}</arg>
<doc>Waits until the element ``locator`` is visible.</doc>
<status status="PASS" start="2025-02-21T18:10:06.849886" elapsed="0.460991"/>
</kw>
<kw name="Input Text" owner="SeleniumLibrary">
<msg time="2025-02-21T18:10:07.311876" level="INFO">Typing text 'standard_user' into text field 'id=user-name'.</msg>
<arg>${login_username}</arg>
<arg>${username}</arg>
<doc>Types the given ``text`` into the text field identified by ``locator``.</doc>
<status status="PASS" start="2025-02-21T18:10:07.310877" elapsed="0.257817"/>
</kw>
<kw name="Input Text" owner="SeleniumLibrary">
<msg time="2025-02-21T18:10:07.569690" level="INFO">Typing text 'secret_sauce' into text field 'id=password'.</msg>
<arg>${login_password}</arg>
<arg>${password}</arg>
<doc>Types the given ``text`` into the text field identified by ``locator``.</doc>
<status status="PASS" start="2025-02-21T18:10:07.568694" elapsed="0.137188"/>
</kw>
<kw name="Click Element" owner="SeleniumLibrary">
<msg time="2025-02-21T18:10:07.705882" level="INFO">Clicking element 'id=login-button'.</msg>
<arg>${login_button}</arg>
<doc>Click the element identified by ``locator``.</doc>
<status status="PASS" start="2025-02-21T18:10:07.705882" elapsed="0.139207"/>
</kw>
<arg>${username}</arg>
<arg>secret_sauce</arg>
<status status="PASS" start="2025-02-21T18:10:06.848889" elapsed="0.996200"/>
</kw>
<kw name="Wait Until Page Contains" owner="SeleniumLibrary">
<arg>Products</arg>
<doc>Waits until ``text`` appears on the current page.</doc>
<status status="PASS" start="2025-02-21T18:10:07.846086" elapsed="0.030921"/>
</kw>
<arg>standard_user</arg>
<status status="PASS" start="2025-02-21T18:10:06.848889" elapsed="1.028118"/>
</kw>
<kw name="Wait Until Page Contains" owner="SeleniumLibrary">
<arg>Swag Labs</arg>
<doc>Waits until ``text`` appears on the current page.</doc>
<status status="PASS" start="2025-02-21T18:10:07.877007" elapsed="0.017848"/>
</kw>
<status status="PASS" start="2025-02-21T18:10:04.320448" elapsed="3.574407"/>
</kw>
<kw name="CheckList" owner="inventoryKeyword">
<kw name="GetAllitemName" owner="inventoryKeyword">
<kw name="Create List" owner="BuiltIn">
<msg time="2025-02-21T18:10:07.897358" level="INFO">@{name} = [ ]</msg>
<var>@{name}</var>
<doc>Returns a list containing given items.</doc>
<status status="PASS" start="2025-02-21T18:10:07.897358" elapsed="0.000000"/>
</kw>
<kw name="Get WebElements" owner="SeleniumLibrary">
<msg time="2025-02-21T18:10:07.917308" level="INFO">@{item} = [ &lt;selenium.webdriver.remote.webelement.WebElement (session="7f7747ec21620eda4f4ddd3d8bbc5b25", element="f.AF41731E255ED8CE8A10E9FC40D0A92F.d.801431AB5C57B9A35DC35A7AC3EC9F00.e.41")&gt; | &lt;selenium.webdr...</msg>
<var>@{item}</var>
<arg>xpath=//*[@class="inventory_item_name "]</arg>
<doc>Returns a list of WebElement objects matching the ``locator``.</doc>
<status status="PASS" start="2025-02-21T18:10:07.897358" elapsed="0.019950"/>
</kw>
<for flavor="IN RANGE">
<iter>
<kw name="Get Text" owner="SeleniumLibrary">
<msg time="2025-02-21T18:10:07.934778" level="INFO">${elem} = Sauce Labs Backpack</msg>
<var>${elem}</var>
<arg>${item}[${i}]</arg>
<doc>Returns the text value of the element identified by ``locator``.</doc>
<status status="PASS" start="2025-02-21T18:10:07.918305" elapsed="0.016473"/>
</kw>
<kw name="Append To List" owner="Collections">
<arg>${name}</arg>
<arg>${elem}</arg>
<doc>Adds ``values`` to the end of ``list``.</doc>
<status status="PASS" start="2025-02-21T18:10:07.934778" elapsed="0.000997"/>
</kw>
<var name="${i}">0</var>
<status status="PASS" start="2025-02-21T18:10:07.918305" elapsed="0.017470"/>
</iter>
<iter>
<kw name="Get Text" owner="SeleniumLibrary">
<msg time="2025-02-21T18:10:07.952729" level="INFO">${elem} = Sauce Labs Bike Light</msg>
<var>${elem}</var>
<arg>${item}[${i}]</arg>
<doc>Returns the text value of the element identified by ``locator``.</doc>
<status status="PASS" start="2025-02-21T18:10:07.936771" elapsed="0.015958"/>
</kw>
<kw name="Append To List" owner="Collections">
<arg>${name}</arg>
<arg>${elem}</arg>
<doc>Adds ``values`` to the end of ``list``.</doc>
<status status="PASS" start="2025-02-21T18:10:07.952729" elapsed="0.000000"/>
</kw>
<var name="${i}">1</var>
<status status="PASS" start="2025-02-21T18:10:07.935775" elapsed="0.016954"/>
</iter>
<iter>
<kw name="Get Text" owner="SeleniumLibrary">
<msg time="2025-02-21T18:10:07.966723" level="INFO">${elem} = Sauce Labs Bolt T-Shirt</msg>
<var>${elem}</var>
<arg>${item}[${i}]</arg>
<doc>Returns the text value of the element identified by ``locator``.</doc>
<status status="PASS" start="2025-02-21T18:10:07.954012" elapsed="0.012711"/>
</kw>
<kw name="Append To List" owner="Collections">
<arg>${name}</arg>
<arg>${elem}</arg>
<doc>Adds ``values`` to the end of ``list``.</doc>
<status status="PASS" start="2025-02-21T18:10:07.966723" elapsed="0.000000"/>
</kw>
<var name="${i}">2</var>
<status status="PASS" start="2025-02-21T18:10:07.952729" elapsed="0.014999"/>
</iter>
<iter>
<kw name="Get Text" owner="SeleniumLibrary">
<msg time="2025-02-21T18:10:07.980891" level="INFO">${elem} = Sauce Labs Fleece Jacket</msg>
<var>${elem}</var>
<arg>${item}[${i}]</arg>
<doc>Returns the text value of the element identified by ``locator``.</doc>
<status status="PASS" start="2025-02-21T18:10:07.967728" elapsed="0.013163"/>
</kw>
<kw name="Append To List" owner="Collections">
<arg>${name}</arg>
<arg>${elem}</arg>
<doc>Adds ``values`` to the end of ``list``.</doc>
<status status="PASS" start="2025-02-21T18:10:07.980891" elapsed="0.000000"/>
</kw>
<var name="${i}">3</var>
<status status="PASS" start="2025-02-21T18:10:07.967728" elapsed="0.013163"/>
</iter>
<iter>
<kw name="Get Text" owner="SeleniumLibrary">
<msg time="2025-02-21T18:10:08.004155" level="INFO">${elem} = Sauce Labs Onesie</msg>
<var>${elem}</var>
<arg>${item}[${i}]</arg>
<doc>Returns the text value of the element identified by ``locator``.</doc>
<status status="PASS" start="2025-02-21T18:10:07.982175" elapsed="0.021980"/>
</kw>
<kw name="Append To List" owner="Collections">
<arg>${name}</arg>
<arg>${elem}</arg>
<doc>Adds ``values`` to the end of ``list``.</doc>
<status status="PASS" start="2025-02-21T18:10:08.004155" elapsed="0.000000"/>
</kw>
<var name="${i}">4</var>
<status status="PASS" start="2025-02-21T18:10:07.980891" elapsed="0.023264"/>
</iter>
<iter>
<kw name="Get Text" owner="SeleniumLibrary">
<msg time="2025-02-21T18:10:08.013816" level="INFO">${elem} = Test.allTheThings() T-Shirt (Red)</msg>
<var>${elem}</var>
<arg>${item}[${i}]</arg>
<doc>Returns the text value of the element identified by ``locator``.</doc>
<status status="PASS" start="2025-02-21T18:10:08.005153" elapsed="0.008663"/>
</kw>
<kw name="Append To List" owner="Collections">
<arg>${name}</arg>
<arg>${elem}</arg>
<doc>Adds ``values`` to the end of ``list``.</doc>
<status status="PASS" start="2025-02-21T18:10:08.013816" elapsed="0.000000"/>
</kw>
<var name="${i}">5</var>
<status status="PASS" start="2025-02-21T18:10:08.005153" elapsed="0.008663"/>
</iter>
<var>${i}</var>
<value>6</value>
<status status="PASS" start="2025-02-21T18:10:07.917308" elapsed="0.096508"/>
</for>
<return>
<value>@{name}</value>
<status status="PASS" start="2025-02-21T18:10:08.013816" elapsed="0.000997"/>
</return>
<msg time="2025-02-21T18:10:08.014813" level="INFO">@{list_name} = [ Sauce Labs Backpack | Sauce Labs Bike Light | Sauce Labs Bolt T-Shirt | Sauce Labs Fleece Jacket | Sauce Labs Onesie | Test.allTheThings() T-Shirt (Red) ]</msg>
<var>@{list_name}</var>
<status status="PASS" start="2025-02-21T18:10:07.896358" elapsed="0.118455"/>
</kw>
<kw name="GetAllitemPrice" owner="inventoryKeyword">
<kw name="Create List" owner="BuiltIn">
<msg time="2025-02-21T18:10:08.015811" level="INFO">@{price} = [ ]</msg>
<var>@{price}</var>
<doc>Returns a list containing given items.</doc>
<status status="PASS" start="2025-02-21T18:10:08.014813" elapsed="0.000998"/>
</kw>
<kw name="Get WebElements" owner="SeleniumLibrary">
<msg time="2025-02-21T18:10:08.031225" level="INFO">@{item} = [ &lt;selenium.webdriver.remote.webelement.WebElement (session="7f7747ec21620eda4f4ddd3d8bbc5b25", element="f.AF41731E255ED8CE8A10E9FC40D0A92F.d.801431AB5C57B9A35DC35A7AC3EC9F00.e.47")&gt; | &lt;selenium.webdr...</msg>
<var>@{item}</var>
<arg>xpath=//*[@class="inventory_item_price"]</arg>
<doc>Returns a list of WebElement objects matching the ``locator``.</doc>
<status status="PASS" start="2025-02-21T18:10:08.015811" elapsed="0.015414"/>
</kw>
<for flavor="IN RANGE">
<iter>
<kw name="Get Text" owner="SeleniumLibrary">
<msg time="2025-02-21T18:10:08.042951" level="INFO">${elem} = $29.99</msg>
<var>${elem}</var>
<arg>${item}[${i}]</arg>
<doc>Returns the text value of the element identified by ``locator``.</doc>
<status status="PASS" start="2025-02-21T18:10:08.031225" elapsed="0.011726"/>
</kw>
<kw name="Remove String" owner="String">
<msg time="2025-02-21T18:10:08.042951" level="INFO">${elem} = 2999</msg>
<var>${elem}</var>
<arg>${elem}</arg>
<arg>$</arg>
<arg>.</arg>
<doc>Removes all ``removables`` from the given ``string``.</doc>
<status status="PASS" start="2025-02-21T18:10:08.042951" elapsed="0.000000"/>
</kw>
<kw name="Convert To Integer" owner="BuiltIn">
<msg time="2025-02-21T18:10:08.043949" level="INFO">${elem} = 2999</msg>
<var>${elem}</var>
<arg>${elem}</arg>
<doc>Converts the given item to an integer number.</doc>
<status status="PASS" start="2025-02-21T18:10:08.043949" elapsed="0.000000"/>
</kw>
<kw name="Append To List" owner="Collections">
<arg>${price}</arg>
<arg>${elem}</arg>
<doc>Adds ``values`` to the end of ``list``.</doc>
<status status="PASS" start="2025-02-21T18:10:08.043949" elapsed="0.000000"/>
</kw>
<var name="${i}">0</var>
<status status="PASS" start="2025-02-21T18:10:08.031225" elapsed="0.012724"/>
</iter>
<iter>
<kw name="Get Text" owner="SeleniumLibrary">
<msg time="2025-02-21T18:10:08.056858" level="INFO">${elem} = $9.99</msg>
<var>${elem}</var>
<arg>${item}[${i}]</arg>
<doc>Returns the text value of the element identified by ``locator``.</doc>
<status status="PASS" start="2025-02-21T18:10:08.044945" elapsed="0.011913"/>
</kw>
<kw name="Remove String" owner="String">
<msg time="2025-02-21T18:10:08.056858" level="INFO">${elem} = 999</msg>
<var>${elem}</var>
<arg>${elem}</arg>
<arg>$</arg>
<arg>.</arg>
<doc>Removes all ``removables`` from the given ``string``.</doc>
<status status="PASS" start="2025-02-21T18:10:08.056858" elapsed="0.000000"/>
</kw>
<kw name="Convert To Integer" owner="BuiltIn">
<msg time="2025-02-21T18:10:08.057856" level="INFO">${elem} = 999</msg>
<var>${elem}</var>
<arg>${elem}</arg>
<doc>Converts the given item to an integer number.</doc>
<status status="PASS" start="2025-02-21T18:10:08.056858" elapsed="0.000998"/>
</kw>
<kw name="Append To List" owner="Collections">
<arg>${price}</arg>
<arg>${elem}</arg>
<doc>Adds ``values`` to the end of ``list``.</doc>
<status status="PASS" start="2025-02-21T18:10:08.057856" elapsed="0.000000"/>
</kw>
<var name="${i}">1</var>
<status status="PASS" start="2025-02-21T18:10:08.044945" elapsed="0.012911"/>
</iter>
<iter>
<kw name="Get Text" owner="SeleniumLibrary">
<msg time="2025-02-21T18:10:08.066920" level="INFO">${elem} = $15.99</msg>
<var>${elem}</var>
<arg>${item}[${i}]</arg>
<doc>Returns the text value of the element identified by ``locator``.</doc>
<status status="PASS" start="2025-02-21T18:10:08.058854" elapsed="0.008066"/>
</kw>
<kw name="Remove String" owner="String">
<msg time="2025-02-21T18:10:08.067916" level="INFO">${elem} = 1599</msg>
<var>${elem}</var>
<arg>${elem}</arg>
<arg>$</arg>
<arg>.</arg>
<doc>Removes all ``removables`` from the given ``string``.</doc>
<status status="PASS" start="2025-02-21T18:10:08.066920" elapsed="0.000996"/>
</kw>
<kw name="Convert To Integer" owner="BuiltIn">
<msg time="2025-02-21T18:10:08.067916" level="INFO">${elem} = 1599</msg>
<var>${elem}</var>
<arg>${elem}</arg>
<doc>Converts the given item to an integer number.</doc>
<status status="PASS" start="2025-02-21T18:10:08.067916" elapsed="0.000000"/>
</kw>
<kw name="Append To List" owner="Collections">
<arg>${price}</arg>
<arg>${elem}</arg>
<doc>Adds ``values`` to the end of ``list``.</doc>
<status status="PASS" start="2025-02-21T18:10:08.069173" elapsed="0.001001"/>
</kw>
<var name="${i}">2</var>
<status status="PASS" start="2025-02-21T18:10:08.057856" elapsed="0.012318"/>
</iter>
<iter>
<kw name="Get Text" owner="SeleniumLibrary">
<msg time="2025-02-21T18:10:08.080639" level="INFO">${elem} = $49.99</msg>
<var>${elem}</var>
<arg>${item}[${i}]</arg>
<doc>Returns the text value of the element identified by ``locator``.</doc>
<status status="PASS" start="2025-02-21T18:10:08.071172" elapsed="0.009467"/>
</kw>
<kw name="Remove String" owner="String">
<msg time="2025-02-21T18:10:08.081639" level="INFO">${elem} = 4999</msg>
<var>${elem}</var>
<arg>${elem}</arg>
<arg>$</arg>
<arg>.</arg>
<doc>Removes all ``removables`` from the given ``string``.</doc>
<status status="PASS" start="2025-02-21T18:10:08.081639" elapsed="0.000000"/>
</kw>
<kw name="Convert To Integer" owner="BuiltIn">
<msg time="2025-02-21T18:10:08.082637" level="INFO">${elem} = 4999</msg>
<var>${elem}</var>
<arg>${elem}</arg>
<doc>Converts the given item to an integer number.</doc>
<status status="PASS" start="2025-02-21T18:10:08.082637" elapsed="0.000000"/>
</kw>
<kw name="Append To List" owner="Collections">
<arg>${price}</arg>
<arg>${elem}</arg>
<doc>Adds ``values`` to the end of ``list``.</doc>
<status status="PASS" start="2025-02-21T18:10:08.082637" elapsed="0.000000"/>
</kw>
<var name="${i}">3</var>
<status status="PASS" start="2025-02-21T18:10:08.071172" elapsed="0.012669"/>
</iter>
<iter>
<kw name="Get Text" owner="SeleniumLibrary">
<msg time="2025-02-21T18:10:08.093309" level="INFO">${elem} = $7.99</msg>
<var>${elem}</var>
<arg>${item}[${i}]</arg>
<doc>Returns the text value of the element identified by ``locator``.</doc>
<status status="PASS" start="2025-02-21T18:10:08.083841" elapsed="0.009468"/>
</kw>
<kw name="Remove String" owner="String">
<msg time="2025-02-21T18:10:08.094306" level="INFO">${elem} = 799</msg>
<var>${elem}</var>
<arg>${elem}</arg>
<arg>$</arg>
<arg>.</arg>
<doc>Removes all ``removables`` from the given ``string``.</doc>
<status status="PASS" start="2025-02-21T18:10:08.094306" elapsed="0.000000"/>
</kw>
<kw name="Convert To Integer" owner="BuiltIn">
<msg time="2025-02-21T18:10:08.094306" level="INFO">${elem} = 799</msg>
<var>${elem}</var>
<arg>${elem}</arg>
<doc>Converts the given item to an integer number.</doc>
<status status="PASS" start="2025-02-21T18:10:08.094306" elapsed="0.000000"/>
</kw>
<kw name="Append To List" owner="Collections">
<arg>${price}</arg>
<arg>${elem}</arg>
<doc>Adds ``values`` to the end of ``list``.</doc>
<status status="PASS" start="2025-02-21T18:10:08.095303" elapsed="0.000000"/>
</kw>
<var name="${i}">4</var>
<status status="PASS" start="2025-02-21T18:10:08.083841" elapsed="0.011462"/>
</iter>
<iter>
<kw name="Get Text" owner="SeleniumLibrary">
<msg time="2025-02-21T18:10:08.114143" level="INFO">${elem} = $15.99</msg>
<var>${elem}</var>
<arg>${item}[${i}]</arg>
<doc>Returns the text value of the element identified by ``locator``.</doc>
<status status="PASS" start="2025-02-21T18:10:08.095303" elapsed="0.018840"/>
</kw>
<kw name="Remove String" owner="String">
<msg time="2025-02-21T18:10:08.115228" level="INFO">${elem} = 1599</msg>
<var>${elem}</var>
<arg>${elem}</arg>
<arg>$</arg>
<arg>.</arg>
<doc>Removes all ``removables`` from the given ``string``.</doc>
<status status="PASS" start="2025-02-21T18:10:08.114143" elapsed="0.001085"/>
</kw>
<kw name="Convert To Integer" owner="BuiltIn">
<msg time="2025-02-21T18:10:08.115228" level="INFO">${elem} = 1599</msg>
<var>${elem}</var>
<arg>${elem}</arg>
<doc>Converts the given item to an integer number.</doc>
<status status="PASS" start="2025-02-21T18:10:08.115228" elapsed="0.000000"/>
</kw>
<kw name="Append To List" owner="Collections">
<arg>${price}</arg>
<arg>${elem}</arg>
<doc>Adds ``values`` to the end of ``list``.</doc>
<status status="PASS" start="2025-02-21T18:10:08.115228" elapsed="0.000998"/>
</kw>
<var name="${i}">5</var>
<status status="PASS" start="2025-02-21T18:10:08.095303" elapsed="0.020923"/>
</iter>
<var>${i}</var>
<value>6</value>
<status status="PASS" start="2025-02-21T18:10:08.031225" elapsed="0.085001"/>
</for>
<return>
<value>@{price}</value>
<status status="PASS" start="2025-02-21T18:10:08.116226" elapsed="0.000996"/>
</return>
<msg time="2025-02-21T18:10:08.117222" level="INFO">@{list_price} = [ 2999 | 999 | 1599 | 4999 | 799 | 1599 ]</msg>
<var>@{list_price}</var>
<status status="PASS" start="2025-02-21T18:10:08.014813" elapsed="0.102409"/>
</kw>
<kw name="Select From List By Value" owner="SeleniumLibrary">
<msg time="2025-02-21T18:10:08.118220" level="INFO">Selecting options from selection list 'xpath=//*[@class="product_sort_container"]' by value az.</msg>
<arg>${btn_sort}</arg>
<arg>${sort}</arg>
<doc>Selects options from selection list ``locator`` by ``values``.</doc>
<status status="PASS" start="2025-02-21T18:10:08.117222" elapsed="0.064453"/>
</kw>
<if>
<branch type="IF" condition="${sort=='az'}">
<kw name="Copy List" owner="Collections">
<msg time="2025-02-21T18:10:08.182753" level="INFO">@{oldlist} = [ Sauce Labs Backpack | Sauce Labs Bike Light | Sauce Labs Bolt T-Shirt | Sauce Labs Fleece Jacket | Sauce Labs Onesie | Test.allTheThings() T-Shirt (Red) ]</msg>
<var>@{oldlist}</var>
<arg>${list_name}</arg>
<doc>Returns a copy of the given list.</doc>
<status status="PASS" start="2025-02-21T18:10:08.182753" elapsed="0.000000"/>
</kw>
<kw name="Sort List" owner="Collections">
<arg>${list_name}</arg>
<doc>Sorts the given list in place.</doc>
<status status="PASS" start="2025-02-21T18:10:08.182753" elapsed="0.001110"/>
</kw>
<kw name="Lists Should Be Equal" owner="Collections">
<msg time="2025-02-21T18:10:08.183863" level="INFO">False</msg>
<arg>${list_name}</arg>
<arg>${oldlist}</arg>
<doc>Fails if given lists are unequal.</doc>
<status status="PASS" start="2025-02-21T18:10:08.183863" elapsed="0.000000"/>
</kw>
<status status="PASS" start="2025-02-21T18:10:08.181675" elapsed="0.002188"/>
</branch>
<branch type="ELSE IF" condition="${sort=='za'}">
<kw name="Copy List" owner="Collections">
<var>@{oldlist}</var>
<arg>${list_name}</arg>
<doc>Returns a copy of the given list.</doc>
<status status="NOT RUN" start="2025-02-21T18:10:08.184861" elapsed="0.000000"/>
</kw>
<kw name="Reverse List" owner="Collections">
<arg>${oldlist}</arg>
<doc>Reverses the given list in place.</doc>
<status status="NOT RUN" start="2025-02-21T18:10:08.184861" elapsed="0.000000"/>
</kw>
<kw name="GetAllitemName" owner="inventoryKeyword">
<var>@{Newlist}</var>
<status status="NOT RUN" start="2025-02-21T18:10:08.184861" elapsed="0.000000"/>
</kw>
<kw name="Lists Should Be Equal" owner="Collections">
<arg>${Newlist}</arg>
<arg>${oldlist}</arg>
<doc>Fails if given lists are unequal.</doc>
<status status="NOT RUN" start="2025-02-21T18:10:08.184861" elapsed="0.000997"/>
</kw>
<status status="NOT RUN" start="2025-02-21T18:10:08.184861" elapsed="0.000997"/>
</branch>
<status status="PASS" start="2025-02-21T18:10:08.181675" elapsed="0.004183"/>
</if>
<arg>az</arg>
<status status="PASS" start="2025-02-21T18:10:07.894855" elapsed="0.291003"/>
</kw>
<kw name="CheckList" owner="inventoryKeyword">
<kw name="GetAllitemName" owner="inventoryKeyword">
<kw name="Create List" owner="BuiltIn">
<msg time="2025-02-21T18:10:08.188850" level="INFO">@{name} = [ ]</msg>
<var>@{name}</var>
<doc>Returns a list containing given items.</doc>
<status status="PASS" start="2025-02-21T18:10:08.188850" elapsed="0.000000"/>
</kw>
<kw name="Get WebElements" owner="SeleniumLibrary">
<msg time="2025-02-21T18:10:08.211466" level="INFO">@{item} = [ &lt;selenium.webdriver.remote.webelement.WebElement (session="7f7747ec21620eda4f4ddd3d8bbc5b25", element="f.AF41731E255ED8CE8A10E9FC40D0A92F.d.801431AB5C57B9A35DC35A7AC3EC9F00.e.41")&gt; | &lt;selenium.webdr...</msg>
<var>@{item}</var>
<arg>xpath=//*[@class="inventory_item_name "]</arg>
<doc>Returns a list of WebElement objects matching the ``locator``.</doc>
<status status="PASS" start="2025-02-21T18:10:08.188850" elapsed="0.022616"/>
</kw>
<for flavor="IN RANGE">
<iter>
<kw name="Get Text" owner="SeleniumLibrary">
<msg time="2025-02-21T18:10:08.220800" level="INFO">${elem} = Sauce Labs Backpack</msg>
<var>${elem}</var>
<arg>${item}[${i}]</arg>
<doc>Returns the text value of the element identified by ``locator``.</doc>
<status status="PASS" start="2025-02-21T18:10:08.212467" elapsed="0.008333"/>
</kw>
<kw name="Append To List" owner="Collections">
<arg>${name}</arg>
<arg>${elem}</arg>
<doc>Adds ``values`` to the end of ``list``.</doc>
<status status="PASS" start="2025-02-21T18:10:08.220800" elapsed="0.000000"/>
</kw>
<var name="${i}">0</var>
<status status="PASS" start="2025-02-21T18:10:08.211466" elapsed="0.010437"/>
</iter>
<iter>
<kw name="Get Text" owner="SeleniumLibrary">
<msg time="2025-02-21T18:10:08.232693" level="INFO">${elem} = Sauce Labs Bike Light</msg>
<var>${elem}</var>
<arg>${item}[${i}]</arg>
<doc>Returns the text value of the element identified by ``locator``.</doc>
<status status="PASS" start="2025-02-21T18:10:08.221903" elapsed="0.010790"/>
</kw>
<kw name="Append To List" owner="Collections">
<arg>${name}</arg>
<arg>${elem}</arg>
<doc>Adds ``values`` to the end of ``list``.</doc>
<status status="PASS" start="2025-02-21T18:10:08.232693" elapsed="0.000000"/>
</kw>
<var name="${i}">1</var>
<status status="PASS" start="2025-02-21T18:10:08.221903" elapsed="0.010790"/>
</iter>
<iter>
<kw name="Get Text" owner="SeleniumLibrary">
<msg time="2025-02-21T18:10:08.242735" level="INFO">${elem} = Sauce Labs Bolt T-Shirt</msg>
<var>${elem}</var>
<arg>${item}[${i}]</arg>
<doc>Returns the text value of the element identified by ``locator``.</doc>
<status status="PASS" start="2025-02-21T18:10:08.233691" elapsed="0.009044"/>
</kw>
<kw name="Append To List" owner="Collections">
<arg>${name}</arg>
<arg>${elem}</arg>
<doc>Adds ``values`` to the end of ``list``.</doc>
<status status="PASS" start="2025-02-21T18:10:08.242735" elapsed="0.001235"/>
</kw>
<var name="${i}">2</var>
<status status="PASS" start="2025-02-21T18:10:08.232693" elapsed="0.011277"/>
</iter>
<iter>
<kw name="Get Text" owner="SeleniumLibrary">
<msg time="2025-02-21T18:10:08.252732" level="INFO">${elem} = Sauce Labs Fleece Jacket</msg>
<var>${elem}</var>
<arg>${item}[${i}]</arg>
<doc>Returns the text value of the element identified by ``locator``.</doc>
<status status="PASS" start="2025-02-21T18:10:08.243970" elapsed="0.008762"/>
</kw>
<kw name="Append To List" owner="Collections">
<arg>${name}</arg>
<arg>${elem}</arg>
<doc>Adds ``values`` to the end of ``list``.</doc>
<status status="PASS" start="2025-02-21T18:10:08.252732" elapsed="0.000998"/>
</kw>
<var name="${i}">3</var>
<status status="PASS" start="2025-02-21T18:10:08.243970" elapsed="0.009760"/>
</iter>
<iter>
<kw name="Get Text" owner="SeleniumLibrary">
<msg time="2025-02-21T18:10:08.267692" level="INFO">${elem} = Sauce Labs Onesie</msg>
<var>${elem}</var>
<arg>${item}[${i}]</arg>
<doc>Returns the text value of the element identified by ``locator``.</doc>
<status status="PASS" start="2025-02-21T18:10:08.253730" elapsed="0.013962"/>
</kw>
<kw name="Append To List" owner="Collections">
<arg>${name}</arg>
<arg>${elem}</arg>
<doc>Adds ``values`` to the end of ``list``.</doc>
<status status="PASS" start="2025-02-21T18:10:08.267692" elapsed="0.000000"/>
</kw>
<var name="${i}">4</var>
<status status="PASS" start="2025-02-21T18:10:08.253730" elapsed="0.013962"/>
</iter>
<iter>
<kw name="Get Text" owner="SeleniumLibrary">
<msg time="2025-02-21T18:10:08.285649" level="INFO">${elem} = Test.allTheThings() T-Shirt (Red)</msg>
<var>${elem}</var>
<arg>${item}[${i}]</arg>
<doc>Returns the text value of the element identified by ``locator``.</doc>
<status status="PASS" start="2025-02-21T18:10:08.268689" elapsed="0.016960"/>
</kw>
<kw name="Append To List" owner="Collections">
<arg>${name}</arg>
<arg>${elem}</arg>
<doc>Adds ``values`` to the end of ``list``.</doc>
<status status="PASS" start="2025-02-21T18:10:08.285649" elapsed="0.000000"/>
</kw>
<var name="${i}">5</var>
<status status="PASS" start="2025-02-21T18:10:08.268689" elapsed="0.016960"/>
</iter>
<var>${i}</var>
<value>6</value>
<status status="PASS" start="2025-02-21T18:10:08.211466" elapsed="0.075180"/>
</for>
<return>
<value>@{name}</value>
<status status="PASS" start="2025-02-21T18:10:08.286646" elapsed="0.000000"/>
</return>
<msg time="2025-02-21T18:10:08.286646" level="INFO">@{list_name} = [ Sauce Labs Backpack | Sauce Labs Bike Light | Sauce Labs Bolt T-Shirt | Sauce Labs Fleece Jacket | Sauce Labs Onesie | Test.allTheThings() T-Shirt (Red) ]</msg>
<var>@{list_name}</var>
<status status="PASS" start="2025-02-21T18:10:08.185858" elapsed="0.100788"/>
</kw>
<kw name="GetAllitemPrice" owner="inventoryKeyword">
<kw name="Create List" owner="BuiltIn">
<msg time="2025-02-21T18:10:08.287643" level="INFO">@{price} = [ ]</msg>
<var>@{price}</var>
<doc>Returns a list containing given items.</doc>
<status status="PASS" start="2025-02-21T18:10:08.287643" elapsed="0.000000"/>
</kw>
<kw name="Get WebElements" owner="SeleniumLibrary">
<msg time="2025-02-21T18:10:08.298556" level="INFO">@{item} = [ &lt;selenium.webdriver.remote.webelement.WebElement (session="7f7747ec21620eda4f4ddd3d8bbc5b25", element="f.AF41731E255ED8CE8A10E9FC40D0A92F.d.801431AB5C57B9A35DC35A7AC3EC9F00.e.47")&gt; | &lt;selenium.webdr...</msg>
<var>@{item}</var>
<arg>xpath=//*[@class="inventory_item_price"]</arg>
<doc>Returns a list of WebElement objects matching the ``locator``.</doc>
<status status="PASS" start="2025-02-21T18:10:08.287643" elapsed="0.010913"/>
</kw>
<for flavor="IN RANGE">
<iter>
<kw name="Get Text" owner="SeleniumLibrary">
<msg time="2025-02-21T18:10:08.311039" level="INFO">${elem} = $29.99</msg>
<var>${elem}</var>
<arg>${item}[${i}]</arg>
<doc>Returns the text value of the element identified by ``locator``.</doc>
<status status="PASS" start="2025-02-21T18:10:08.299553" elapsed="0.011486"/>
</kw>
<kw name="Remove String" owner="String">
<msg time="2025-02-21T18:10:08.311039" level="INFO">${elem} = 2999</msg>
<var>${elem}</var>
<arg>${elem}</arg>
<arg>$</arg>
<arg>.</arg>
<doc>Removes all ``removables`` from the given ``string``.</doc>
<status status="PASS" start="2025-02-21T18:10:08.311039" elapsed="0.000000"/>
</kw>
<kw name="Convert To Integer" owner="BuiltIn">
<msg time="2025-02-21T18:10:08.312038" level="INFO">${elem} = 2999</msg>
<var>${elem}</var>
<arg>${elem}</arg>
<doc>Converts the given item to an integer number.</doc>
<status status="PASS" start="2025-02-21T18:10:08.312038" elapsed="0.000000"/>
</kw>
<kw name="Append To List" owner="Collections">
<arg>${price}</arg>
<arg>${elem}</arg>
<doc>Adds ``values`` to the end of ``list``.</doc>
<status status="PASS" start="2025-02-21T18:10:08.312038" elapsed="0.000997"/>
</kw>
<var name="${i}">0</var>
<status status="PASS" start="2025-02-21T18:10:08.299553" elapsed="0.013482"/>
</iter>
<iter>
<kw name="Get Text" owner="SeleniumLibrary">
<msg time="2025-02-21T18:10:08.322166" level="INFO">${elem} = $9.99</msg>
<var>${elem}</var>
<arg>${item}[${i}]</arg>
<doc>Returns the text value of the element identified by ``locator``.</doc>
<status status="PASS" start="2025-02-21T18:10:08.314036" elapsed="0.008130"/>
</kw>
<kw name="Remove String" owner="String">
<msg time="2025-02-21T18:10:08.323163" level="INFO">${elem} = 999</msg>
<var>${elem}</var>
<arg>${elem}</arg>
<arg>$</arg>
<arg>.</arg>
<doc>Removes all ``removables`` from the given ``string``.</doc>
<status status="PASS" start="2025-02-21T18:10:08.322166" elapsed="0.000997"/>
</kw>
<kw name="Convert To Integer" owner="BuiltIn">
<msg time="2025-02-21T18:10:08.323163" level="INFO">${elem} = 999</msg>
<var>${elem}</var>
<arg>${elem}</arg>
<doc>Converts the given item to an integer number.</doc>
<status status="PASS" start="2025-02-21T18:10:08.323163" elapsed="0.000000"/>
</kw>
<kw name="Append To List" owner="Collections">
<arg>${price}</arg>
<arg>${elem}</arg>
<doc>Adds ``values`` to the end of ``list``.</doc>
<status status="PASS" start="2025-02-21T18:10:08.323163" elapsed="0.001042"/>
</kw>
<var name="${i}">1</var>
<status status="PASS" start="2025-02-21T18:10:08.313035" elapsed="0.011170"/>
</iter>
<iter>
<kw name="Get Text" owner="SeleniumLibrary">
<msg time="2025-02-21T18:10:08.339931" level="INFO">${elem} = $15.99</msg>
<var>${elem}</var>
<arg>${item}[${i}]</arg>
<doc>Returns the text value of the element identified by ``locator``.</doc>
<status status="PASS" start="2025-02-21T18:10:08.324205" elapsed="0.015726"/>
</kw>
<kw name="Remove String" owner="String">
<msg time="2025-02-21T18:10:08.341403" level="INFO">${elem} = 1599</msg>
<var>${elem}</var>
<arg>${elem}</arg>
<arg>$</arg>
<arg>.</arg>
<doc>Removes all ``removables`` from the given ``string``.</doc>
<status status="PASS" start="2025-02-21T18:10:08.339931" elapsed="0.001472"/>
</kw>
<kw name="Convert To Integer" owner="BuiltIn">
<msg time="2025-02-21T18:10:08.341403" level="INFO">${elem} = 1599</msg>
<var>${elem}</var>
<arg>${elem}</arg>
<doc>Converts the given item to an integer number.</doc>
<status status="PASS" start="2025-02-21T18:10:08.341403" elapsed="0.000000"/>
</kw>
<kw name="Append To List" owner="Collections">
<arg>${price}</arg>
<arg>${elem}</arg>
<doc>Adds ``values`` to the end of ``list``.</doc>
<status status="PASS" start="2025-02-21T18:10:08.341403" elapsed="0.001002"/>
</kw>
<var name="${i}">2</var>
<status status="PASS" start="2025-02-21T18:10:08.324205" elapsed="0.018200"/>
</iter>
<iter>
<kw name="Get Text" owner="SeleniumLibrary">
<msg time="2025-02-21T18:10:08.359038" level="INFO">${elem} = $49.99</msg>
<var>${elem}</var>
<arg>${item}[${i}]</arg>
<doc>Returns the text value of the element identified by ``locator``.</doc>
<status status="PASS" start="2025-02-21T18:10:08.342405" elapsed="0.016633"/>
</kw>
<kw name="Remove String" owner="String">
<msg time="2025-02-21T18:10:08.359038" level="INFO">${elem} = 4999</msg>
<var>${elem}</var>
<arg>${elem}</arg>
<arg>$</arg>
<arg>.</arg>
<doc>Removes all ``removables`` from the given ``string``.</doc>
<status status="PASS" start="2025-02-21T18:10:08.359038" elapsed="0.000000"/>
</kw>
<kw name="Convert To Integer" owner="BuiltIn">
<msg time="2025-02-21T18:10:08.360035" level="INFO">${elem} = 4999</msg>
<var>${elem}</var>
<arg>${elem}</arg>
<doc>Converts the given item to an integer number.</doc>
<status status="PASS" start="2025-02-21T18:10:08.359038" elapsed="0.000997"/>
</kw>
<kw name="Append To List" owner="Collections">
<arg>${price}</arg>
<arg>${elem}</arg>
<doc>Adds ``values`` to the end of ``list``.</doc>
<status status="PASS" start="2025-02-21T18:10:08.360035" elapsed="0.000000"/>
</kw>
<var name="${i}">3</var>
<status status="PASS" start="2025-02-21T18:10:08.342405" elapsed="0.017630"/>
</iter>
<iter>
<kw name="Get Text" owner="SeleniumLibrary">
<msg time="2025-02-21T18:10:08.371005" level="INFO">${elem} = $7.99</msg>
<var>${elem}</var>
<arg>${item}[${i}]</arg>
<doc>Returns the text value of the element identified by ``locator``.</doc>
<status status="PASS" start="2025-02-21T18:10:08.361032" elapsed="0.009973"/>
</kw>
<kw name="Remove String" owner="String">
<msg time="2025-02-21T18:10:08.371005" level="INFO">${elem} = 799</msg>
<var>${elem}</var>
<arg>${elem}</arg>
<arg>$</arg>
<arg>.</arg>
<doc>Removes all ``removables`` from the given ``string``.</doc>
<status status="PASS" start="2025-02-21T18:10:08.371005" elapsed="0.000000"/>
</kw>
<kw name="Convert To Integer" owner="BuiltIn">
<msg time="2025-02-21T18:10:08.372002" level="INFO">${elem} = 799</msg>
<var>${elem}</var>
<arg>${elem}</arg>
<doc>Converts the given item to an integer number.</doc>
<status status="PASS" start="2025-02-21T18:10:08.371005" elapsed="0.000997"/>
</kw>
<kw name="Append To List" owner="Collections">
<arg>${price}</arg>
<arg>${elem}</arg>
<doc>Adds ``values`` to the end of ``list``.</doc>
<status status="PASS" start="2025-02-21T18:10:08.372002" elapsed="0.000000"/>
</kw>
<var name="${i}">4</var>
<status status="PASS" start="2025-02-21T18:10:08.360035" elapsed="0.011967"/>
</iter>
<iter>
<kw name="Get Text" owner="SeleniumLibrary">
<msg time="2025-02-21T18:10:08.385969" level="INFO">${elem} = $15.99</msg>
<var>${elem}</var>
<arg>${item}[${i}]</arg>
<doc>Returns the text value of the element identified by ``locator``.</doc>
<status status="PASS" start="2025-02-21T18:10:08.373000" elapsed="0.012969"/>
</kw>
<kw name="Remove String" owner="String">
<msg time="2025-02-21T18:10:08.386968" level="INFO">${elem} = 1599</msg>
<var>${elem}</var>
<arg>${elem}</arg>
<arg>$</arg>
<arg>.</arg>
<doc>Removes all ``removables`` from the given ``string``.</doc>
<status status="PASS" start="2025-02-21T18:10:08.386968" elapsed="0.000000"/>
</kw>
<kw name="Convert To Integer" owner="BuiltIn">
<msg time="2025-02-21T18:10:08.387964" level="INFO">${elem} = 1599</msg>
<var>${elem}</var>
<arg>${elem}</arg>
<doc>Converts the given item to an integer number.</doc>
<status status="PASS" start="2025-02-21T18:10:08.386968" elapsed="0.000996"/>
</kw>
<kw name="Append To List" owner="Collections">
<arg>${price}</arg>
<arg>${elem}</arg>
<doc>Adds ``values`` to the end of ``list``.</doc>
<status status="PASS" start="2025-02-21T18:10:08.387964" elapsed="0.000000"/>
</kw>
<var name="${i}">5</var>
<status status="PASS" start="2025-02-21T18:10:08.373000" elapsed="0.014964"/>
</iter>
<var>${i}</var>
<value>6</value>
<status status="PASS" start="2025-02-21T18:10:08.298556" elapsed="0.089408"/>
</for>
<return>
<value>@{price}</value>
<status status="PASS" start="2025-02-21T18:10:08.387964" elapsed="0.000000"/>
</return>
<msg time="2025-02-21T18:10:08.388960" level="INFO">@{list_price} = [ 2999 | 999 | 1599 | 4999 | 799 | 1599 ]</msg>
<var>@{list_price}</var>
<status status="PASS" start="2025-02-21T18:10:08.286646" elapsed="0.102314"/>
</kw>
<kw name="Select From List By Value" owner="SeleniumLibrary">
<msg time="2025-02-21T18:10:08.389958" level="INFO">Selecting options from selection list 'xpath=//*[@class="product_sort_container"]' by value za.</msg>
<arg>${btn_sort}</arg>
<arg>${sort}</arg>
<doc>Selects options from selection list ``locator`` by ``values``.</doc>
<status status="PASS" start="2025-02-21T18:10:08.388960" elapsed="0.093456"/>
</kw>
<if>
<branch type="IF" condition="${sort=='az'}">
<kw name="Copy List" owner="Collections">
<var>@{oldlist}</var>
<arg>${list_name}</arg>
<doc>Returns a copy of the given list.</doc>
<status status="NOT RUN" start="2025-02-21T18:10:08.483413" elapsed="0.000000"/>
</kw>
<kw name="Sort List" owner="Collections">
<arg>${list_name}</arg>
<doc>Sorts the given list in place.</doc>
<status status="NOT RUN" start="2025-02-21T18:10:08.483413" elapsed="0.000000"/>
</kw>
<kw name="Lists Should Be Equal" owner="Collections">
<arg>${list_name}</arg>
<arg>${oldlist}</arg>
<doc>Fails if given lists are unequal.</doc>
<status status="NOT RUN" start="2025-02-21T18:10:08.483413" elapsed="0.000000"/>
</kw>
<status status="NOT RUN" start="2025-02-21T18:10:08.482416" elapsed="0.000997"/>
</branch>
<branch type="ELSE IF" condition="${sort=='za'}">
<kw name="Copy List" owner="Collections">
<msg time="2025-02-21T18:10:08.484410" level="INFO">@{oldlist} = [ Sauce Labs Backpack | Sauce Labs Bike Light | Sauce Labs Bolt T-Shirt | Sauce Labs Fleece Jacket | Sauce Labs Onesie | Test.allTheThings() T-Shirt (Red) ]</msg>
<var>@{oldlist}</var>
<arg>${list_name}</arg>
<doc>Returns a copy of the given list.</doc>
<status status="PASS" start="2025-02-21T18:10:08.484410" elapsed="0.000998"/>
</kw>
<kw name="Reverse List" owner="Collections">
<arg>${oldlist}</arg>
<doc>Reverses the given list in place.</doc>
<status status="PASS" start="2025-02-21T18:10:08.485408" elapsed="0.000000"/>
</kw>
<kw name="GetAllitemName" owner="inventoryKeyword">
<kw name="Create List" owner="BuiltIn">
<msg time="2025-02-21T18:10:08.486405" level="INFO">@{name} = [ ]</msg>
<var>@{name}</var>
<doc>Returns a list containing given items.</doc>
<status status="PASS" start="2025-02-21T18:10:08.486405" elapsed="0.000000"/>
</kw>
<kw name="Get WebElements" owner="SeleniumLibrary">
<msg time="2025-02-21T18:10:08.495889" level="INFO">@{item} = [ &lt;selenium.webdriver.remote.webelement.WebElement (session="7f7747ec21620eda4f4ddd3d8bbc5b25", element="f.AF41731E255ED8CE8A10E9FC40D0A92F.d.801431AB5C57B9A35DC35A7AC3EC9F00.e.46")&gt; | &lt;selenium.webdr...</msg>
<var>@{item}</var>
<arg>xpath=//*[@class="inventory_item_name "]</arg>
<doc>Returns a list of WebElement objects matching the ``locator``.</doc>
<status status="PASS" start="2025-02-21T18:10:08.486405" elapsed="0.009484"/>
</kw>
<for flavor="IN RANGE">
<iter>
<kw name="Get Text" owner="SeleniumLibrary">
<msg time="2025-02-21T18:10:08.507184" level="INFO">${elem} = Test.allTheThings() T-Shirt (Red)</msg>
<var>${elem}</var>
<arg>${item}[${i}]</arg>
<doc>Returns the text value of the element identified by ``locator``.</doc>
<status status="PASS" start="2025-02-21T18:10:08.496886" elapsed="0.011294"/>
</kw>
<kw name="Append To List" owner="Collections">
<arg>${name}</arg>
<arg>${elem}</arg>
<doc>Adds ``values`` to the end of ``list``.</doc>
<status status="PASS" start="2025-02-21T18:10:08.508180" elapsed="0.000000"/>
</kw>
<var name="${i}">0</var>
<status status="PASS" start="2025-02-21T18:10:08.496886" elapsed="0.012291"/>
</iter>
<iter>
<kw name="Get Text" owner="SeleniumLibrary">
<msg time="2025-02-21T18:10:08.522997" level="INFO">${elem} = Sauce Labs Onesie</msg>
<var>${elem}</var>
<arg>${item}[${i}]</arg>
<doc>Returns the text value of the element identified by ``locator``.</doc>
<status status="PASS" start="2025-02-21T18:10:08.509177" elapsed="0.013820"/>
</kw>
<kw name="Append To List" owner="Collections">
<arg>${name}</arg>
<arg>${elem}</arg>
<doc>Adds ``values`` to the end of ``list``.</doc>
<status status="PASS" start="2025-02-21T18:10:08.522997" elapsed="0.001065"/>
</kw>
<var name="${i}">1</var>
<status status="PASS" start="2025-02-21T18:10:08.509177" elapsed="0.014885"/>
</iter>
<iter>
<kw name="Get Text" owner="SeleniumLibrary">
<msg time="2025-02-21T18:10:08.545036" level="INFO">${elem} = Sauce Labs Fleece Jacket</msg>
<var>${elem}</var>
<arg>${item}[${i}]</arg>
<doc>Returns the text value of the element identified by ``locator``.</doc>
<status status="PASS" start="2025-02-21T18:10:08.524062" elapsed="0.020974"/>
</kw>
<kw name="Append To List" owner="Collections">
<arg>${name}</arg>
<arg>${elem}</arg>
<doc>Adds ``values`` to the end of ``list``.</doc>
<status status="PASS" start="2025-02-21T18:10:08.545036" elapsed="0.001018"/>
</kw>
<var name="${i}">2</var>
<status status="PASS" start="2025-02-21T18:10:08.524062" elapsed="0.021992"/>
</iter>
<iter>
<kw name="Get Text" owner="SeleniumLibrary">
<msg time="2025-02-21T18:10:08.578022" level="INFO">${elem} = Sauce Labs Bolt T-Shirt</msg>
<var>${elem}</var>
<arg>${item}[${i}]</arg>
<doc>Returns the text value of the element identified by ``locator``.</doc>
<status status="PASS" start="2025-02-21T18:10:08.546054" elapsed="0.031968"/>
</kw>
<kw name="Append To List" owner="Collections">
<arg>${name}</arg>
<arg>${elem}</arg>
<doc>Adds ``values`` to the end of ``list``.</doc>
<status status="PASS" start="2025-02-21T18:10:08.578022" elapsed="0.001204"/>
</kw>
<var name="${i}">3</var>
<status status="PASS" start="2025-02-21T18:10:08.546054" elapsed="0.033172"/>
</iter>
<iter>
<kw name="Get Text" owner="SeleniumLibrary">
<msg time="2025-02-21T18:10:08.588598" level="INFO">${elem} = Sauce Labs Bike Light</msg>
<var>${elem}</var>
<arg>${item}[${i}]</arg>
<doc>Returns the text value of the element identified by ``locator``.</doc>
<status status="PASS" start="2025-02-21T18:10:08.579226" elapsed="0.009372"/>
</kw>
<kw name="Append To List" owner="Collections">
<arg>${name}</arg>
<arg>${elem}</arg>
<doc>Adds ``values`` to the end of ``list``.</doc>
<status status="PASS" start="2025-02-21T18:10:08.588598" elapsed="0.000000"/>
</kw>
<var name="${i}">4</var>
<status status="PASS" start="2025-02-21T18:10:08.579226" elapsed="0.009372"/>
</iter>
<iter>
<kw name="Get Text" owner="SeleniumLibrary">
<msg time="2025-02-21T18:10:08.598087" level="INFO">${elem} = Sauce Labs Backpack</msg>
<var>${elem}</var>
<arg>${item}[${i}]</arg>
<doc>Returns the text value of the element identified by ``locator``.</doc>
<status status="PASS" start="2025-02-21T18:10:08.588598" elapsed="0.009489"/>
</kw>
<kw name="Append To List" owner="Collections">
<arg>${name}</arg>
<arg>${elem}</arg>
<doc>Adds ``values`` to the end of ``list``.</doc>
<status status="PASS" start="2025-02-21T18:10:08.598087" elapsed="0.000000"/>
</kw>
<var name="${i}">5</var>
<status status="PASS" start="2025-02-21T18:10:08.588598" elapsed="0.010604"/>
</iter>
<var>${i}</var>
<value>6</value>
<status status="PASS" start="2025-02-21T18:10:08.495889" elapsed="0.103313"/>
</for>
<return>
<value>@{name}</value>
<status status="PASS" start="2025-02-21T18:10:08.599202" elapsed="0.000000"/>
</return>
<msg time="2025-02-21T18:10:08.599202" level="INFO">@{Newlist} = [ Test.allTheThings() T-Shirt (Red) | Sauce Labs Onesie | Sauce Labs Fleece Jacket | Sauce Labs Bolt T-Shirt | Sauce Labs Bike Light | Sauce Labs Backpack ]</msg>
<var>@{Newlist}</var>
<status status="PASS" start="2025-02-21T18:10:08.485408" elapsed="0.113794"/>
</kw>
<kw name="Lists Should Be Equal" owner="Collections">
<msg time="2025-02-21T18:10:08.599202" level="INFO">False</msg>
<arg>${Newlist}</arg>
<arg>${oldlist}</arg>
<doc>Fails if given lists are unequal.</doc>
<status status="PASS" start="2025-02-21T18:10:08.599202" elapsed="0.000000"/>
</kw>
<status status="PASS" start="2025-02-21T18:10:08.483413" elapsed="0.116814"/>
</branch>
<status status="PASS" start="2025-02-21T18:10:08.482416" elapsed="0.117811"/>
</if>
<arg>za</arg>
<status status="PASS" start="2025-02-21T18:10:08.185858" elapsed="0.414369"/>
</kw>
<status status="PASS" start="2025-02-21T18:10:04.319450" elapsed="4.280777"/>
</test>
<test id="s1-s1-t6" name="AddTocart" line="37">
<kw name="NormalUser" owner="inventoryKeyword" type="SETUP">
<kw name="OpenSite" owner="loginKeyword">
<kw name="Open Browser" owner="SeleniumLibrary">
<msg time="2025-02-21T18:10:08.602657" level="INFO">Opening browser 'headlesschrome' to base url 'https://www.saucedemo.com/'.</msg>
<arg>${url}</arg>
<arg>${browser}</arg>
<doc>Opens a new browser instance to the optional ``url``.</doc>
<status status="PASS" start="2025-02-21T18:10:08.601230" elapsed="2.374945"/>
</kw>
<status status="PASS" start="2025-02-21T18:10:08.601230" elapsed="2.375943"/>
</kw>
<kw name="LoginSuccess" owner="loginKeyword">
<kw name="Login" owner="loginKeyword">
<kw name="Wait Until Element Is Visible" owner="SeleniumLibrary">
<arg>${login_username}</arg>
<doc>Waits until the element ``locator`` is visible.</doc>
<status status="PASS" start="2025-02-21T18:10:10.978170" elapsed="0.035153"/>
</kw>
<kw name="Input Text" owner="SeleniumLibrary">
<msg time="2025-02-21T18:10:11.014480" level="INFO">Typing text 'standard_user' into text field 'id=user-name'.</msg>
<arg>${login_username}</arg>
<arg>${username}</arg>
<doc>Types the given ``text`` into the text field identified by ``locator``.</doc>
<status status="PASS" start="2025-02-21T18:10:11.014480" elapsed="0.126760"/>
</kw>
<kw name="Input Text" owner="SeleniumLibrary">
<msg time="2025-02-21T18:10:11.141240" level="INFO">Typing text 'secret_sauce' into text field 'id=password'.</msg>
<arg>${login_password}</arg>
<arg>${password}</arg>
<doc>Types the given ``text`` into the text field identified by ``locator``.</doc>
<status status="PASS" start="2025-02-21T18:10:11.141240" elapsed="0.108812"/>
</kw>
<kw name="Click Element" owner="SeleniumLibrary">
<msg time="2025-02-21T18:10:11.251074" level="INFO">Clicking element 'id=login-button'.</msg>
<arg>${login_button}</arg>
<doc>Click the element identified by ``locator``.</doc>
<status status="PASS" start="2025-02-21T18:10:11.251074" elapsed="0.157829"/>
</kw>
<arg>${username}</arg>
<arg>secret_sauce</arg>
<status status="PASS" start="2025-02-21T18:10:10.977173" elapsed="0.432727"/>
</kw>
<kw name="Wait Until Page Contains" owner="SeleniumLibrary">
<arg>Products</arg>
<doc>Waits until ``text`` appears on the current page.</doc>
<status status="PASS" start="2025-02-21T18:10:11.409900" elapsed="0.029809"/>
</kw>
<arg>standard_user</arg>
<status status="PASS" start="2025-02-21T18:10:10.977173" elapsed="0.463775"/>
</kw>
<kw name="Wait Until Page Contains" owner="SeleniumLibrary">
<arg>Swag Labs</arg>
<doc>Waits until ``text`` appears on the current page.</doc>
<status status="PASS" start="2025-02-21T18:10:11.440948" elapsed="0.014424"/>
</kw>
<status status="PASS" start="2025-02-21T18:10:08.601230" elapsed="2.854142"/>
</kw>
<kw name="GetitemBtn" owner="inventoryKeyword">
<kw name="Wait Until Page Contains" owner="SeleniumLibrary">
<arg>Swag</arg>
<doc>Waits until ``text`` appears on the current page.</doc>
<status status="PASS" start="2025-02-21T18:10:11.455372" elapsed="0.021765"/>
</kw>
<kw name="Get WebElements" owner="SeleniumLibrary">
<msg time="2025-02-21T18:10:11.491099" level="INFO">@{add_to_cart} = [ &lt;selenium.webdriver.remote.webelement.WebElement (session="86e72e09ed00c6f4deebe9101225253a", element="f.2DD9E8FC312E2E8F691E189534D3D2EE.d.C90D9718E7B310011FCC5FD7FC09AA11.e.41")&gt; | &lt;selenium.webdr...</msg>
<var>@{add_to_cart}</var>
<arg>xpath=//*[@class="btn btn_primary btn_small btn_inventory "]</arg>
<doc>Returns a list of WebElement objects matching the ``locator``.</doc>
<status status="PASS" start="2025-02-21T18:10:11.477137" elapsed="0.013962"/>
</kw>
<kw name="Click Element" owner="SeleniumLibrary">
<msg time="2025-02-21T18:10:11.492097" level="INFO">Clicking element '&lt;selenium.webdriver.remote.webelement.WebElement (session="86e72e09ed00c6f4deebe9101225253a", element="f.2DD9E8FC312E2E8F691E189534D3D2EE.d.C90D9718E7B310011FCC5FD7FC09AA11.e.42")&gt;'.</msg>
<arg>${add_to_cart}[${item}]</arg>
<doc>Click the element identified by ``locator``.</doc>
<status status="PASS" start="2025-02-21T18:10:11.492097" elapsed="0.061810"/>
</kw>
<arg>1</arg>
<status status="PASS" start="2025-02-21T18:10:11.455372" elapsed="0.098535"/>
</kw>
<kw name="GetitemBtn" owner="inventoryKeyword">
<kw name="Wait Until Page Contains" owner="SeleniumLibrary">
<arg>Swag</arg>
<doc>Waits until ``text`` appears on the current page.</doc>
<status status="PASS" start="2025-02-21T18:10:11.553907" elapsed="0.008207"/>
</kw>
<kw name="Get WebElements" owner="SeleniumLibrary">
<msg time="2025-02-21T18:10:11.569333" level="INFO">@{add_to_cart} = [ &lt;selenium.webdriver.remote.webelement.WebElement (session="86e72e09ed00c6f4deebe9101225253a", element="f.2DD9E8FC312E2E8F691E189534D3D2EE.d.C90D9718E7B310011FCC5FD7FC09AA11.e.41")&gt; | &lt;selenium.webdr...</msg>
<var>@{add_to_cart}</var>
<arg>xpath=//*[@class="btn btn_primary btn_small btn_inventory "]</arg>
<doc>Returns a list of WebElement objects matching the ``locator``.</doc>
<status status="PASS" start="2025-02-21T18:10:11.562114" elapsed="0.007219"/>
</kw>
<kw name="Click Element" owner="SeleniumLibrary">
<msg time="2025-02-21T18:10:11.570334" level="INFO">Clicking element '&lt;selenium.webdriver.remote.webelement.WebElement (session="86e72e09ed00c6f4deebe9101225253a", element="f.2DD9E8FC312E2E8F691E189534D3D2EE.d.C90D9718E7B310011FCC5FD7FC09AA11.e.44")&gt;'.</msg>
<arg>${add_to_cart}[${item}]</arg>
<doc>Click the element identified by ``locator``.</doc>
<status status="PASS" start="2025-02-21T18:10:11.569333" elapsed="0.039379"/>
</kw>
<arg>2</arg>
<status status="PASS" start="2025-02-21T18:10:11.553907" elapsed="0.054805"/>
</kw>
<status status="PASS" start="2025-02-21T18:10:08.600227" elapsed="3.008485"/>
</test>
<test id="s1-s1-t7" name="RemoveFromCart" line="40">
<kw name="NormalUser" owner="inventoryKeyword" type="SETUP">
<kw name="OpenSite" owner="loginKeyword">
<kw name="Open Browser" owner="SeleniumLibrary">
<msg time="2025-02-21T18:10:11.610746" level="INFO">Opening browser 'headlesschrome' to base url 'https://www.saucedemo.com/'.</msg>
<arg>${url}</arg>
<arg>${browser}</arg>
<doc>Opens a new browser instance to the optional ``url``.</doc>
<status status="PASS" start="2025-02-21T18:10:11.609729" elapsed="2.326434"/>
</kw>
<status status="PASS" start="2025-02-21T18:10:11.609729" elapsed="2.326434"/>
</kw>
<kw name="LoginSuccess" owner="loginKeyword">
<kw name="Login" owner="loginKeyword">
<kw name="Wait Until Element Is Visible" owner="SeleniumLibrary">
<arg>${login_username}</arg>
<doc>Waits until the element ``locator`` is visible.</doc>
<status status="PASS" start="2025-02-21T18:10:13.938157" elapsed="0.505673"/>
</kw>
<kw name="Input Text" owner="SeleniumLibrary">
<msg time="2025-02-21T18:10:14.443830" level="INFO">Typing text 'standard_user' into text field 'id=user-name'.</msg>
<arg>${login_username}</arg>
<arg>${username}</arg>
<doc>Types the given ``text`` into the text field identified by ``locator``.</doc>
<status status="PASS" start="2025-02-21T18:10:14.443830" elapsed="0.462960"/>
</kw>
<kw name="Input Text" owner="SeleniumLibrary">
<msg time="2025-02-21T18:10:14.907787" level="INFO">Typing text 'secret_sauce' into text field 'id=password'.</msg>
<arg>${login_password}</arg>
<arg>${password}</arg>
<doc>Types the given ``text`` into the text field identified by ``locator``.</doc>
<status status="PASS" start="2025-02-21T18:10:14.906790" elapsed="0.164651"/>
</kw>
<kw name="Click Element" owner="SeleniumLibrary">
<msg time="2025-02-21T18:10:15.072439" level="INFO">Clicking element 'id=login-button'.</msg>
<arg>${login_button}</arg>
<doc>Click the element identified by ``locator``.</doc>
<status status="PASS" start="2025-02-21T18:10:15.072439" elapsed="0.166374"/>
</kw>
<arg>${username}</arg>
<arg>secret_sauce</arg>
<status status="PASS" start="2025-02-21T18:10:13.937159" elapsed="1.301654"/>
</kw>
<kw name="Wait Until Page Contains" owner="SeleniumLibrary">
<arg>Products</arg>
<doc>Waits until ``text`` appears on the current page.</doc>
<status status="PASS" start="2025-02-21T18:10:15.238813" elapsed="0.037922"/>
</kw>
<arg>standard_user</arg>
<status status="PASS" start="2025-02-21T18:10:13.936163" elapsed="1.340572"/>
</kw>
<kw name="Wait Until Page Contains" owner="SeleniumLibrary">
<arg>Swag Labs</arg>
<doc>Waits until ``text`` appears on the current page.</doc>
<status status="PASS" start="2025-02-21T18:10:15.276735" elapsed="0.022938"/>
</kw>
<status status="PASS" start="2025-02-21T18:10:11.609729" elapsed="3.689944"/>
</kw>
<kw name="GetitemBtn" owner="inventoryKeyword">
<kw name="Wait Until Page Contains" owner="SeleniumLibrary">
<arg>Swag</arg>
<doc>Waits until ``text`` appears on the current page.</doc>
<status status="PASS" start="2025-02-21T18:10:15.300671" elapsed="0.019947"/>
</kw>
<kw name="Get WebElements" owner="SeleniumLibrary">
<msg time="2025-02-21T18:10:15.356050" level="INFO">@{add_to_cart} = [ &lt;selenium.webdriver.remote.webelement.WebElement (session="d1face30ff44b30487fed158fb61d2ce", element="f.CD9B294ED265D42521716CB803DE6727.d.AC2BDF270D52B85AAE650F3BB05EBEA7.e.41")&gt; | &lt;selenium.webdr...</msg>
<var>@{add_to_cart}</var>
<arg>xpath=//*[@class="btn btn_primary btn_small btn_inventory "]</arg>
<doc>Returns a list of WebElement objects matching the ``locator``.</doc>
<status status="PASS" start="2025-02-21T18:10:15.320618" elapsed="0.035432"/>
</kw>
<kw name="Click Element" owner="SeleniumLibrary">
<msg time="2025-02-21T18:10:15.357046" level="INFO">Clicking element '&lt;selenium.webdriver.remote.webelement.WebElement (session="d1face30ff44b30487fed158fb61d2ce", element="f.CD9B294ED265D42521716CB803DE6727.d.AC2BDF270D52B85AAE650F3BB05EBEA7.e.42")&gt;'.</msg>
<arg>${add_to_cart}[${item}]</arg>
<doc>Click the element identified by ``locator``.</doc>
<status status="PASS" start="2025-02-21T18:10:15.357046" elapsed="0.076901"/>
</kw>
<arg>1</arg>
<status status="PASS" start="2025-02-21T18:10:15.299673" elapsed="0.134274"/>
</kw>
<kw name="GetitemBtn" owner="inventoryKeyword">
<kw name="Wait Until Page Contains" owner="SeleniumLibrary">
<arg>Swag</arg>
<doc>Waits until ``text`` appears on the current page.</doc>
<status status="PASS" start="2025-02-21T18:10:15.434944" elapsed="0.007803"/>
</kw>
<kw name="Get WebElements" owner="SeleniumLibrary">
<msg time="2025-02-21T18:10:15.466762" level="INFO">@{add_to_cart} = [ &lt;selenium.webdriver.remote.webelement.WebElement (session="d1face30ff44b30487fed158fb61d2ce", element="f.CD9B294ED265D42521716CB803DE6727.d.AC2BDF270D52B85AAE650F3BB05EBEA7.e.41")&gt; | &lt;selenium.webdr...</msg>
<var>@{add_to_cart}</var>
<arg>xpath=//*[@class="btn btn_primary btn_small btn_inventory "]</arg>
<doc>Returns a list of WebElement objects matching the ``locator``.</doc>
<status status="PASS" start="2025-02-21T18:10:15.443777" elapsed="0.022985"/>
</kw>
<kw name="Click Element" owner="SeleniumLibrary">
<msg time="2025-02-21T18:10:15.467758" level="INFO">Clicking element '&lt;selenium.webdriver.remote.webelement.WebElement (session="d1face30ff44b30487fed158fb61d2ce", element="f.CD9B294ED265D42521716CB803DE6727.d.AC2BDF270D52B85AAE650F3BB05EBEA7.e.44")&gt;'.</msg>
<arg>${add_to_cart}[${item}]</arg>
<doc>Click the element identified by ``locator``.</doc>
<status status="PASS" start="2025-02-21T18:10:15.467758" elapsed="0.119226"/>
</kw>
<arg>2</arg>
<status status="PASS" start="2025-02-21T18:10:15.433947" elapsed="0.153037"/>
</kw>
<kw name="RemoveitemBtn" owner="inventoryKeyword">
<kw name="Get WebElements" owner="SeleniumLibrary">
<msg time="2025-02-21T18:10:15.602942" level="INFO">@{remove_from_cart} = [ &lt;selenium.webdriver.remote.webelement.WebElement (session="d1face30ff44b30487fed158fb61d2ce", element="f.CD9B294ED265D42521716CB803DE6727.d.AC2BDF270D52B85AAE650F3BB05EBEA7.e.48")&gt; | &lt;selenium.webdr...</msg>
<var>@{remove_from_cart}</var>
<arg>xpath=//*[@class="btn btn_secondary btn_small btn_inventory "]</arg>
<doc>Returns a list of WebElement objects matching the ``locator``.</doc>
<status status="PASS" start="2025-02-21T18:10:15.587982" elapsed="0.014960"/>
</kw>
<kw name="Click Element" owner="SeleniumLibrary">
<msg time="2025-02-21T18:10:15.602942" level="INFO">Clicking element '&lt;selenium.webdriver.remote.webelement.WebElement (session="d1face30ff44b30487fed158fb61d2ce", element="f.CD9B294ED265D42521716CB803DE6727.d.AC2BDF270D52B85AAE650F3BB05EBEA7.e.48")&gt;'.</msg>
<arg>${remove_from_cart}[${item}]</arg>
<doc>Click the element identified by ``locator``.</doc>
<status status="PASS" start="2025-02-21T18:10:15.602942" elapsed="0.070649"/>
</kw>
<arg>0</arg>
<status status="PASS" start="2025-02-21T18:10:15.586984" elapsed="0.086607"/>
</kw>
<kw name="RemoveitemBtn" owner="inventoryKeyword">
<kw name="Get WebElements" owner="SeleniumLibrary">
<msg time="2025-02-21T18:10:15.681447" level="INFO">@{remove_from_cart} = [ &lt;selenium.webdriver.remote.webelement.WebElement (session="d1face30ff44b30487fed158fb61d2ce", element="f.CD9B294ED265D42521716CB803DE6727.d.AC2BDF270D52B85AAE650F3BB05EBEA7.e.49")&gt; ]</msg>
<var>@{remove_from_cart}</var>
<arg>xpath=//*[@class="btn btn_secondary btn_small btn_inventory "]</arg>
<doc>Returns a list of WebElement objects matching the ``locator``.</doc>
<status status="PASS" start="2025-02-21T18:10:15.674590" elapsed="0.006857"/>
</kw>
<kw name="Click Element" owner="SeleniumLibrary">
<msg time="2025-02-21T18:10:15.681447" level="INFO">Clicking element '&lt;selenium.webdriver.remote.webelement.WebElement (session="d1face30ff44b30487fed158fb61d2ce", element="f.CD9B294ED265D42521716CB803DE6727.d.AC2BDF270D52B85AAE650F3BB05EBEA7.e.49")&gt;'.</msg>
<arg>${remove_from_cart}[${item}]</arg>
<doc>Click the element identified by ``locator``.</doc>
<status status="PASS" start="2025-02-21T18:10:15.681447" elapsed="0.051707"/>
</kw>
<arg>0</arg>
<status status="PASS" start="2025-02-21T18:10:15.673591" elapsed="0.059563"/>
</kw>
<status status="PASS" start="2025-02-21T18:10:11.608712" elapsed="4.124442"/>
</test>
<status status="PASS" start="2025-02-21T18:09:41.597365" elapsed="34.136891"/>
</suite>
<status status="PASS" start="2025-02-21T18:09:41.582651" elapsed="34.151605"/>
</suite>
<statistics>
<total>
<stat pass="7" fail="0" skip="0">All Tests</stat>
</total>
<tag>
</tag>
<suite>
<stat pass="7" fail="0" skip="0" id="s1" name="Suites">Suites</stat>
<stat pass="7" fail="0" skip="0" id="s1-s1" name="02 Inventory">Suites.02 Inventory</stat>
</suite>
</statistics>
<errors>
</errors>
</robot>
