<?xml version="1.0" encoding="UTF-8"?>
<robot generator="Rebot 7.0 (Python 3.12.4 on win32)" generated="2025-02-21T18:11:25.152680" rpa="false" schemaversion="5">
<suite id="s1" name="Suites">
<suite id="s1-s1" name="01 Login" source="C:\Users\Winner\Automate\TestingSomething\Awesome_site to_test_on\saucedemo\TestCase\01 login.robot">
<test id="s1-s1-t1" name="LoginUserRequired" line="10">
<kw name="OpenSite" owner="loginKeyword" type="SETUP">
<kw name="Open Browser" owner="SeleniumLibrary">
<msg time="2025-02-21T18:09:41.782503" level="INFO">Opening browser 'headlesschrome' to base url 'https://www.saucedemo.com/'.</msg>
<arg>${url}</arg>
<arg>${browser}</arg>
<doc>Opens a new browser instance to the optional ``url``.</doc>
<status status="PASS" start="2025-02-21T18:09:41.781506" elapsed="3.160580"/>
</kw>
<status status="PASS" start="2025-02-21T18:09:41.781506" elapsed="3.161578"/>
</kw>
<kw name="Login" owner="loginKeyword">
<kw name="Wait Until Element Is Visible" owner="SeleniumLibrary">
<arg>${login_username}</arg>
<doc>Waits until the element ``locator`` is visible.</doc>
<status status="PASS" start="2025-02-21T18:09:44.944082" elapsed="0.046789"/>
</kw>
<kw name="Input Text" owner="SeleniumLibrary">
<msg time="2025-02-21T18:09:44.990871" level="INFO">Typing text '' into text field 'id=user-name'.</msg>
<arg>${login_username}</arg>
<arg>${username}</arg>
<doc>Types the given ``text`` into the text field identified by ``locator``.</doc>
<status status="PASS" start="2025-02-21T18:09:44.990871" elapsed="0.183020"/>
</kw>
<kw name="Input Text" owner="SeleniumLibrary">
<msg time="2025-02-21T18:09:45.174892" level="INFO">Typing text '1234' into text field 'id=password'.</msg>
<arg>${login_password}</arg>
<arg>${password}</arg>
<doc>Types the given ``text`` into the text field identified by ``locator``.</doc>
<status status="PASS" start="2025-02-21T18:09:45.173891" elapsed="0.150038"/>
</kw>
<kw name="Click Element" owner="SeleniumLibrary">
<msg time="2025-02-21T18:09:45.324931" level="INFO">Clicking element 'id=login-button'.</msg>
<arg>${login_button}</arg>
<doc>Click the element identified by ``locator``.</doc>
<status status="PASS" start="2025-02-21T18:09:45.323929" elapsed="0.153310"/>
</kw>
<arg>${EMPTY}</arg>
<arg>1234</arg>
<status status="PASS" start="2025-02-21T18:09:44.943084" elapsed="0.534155"/>
</kw>
<kw name="ErrorMessageCheck" owner="loginKeyword">
<kw name="Element Should Be Visible" owner="SeleniumLibrary">
<msg time="2025-02-21T18:09:45.519192" level="INFO">Element 'xpath=//*[@data-test="error"]' is displayed.</msg>
<arg>${login_error_message}</arg>
<doc>Verifies that the element identified by ``locator`` is visible.</doc>
<status status="PASS" start="2025-02-21T18:09:45.478237" elapsed="0.040955"/>
</kw>
<kw name="Element Should Contain" owner="SeleniumLibrary">
<msg time="2025-02-21T18:09:45.557341" level="INFO">Element 'xpath=//*[@data-test="error"]' contains text 'Username is required'.</msg>
<arg>${login_error_message}</arg>
<arg>${msg}</arg>
<doc>Verifies that element ``locator`` contains text ``expected``.</doc>
<status status="PASS" start="2025-02-21T18:09:45.519192" elapsed="0.038149"/>
</kw>
<arg>Username is required</arg>
<status status="PASS" start="2025-02-21T18:09:45.477239" elapsed="0.080102"/>
</kw>
<kw name="Close Browser" owner="SeleniumLibrary" type="TEARDOWN">
<doc>Closes the current browser.</doc>
<status status="PASS" start="2025-02-21T18:09:45.558339" elapsed="2.364294"/>
</kw>
<status status="PASS" start="2025-02-21T18:09:41.780509" elapsed="6.142124"/>
</test>
<test id="s1-s1-t2" name="LoginPasswordRequired" line="13">
<kw name="OpenSite" owner="loginKeyword" type="SETUP">
<kw name="Open Browser" owner="SeleniumLibrary">
<msg time="2025-02-21T18:09:47.925624" level="INFO">Opening browser 'headlesschrome' to base url 'https://www.saucedemo.com/'.</msg>
<arg>${url}</arg>
<arg>${browser}</arg>
<doc>Opens a new browser instance to the optional ``url``.</doc>
<status status="PASS" start="2025-02-21T18:09:47.924627" elapsed="2.431933"/>
</kw>
<status status="PASS" start="2025-02-21T18:09:47.924627" elapsed="2.431933"/>
</kw>
<kw name="Login" owner="loginKeyword">
<kw name="Wait Until Element Is Visible" owner="SeleniumLibrary">
<arg>${login_username}</arg>
<doc>Waits until the element ``locator`` is visible.</doc>
<status status="PASS" start="2025-02-21T18:09:50.357558" elapsed="0.243434"/>
</kw>
<kw name="Input Text" owner="SeleniumLibrary">
<msg time="2025-02-21T18:09:50.600992" level="INFO">Typing text 'standard_user' into text field 'id=user-name'.</msg>
<arg>${login_username}</arg>
<arg>${username}</arg>
<doc>Types the given ``text`` into the text field identified by ``locator``.</doc>
<status status="PASS" start="2025-02-21T18:09:50.600992" elapsed="0.335437"/>
</kw>
<kw name="Input Text" owner="SeleniumLibrary">
<msg time="2025-02-21T18:09:50.936429" level="INFO">Typing text '' into text field 'id=password'.</msg>
<arg>${login_password}</arg>
<arg>${password}</arg>
<doc>Types the given ``text`` into the text field identified by ``locator``.</doc>
<status status="PASS" start="2025-02-21T18:09:50.936429" elapsed="0.093784"/>
</kw>
<kw name="Click Element" owner="SeleniumLibrary">
<msg time="2025-02-21T18:09:51.030213" level="INFO">Clicking element 'id=login-button'.</msg>
<arg>${login_button}</arg>
<doc>Click the element identified by ``locator``.</doc>
<status status="PASS" start="2025-02-21T18:09:51.030213" elapsed="0.144284"/>
</kw>
<arg>standard_user</arg>
<arg>${EMPTY}</arg>
<status status="PASS" start="2025-02-21T18:09:50.356560" elapsed="0.818934"/>
</kw>
<kw name="ErrorMessageCheck" owner="loginKeyword">
<kw name="Element Should Be Visible" owner="SeleniumLibrary">
<msg time="2025-02-21T18:09:51.195525" level="INFO">Element 'xpath=//*[@data-test="error"]' is displayed.</msg>
<arg>${login_error_message}</arg>
<doc>Verifies that the element identified by ``locator`` is visible.</doc>
<status status="PASS" start="2025-02-21T18:09:51.175494" elapsed="0.020031"/>
</kw>
<kw name="Element Should Contain" owner="SeleniumLibrary">
<msg time="2025-02-21T18:09:51.211075" level="INFO">Element 'xpath=//*[@data-test="error"]' contains text 'Password is required'.</msg>
<arg>${login_error_message}</arg>
<arg>${msg}</arg>
<doc>Verifies that element ``locator`` contains text ``expected``.</doc>
<status status="PASS" start="2025-02-21T18:09:51.195525" elapsed="0.015550"/>
</kw>
<arg>Password is required</arg>
<status status="PASS" start="2025-02-21T18:09:51.175494" elapsed="0.035581"/>
</kw>
<kw name="Close Browser" owner="SeleniumLibrary" type="TEARDOWN">
<doc>Closes the current browser.</doc>
<status status="PASS" start="2025-02-21T18:09:51.212114" elapsed="2.126137"/>
</kw>
<status status="PASS" start="2025-02-21T18:09:47.923629" elapsed="5.414622"/>
</test>
<test id="s1-s1-t3" name="LoginFailWrongUsername" line="16">
<kw name="OpenSite" owner="loginKeyword" type="SETUP">
<kw name="Open Browser" owner="SeleniumLibrary">
<msg time="2025-02-21T18:09:53.340245" level="INFO">Opening browser 'headlesschrome' to base url 'https://www.saucedemo.com/'.</msg>
<arg>${url}</arg>
<arg>${browser}</arg>
<doc>Opens a new browser instance to the optional ``url``.</doc>
<status status="PASS" start="2025-02-21T18:09:53.339248" elapsed="3.222736"/>
</kw>
<status status="PASS" start="2025-02-21T18:09:53.339248" elapsed="3.222736"/>
</kw>
<kw name="LoginErrorUsername" owner="loginKeyword">
<kw name="Login" owner="loginKeyword">
<kw name="Wait Until Element Is Visible" owner="SeleniumLibrary">
<arg>${login_username}</arg>
<doc>Waits until the element ``locator`` is visible.</doc>
<status status="PASS" start="2025-02-21T18:09:56.566483" elapsed="0.164613"/>
</kw>
<kw name="Input Text" owner="SeleniumLibrary">
<msg time="2025-02-21T18:09:56.731096" level="INFO">Typing text 'Hello' into text field 'id=user-name'.</msg>
<arg>${login_username}</arg>
<arg>${username}</arg>
<doc>Types the given ``text`` into the text field identified by ``locator``.</doc>
<status status="PASS" start="2025-02-21T18:09:56.731096" elapsed="0.572748"/>
</kw>
<kw name="Input Text" owner="SeleniumLibrary">
<msg time="2025-02-21T18:09:57.304841" level="INFO">Typing text 'secret_sauce' into text field 'id=password'.</msg>
<arg>${login_password}</arg>
<arg>${password}</arg>
<doc>Types the given ``text`` into the text field identified by ``locator``.</doc>
<status status="PASS" start="2025-02-21T18:09:57.303844" elapsed="0.347750"/>
</kw>
<kw name="Click Element" owner="SeleniumLibrary">
<msg time="2025-02-21T18:09:57.652591" level="INFO">Clicking element 'id=login-button'.</msg>
<arg>${login_button}</arg>
<doc>Click the element identified by ``locator``.</doc>
<status status="PASS" start="2025-02-21T18:09:57.651594" elapsed="0.471453"/>
</kw>
<arg>${username}</arg>
<arg>secret_sauce</arg>
<status status="PASS" start="2025-02-21T18:09:56.564976" elapsed="1.558071"/>
</kw>
<kw name="ErrorMessageCheck" owner="loginKeyword">
<kw name="Element Should Be Visible" owner="SeleniumLibrary">
<msg time="2025-02-21T18:09:58.221343" level="INFO">Element 'xpath=//*[@data-test="error"]' is displayed.</msg>
<arg>${login_error_message}</arg>
<doc>Verifies that the element identified by ``locator`` is visible.</doc>
<status status="PASS" start="2025-02-21T18:09:58.124045" elapsed="0.097298"/>
</kw>
<kw name="Element Should Contain" owner="SeleniumLibrary">
<msg time="2025-02-21T18:09:58.260744" level="INFO">Element 'xpath=//*[@data-test="error"]' contains text 'Epic sadface: Username and password do not match any user in this service'.</msg>
<arg>${login_error_message}</arg>
<arg>${msg}</arg>
<doc>Verifies that element ``locator`` contains text ``expected``.</doc>
<status status="PASS" start="2025-02-21T18:09:58.221343" elapsed="0.039401"/>
</kw>
<arg>Epic sadface: Username and password do not match any user in this service</arg>
<status status="PASS" start="2025-02-21T18:09:58.123047" elapsed="0.138696"/>
</kw>
<arg>Hello</arg>
<status status="PASS" start="2025-02-21T18:09:56.562981" elapsed="1.698762"/>
</kw>
<kw name="LoginErrorUsername" owner="loginKeyword">
<kw name="Login" owner="loginKeyword">
<kw name="Wait Until Element Is Visible" owner="SeleniumLibrary">
<arg>${login_username}</arg>
<doc>Waits until the element ``locator`` is visible.</doc>
<status status="PASS" start="2025-02-21T18:09:58.262739" elapsed="0.052893"/>
</kw>
<kw name="Input Text" owner="SeleniumLibrary">
<msg time="2025-02-21T18:09:58.316632" level="INFO">Typing text 'User1' into text field 'id=user-name'.</msg>
<arg>${login_username}</arg>
<arg>${username}</arg>
<doc>Types the given ``text`` into the text field identified by ``locator``.</doc>
<status status="PASS" start="2025-02-21T18:09:58.316632" elapsed="0.193060"/>
</kw>
<kw name="Input Text" owner="SeleniumLibrary">
<msg time="2025-02-21T18:09:58.509692" level="INFO">Typing text 'secret_sauce' into text field 'id=password'.</msg>
<arg>${login_password}</arg>
<arg>${password}</arg>
<doc>Types the given ``text`` into the text field identified by ``locator``.</doc>
<status status="PASS" start="2025-02-21T18:09:58.509692" elapsed="0.118738"/>
</kw>
<kw name="Click Element" owner="SeleniumLibrary">
<msg time="2025-02-21T18:09:58.629428" level="INFO">Clicking element 'id=login-button'.</msg>
<arg>${login_button}</arg>
<doc>Click the element identified by ``locator``.</doc>
<status status="PASS" start="2025-02-21T18:09:58.629428" elapsed="0.106399"/>
</kw>
<arg>${username}</arg>
<arg>secret_sauce</arg>
<status status="PASS" start="2025-02-21T18:09:58.261743" elapsed="0.475080"/>
</kw>
<kw name="ErrorMessageCheck" owner="loginKeyword">
<kw name="Element Should Be Visible" owner="SeleniumLibrary">
<msg time="2025-02-21T18:09:58.756289" level="INFO">Element 'xpath=//*[@data-test="error"]' is displayed.</msg>
<arg>${login_error_message}</arg>
<doc>Verifies that the element identified by ``locator`` is visible.</doc>
<status status="PASS" start="2025-02-21T18:09:58.737820" elapsed="0.019465"/>
</kw>
<kw name="Element Should Contain" owner="SeleniumLibrary">
<msg time="2025-02-21T18:09:58.783273" level="INFO">Element 'xpath=//*[@data-test="error"]' contains text 'Epic sadface: Username and password do not match any user in this service'.</msg>
<arg>${login_error_message}</arg>
<arg>${msg}</arg>
<doc>Verifies that element ``locator`` contains text ``expected``.</doc>
<status status="PASS" start="2025-02-21T18:09:58.757285" elapsed="0.025988"/>
</kw>
<arg>Epic sadface: Username and password do not match any user in this service</arg>
<status status="PASS" start="2025-02-21T18:09:58.736823" elapsed="0.046450"/>
</kw>
<arg>User1</arg>
<status status="PASS" start="2025-02-21T18:09:58.261743" elapsed="0.521530"/>
</kw>
<kw name="LoginErrorUsername" owner="loginKeyword">
<kw name="Login" owner="loginKeyword">
<kw name="Wait Until Element Is Visible" owner="SeleniumLibrary">
<arg>${login_username}</arg>
<doc>Waits until the element ``locator`` is visible.</doc>
<status status="PASS" start="2025-02-21T18:09:58.785272" elapsed="0.020455"/>
</kw>
<kw name="Input Text" owner="SeleniumLibrary">
<msg time="2025-02-21T18:09:58.806725" level="INFO">Typing text '231564' into text field 'id=user-name'.</msg>
<arg>${login_username}</arg>
<arg>${username}</arg>
<doc>Types the given ``text`` into the text field identified by ``locator``.</doc>
<status status="PASS" start="2025-02-21T18:09:58.805727" elapsed="0.109246"/>
</kw>
<kw name="Input Text" owner="SeleniumLibrary">
<msg time="2025-02-21T18:09:58.914973" level="INFO">Typing text 'secret_sauce' into text field 'id=password'.</msg>
<arg>${login_password}</arg>
<arg>${password}</arg>
<doc>Types the given ``text`` into the text field identified by ``locator``.</doc>
<status status="PASS" start="2025-02-21T18:09:58.914973" elapsed="0.128093"/>
</kw>
<kw name="Click Element" owner="SeleniumLibrary">
<msg time="2025-02-21T18:09:59.044062" level="INFO">Clicking element 'id=login-button'.</msg>
<arg>${login_button}</arg>
<doc>Click the element identified by ``locator``.</doc>
<status status="PASS" start="2025-02-21T18:09:59.044062" elapsed="0.073267"/>
</kw>
<arg>${username}</arg>
<arg>secret_sauce</arg>
<status status="PASS" start="2025-02-21T18:09:58.784270" elapsed="0.333059"/>
</kw>
<kw name="ErrorMessageCheck" owner="loginKeyword">
<kw name="Element Should Be Visible" owner="SeleniumLibrary">
<msg time="2025-02-21T18:09:59.154236" level="INFO">Element 'xpath=//*[@data-test="error"]' is displayed.</msg>
<arg>${login_error_message}</arg>
<doc>Verifies that the element identified by ``locator`` is visible.</doc>
<status status="PASS" start="2025-02-21T18:09:59.117329" elapsed="0.036907"/>
</kw>
<kw name="Element Should Contain" owner="SeleniumLibrary">
<msg time="2025-02-21T18:09:59.169686" level="INFO">Element 'xpath=//*[@data-test="error"]' contains text 'Epic sadface: Username and password do not match any user in this service'.</msg>
<arg>${login_error_message}</arg>
<arg>${msg}</arg>
<doc>Verifies that element ``locator`` contains text ``expected``.</doc>
<status status="PASS" start="2025-02-21T18:09:59.154236" elapsed="0.015450"/>
</kw>
<arg>Epic sadface: Username and password do not match any user in this service</arg>
<status status="PASS" start="2025-02-21T18:09:59.117329" elapsed="0.052357"/>
</kw>
<arg>231564</arg>
<status status="PASS" start="2025-02-21T18:09:58.783273" elapsed="0.386413"/>
</kw>
<kw name="Close Browser" owner="SeleniumLibrary" type="TEARDOWN">
<doc>Closes the current browser.</doc>
<status status="PASS" start="2025-02-21T18:09:59.169686" elapsed="2.225364"/>
</kw>
<status status="PASS" start="2025-02-21T18:09:53.339248" elapsed="8.055802"/>
</test>
<test id="s1-s1-t4" name="LoginFailWrongPassword" line="20">
<kw name="OpenSite" owner="loginKeyword" type="SETUP">
<kw name="Open Browser" owner="SeleniumLibrary">
<msg time="2025-02-21T18:10:01.397045" level="INFO">Opening browser 'headlesschrome' to base url 'https://www.saucedemo.com/'.</msg>
<arg>${url}</arg>
<arg>${browser}</arg>
<doc>Opens a new browser instance to the optional ``url``.</doc>
<status status="PASS" start="2025-02-21T18:10:01.397045" elapsed="2.962635"/>
</kw>
<status status="PASS" start="2025-02-21T18:10:01.396048" elapsed="2.963632"/>
</kw>
<kw name="LoginErrorPassword" owner="loginKeyword">
<kw name="Login" owner="loginKeyword">
<kw name="Wait Until Element Is Visible" owner="SeleniumLibrary">
<arg>${login_username}</arg>
<doc>Waits until the element ``locator`` is visible.</doc>
<status status="PASS" start="2025-02-21T18:10:04.361675" elapsed="0.811649"/>
</kw>
<kw name="Input Text" owner="SeleniumLibrary">
<msg time="2025-02-21T18:10:05.173324" level="INFO">Typing text 'standard_user' into text field 'id=user-name'.</msg>
<arg>${login_username}</arg>
<arg>${username}</arg>
<doc>Types the given ``text`` into the text field identified by ``locator``.</doc>
<status status="PASS" start="2025-02-21T18:10:05.173324" elapsed="0.182230"/>
</kw>
<kw name="Input Text" owner="SeleniumLibrary">
<msg time="2025-02-21T18:10:05.356551" level="INFO">Typing text '32132156' into text field 'id=password'.</msg>
<arg>${login_password}</arg>
<arg>${password}</arg>
<doc>Types the given ``text`` into the text field identified by ``locator``.</doc>
<status status="PASS" start="2025-02-21T18:10:05.356551" elapsed="0.174618"/>
</kw>
<kw name="Click Element" owner="SeleniumLibrary">
<msg time="2025-02-21T18:10:05.532166" level="INFO">Clicking element 'id=login-button'.</msg>
<arg>${login_button}</arg>
<doc>Click the element identified by ``locator``.</doc>
<status status="PASS" start="2025-02-21T18:10:05.532166" elapsed="0.150725"/>
</kw>
<arg>${username}</arg>
<arg>${password}</arg>
<status status="PASS" start="2025-02-21T18:10:04.360678" elapsed="1.322213"/>
</kw>
<kw name="ErrorMessageCheck" owner="loginKeyword">
<kw name="Element Should Be Visible" owner="SeleniumLibrary">
<msg time="2025-02-21T18:10:05.756228" level="INFO">Element 'xpath=//*[@data-test="error"]' is displayed.</msg>
<arg>${login_error_message}</arg>
<doc>Verifies that the element identified by ``locator`` is visible.</doc>
<status status="PASS" start="2025-02-21T18:10:05.682891" elapsed="0.074333"/>
</kw>
<kw name="Element Should Contain" owner="SeleniumLibrary">
<msg time="2025-02-21T18:10:05.803617" level="INFO">Element 'xpath=//*[@data-test="error"]' contains text 'Epic sadface: Username and password do not match any user in this service'.</msg>
<arg>${login_error_message}</arg>
<arg>${msg}</arg>
<doc>Verifies that element ``locator`` contains text ``expected``.</doc>
<status status="PASS" start="2025-02-21T18:10:05.757224" elapsed="0.046393"/>
</kw>
<arg>Epic sadface: Username and password do not match any user in this service</arg>
<status status="PASS" start="2025-02-21T18:10:05.682891" elapsed="0.120726"/>
</kw>
<arg>standard_user</arg>
<arg>32132156</arg>
<status status="PASS" start="2025-02-21T18:10:04.360678" elapsed="1.442939"/>
</kw>
<kw name="LoginErrorPassword" owner="loginKeyword">
<kw name="Login" owner="loginKeyword">
<kw name="Wait Until Element Is Visible" owner="SeleniumLibrary">
<arg>${login_username}</arg>
<doc>Waits until the element ``locator`` is visible.</doc>
<status status="PASS" start="2025-02-21T18:10:05.804614" elapsed="0.055886"/>
</kw>
<kw name="Input Text" owner="SeleniumLibrary">
<msg time="2025-02-21T18:10:05.861497" level="INFO">Typing text 'locked_out_user' into text field 'id=user-name'.</msg>
<arg>${login_username}</arg>
<arg>${username}</arg>
<doc>Types the given ``text`` into the text field identified by ``locator``.</doc>
<status status="PASS" start="2025-02-21T18:10:05.861497" elapsed="0.573822"/>
</kw>
<kw name="Input Text" owner="SeleniumLibrary">
<msg time="2025-02-21T18:10:06.436316" level="INFO">Typing text 'asdasdasd' into text field 'id=password'.</msg>
<arg>${login_password}</arg>
<arg>${password}</arg>
<doc>Types the given ``text`` into the text field identified by ``locator``.</doc>
<status status="PASS" start="2025-02-21T18:10:06.435319" elapsed="0.254921"/>
</kw>
<kw name="Click Element" owner="SeleniumLibrary">
<msg time="2025-02-21T18:10:06.690240" level="INFO">Clicking element 'id=login-button'.</msg>
<arg>${login_button}</arg>
<doc>Click the element identified by ``locator``.</doc>
<status status="PASS" start="2025-02-21T18:10:06.690240" elapsed="0.099292"/>
</kw>
<arg>${username}</arg>
<arg>${password}</arg>
<status status="PASS" start="2025-02-21T18:10:05.804614" elapsed="0.984918"/>
</kw>
<kw name="ErrorMessageCheck" owner="loginKeyword">
<kw name="Element Should Be Visible" owner="SeleniumLibrary">
<msg time="2025-02-21T18:10:06.808487" level="INFO">Element 'xpath=//*[@data-test="error"]' is displayed.</msg>
<arg>${login_error_message}</arg>
<doc>Verifies that the element identified by ``locator`` is visible.</doc>
<status status="PASS" start="2025-02-21T18:10:06.790531" elapsed="0.017956"/>
</kw>
<kw name="Element Should Contain" owner="SeleniumLibrary">
<msg time="2025-02-21T18:10:06.856871" level="INFO">Element 'xpath=//*[@data-test="error"]' contains text 'Epic sadface: Username and password do not match any user in this service'.</msg>
<arg>${login_error_message}</arg>
<arg>${msg}</arg>
<doc>Verifies that element ``locator`` contains text ``expected``.</doc>
<status status="PASS" start="2025-02-21T18:10:06.808487" elapsed="0.049382"/>
</kw>
<arg>Epic sadface: Username and password do not match any user in this service</arg>
<status status="PASS" start="2025-02-21T18:10:06.789532" elapsed="0.068337"/>
</kw>
<arg>locked_out_user</arg>
<arg>asdasdasd</arg>
<status status="PASS" start="2025-02-21T18:10:05.803617" elapsed="1.054252"/>
</kw>
<kw name="LoginErrorPassword" owner="loginKeyword">
<kw name="Login" owner="loginKeyword">
<kw name="Wait Until Element Is Visible" owner="SeleniumLibrary">
<arg>${login_username}</arg>
<doc>Waits until the element ``locator`` is visible.</doc>
<status status="PASS" start="2025-02-21T18:10:06.858866" elapsed="0.059387"/>
</kw>
<kw name="Input Text" owner="SeleniumLibrary">
<msg time="2025-02-21T18:10:06.919251" level="INFO">Typing text 'problem_user' into text field 'id=user-name'.</msg>
<arg>${login_username}</arg>
<arg>${username}</arg>
<doc>Types the given ``text`` into the text field identified by ``locator``.</doc>
<status status="PASS" start="2025-02-21T18:10:06.919251" elapsed="0.244438"/>
</kw>
<kw name="Input Text" owner="SeleniumLibrary">
<msg time="2025-02-21T18:10:07.164686" level="INFO">Typing text 'ahsdgdasdasdfsd' into text field 'id=password'.</msg>
<arg>${login_password}</arg>
<arg>${password}</arg>
<doc>Types the given ``text`` into the text field identified by ``locator``.</doc>
<status status="PASS" start="2025-02-21T18:10:07.163689" elapsed="0.139207"/>
</kw>
<kw name="Click Element" owner="SeleniumLibrary">
<msg time="2025-02-21T18:10:07.302896" level="INFO">Clicking element 'id=login-button'.</msg>
<arg>${login_button}</arg>
<doc>Click the element identified by ``locator``.</doc>
<status status="PASS" start="2025-02-21T18:10:07.302896" elapsed="0.181051"/>
</kw>
<arg>${username}</arg>
<arg>${password}</arg>
<status status="PASS" start="2025-02-21T18:10:06.858866" elapsed="0.626589"/>
</kw>
<kw name="ErrorMessageCheck" owner="loginKeyword">
<kw name="Element Should Be Visible" owner="SeleniumLibrary">
<msg time="2025-02-21T18:10:07.525395" level="INFO">Element 'xpath=//*[@data-test="error"]' is displayed.</msg>
<arg>${login_error_message}</arg>
<doc>Verifies that the element identified by ``locator`` is visible.</doc>
<status status="PASS" start="2025-02-21T18:10:07.485455" elapsed="0.039940"/>
</kw>
<kw name="Element Should Contain" owner="SeleniumLibrary">
<msg time="2025-02-21T18:10:07.547969" level="INFO">Element 'xpath=//*[@data-test="error"]' contains text 'Epic sadface: Username and password do not match any user in this service'.</msg>
<arg>${login_error_message}</arg>
<arg>${msg}</arg>
<doc>Verifies that element ``locator`` contains text ``expected``.</doc>
<status status="PASS" start="2025-02-21T18:10:07.525395" elapsed="0.022574"/>
</kw>
<arg>Epic sadface: Username and password do not match any user in this service</arg>
<status status="PASS" start="2025-02-21T18:10:07.485455" elapsed="0.062514"/>
</kw>
<arg>problem_user</arg>
<arg>ahsdgdasdasdfsd</arg>
<status status="PASS" start="2025-02-21T18:10:06.857869" elapsed="0.690100"/>
</kw>
<kw name="LoginErrorPassword" owner="loginKeyword">
<kw name="Login" owner="loginKeyword">
<kw name="Wait Until Element Is Visible" owner="SeleniumLibrary">
<arg>${login_username}</arg>
<doc>Waits until the element ``locator`` is visible.</doc>
<status status="PASS" start="2025-02-21T18:10:07.549965" elapsed="0.024037"/>
</kw>
<kw name="Input Text" owner="SeleniumLibrary">
<msg time="2025-02-21T18:10:07.574002" level="INFO">Typing text 'performance_glitch_user' into text field 'id=user-name'.</msg>
<arg>${login_username}</arg>
<arg>${username}</arg>
<doc>Types the given ``text`` into the text field identified by ``locator``.</doc>
<status status="PASS" start="2025-02-21T18:10:07.574002" elapsed="0.122573"/>
</kw>
<kw name="Input Text" owner="SeleniumLibrary">
<msg time="2025-02-21T18:10:07.697573" level="INFO">Typing text '32132156' into text field 'id=password'.</msg>
<arg>${login_password}</arg>
<arg>${password}</arg>
<doc>Types the given ``text`` into the text field identified by ``locator``.</doc>
<status status="PASS" start="2025-02-21T18:10:07.696575" elapsed="0.114767"/>
</kw>
<kw name="Click Element" owner="SeleniumLibrary">
<msg time="2025-02-21T18:10:07.813337" level="INFO">Clicking element 'id=login-button'.</msg>
<arg>${login_button}</arg>
<doc>Click the element identified by ``locator``.</doc>
<status status="PASS" start="2025-02-21T18:10:07.811342" elapsed="0.127424"/>
</kw>
<arg>${username}</arg>
<arg>${password}</arg>
<status status="PASS" start="2025-02-21T18:10:07.548967" elapsed="0.389799"/>
</kw>
<kw name="ErrorMessageCheck" owner="loginKeyword">
<kw name="Element Should Be Visible" owner="SeleniumLibrary">
<msg time="2025-02-21T18:10:07.962223" level="INFO">Element 'xpath=//*[@data-test="error"]' is displayed.</msg>
<arg>${login_error_message}</arg>
<doc>Verifies that the element identified by ``locator`` is visible.</doc>
<status status="PASS" start="2025-02-21T18:10:07.939764" elapsed="0.022459"/>
</kw>
<kw name="Element Should Contain" owner="SeleniumLibrary">
<msg time="2025-02-21T18:10:08.003157" level="INFO">Element 'xpath=//*[@data-test="error"]' contains text 'Epic sadface: Username and password do not match any user in this service'.</msg>
<arg>${login_error_message}</arg>
<arg>${msg}</arg>
<doc>Verifies that element ``locator`` contains text ``expected``.</doc>
<status status="PASS" start="2025-02-21T18:10:07.962223" elapsed="0.040934"/>
</kw>
<arg>Epic sadface: Username and password do not match any user in this service</arg>
<status status="PASS" start="2025-02-21T18:10:07.938766" elapsed="0.064391"/>
</kw>
<arg>performance_glitch_user</arg>
<arg>32132156</arg>
<status status="PASS" start="2025-02-21T18:10:07.548967" elapsed="0.455188"/>
</kw>
<kw name="LoginErrorPassword" owner="loginKeyword">
<kw name="Login" owner="loginKeyword">
<kw name="Wait Until Element Is Visible" owner="SeleniumLibrary">
<arg>${login_username}</arg>
<doc>Waits until the element ``locator`` is visible.</doc>
<status status="PASS" start="2025-02-21T18:10:08.005153" elapsed="0.021713"/>
</kw>
<kw name="Input Text" owner="SeleniumLibrary">
<msg time="2025-02-21T18:10:08.027866" level="INFO">Typing text 'error_user' into text field 'id=user-name'.</msg>
<arg>${login_username}</arg>
<arg>${username}</arg>
<doc>Types the given ``text`` into the text field identified by ``locator``.</doc>
<status status="PASS" start="2025-02-21T18:10:08.026866" elapsed="0.115039"/>
</kw>
<kw name="Input Text" owner="SeleniumLibrary">
<msg time="2025-02-21T18:10:08.141905" level="INFO">Typing text 'asdasdasd' into text field 'id=password'.</msg>
<arg>${login_password}</arg>
<arg>${password}</arg>
<doc>Types the given ``text`` into the text field identified by ``locator``.</doc>
<status status="PASS" start="2025-02-21T18:10:08.141905" elapsed="0.146735"/>
</kw>
<kw name="Click Element" owner="SeleniumLibrary">
<msg time="2025-02-21T18:10:08.288640" level="INFO">Clicking element 'id=login-button'.</msg>
<arg>${login_button}</arg>
<doc>Click the element identified by ``locator``.</doc>
<status status="PASS" start="2025-02-21T18:10:08.288640" elapsed="0.090344"/>
</kw>
<arg>${username}</arg>
<arg>${password}</arg>
<status status="PASS" start="2025-02-21T18:10:08.004155" elapsed="0.374829"/>
</kw>
<kw name="ErrorMessageCheck" owner="loginKeyword">
<kw name="Element Should Be Visible" owner="SeleniumLibrary">
<msg time="2025-02-21T18:10:08.397446" level="INFO">Element 'xpath=//*[@data-test="error"]' is displayed.</msg>
<arg>${login_error_message}</arg>
<doc>Verifies that the element identified by ``locator`` is visible.</doc>
<status status="PASS" start="2025-02-21T18:10:08.378984" elapsed="0.018462"/>
</kw>
<kw name="Element Should Contain" owner="SeleniumLibrary">
<msg time="2025-02-21T18:10:08.416468" level="INFO">Element 'xpath=//*[@data-test="error"]' contains text 'Epic sadface: Username and password do not match any user in this service'.</msg>
<arg>${login_error_message}</arg>
<arg>${msg}</arg>
<doc>Verifies that element ``locator`` contains text ``expected``.</doc>
<status status="PASS" start="2025-02-21T18:10:08.397446" elapsed="0.019022"/>
</kw>
<arg>Epic sadface: Username and password do not match any user in this service</arg>
<status status="PASS" start="2025-02-21T18:10:08.378984" elapsed="0.037484"/>
</kw>
<arg>error_user</arg>
<arg>asdasdasd</arg>
<status status="PASS" start="2025-02-21T18:10:08.004155" elapsed="0.412313"/>
</kw>
<kw name="LoginErrorPassword" owner="loginKeyword">
<kw name="Login" owner="loginKeyword">
<kw name="Wait Until Element Is Visible" owner="SeleniumLibrary">
<arg>${login_username}</arg>
<doc>Waits until the element ``locator`` is visible.</doc>
<status status="PASS" start="2025-02-21T18:10:08.418462" elapsed="0.021518"/>
</kw>
<kw name="Input Text" owner="SeleniumLibrary">
<msg time="2025-02-21T18:10:08.440977" level="INFO">Typing text 'visual_user' into text field 'id=user-name'.</msg>
<arg>${login_username}</arg>
<arg>${username}</arg>
<doc>Types the given ``text`` into the text field identified by ``locator``.</doc>
<status status="PASS" start="2025-02-21T18:10:08.439980" elapsed="0.106074"/>
</kw>
<kw name="Input Text" owner="SeleniumLibrary">
<msg time="2025-02-21T18:10:08.546054" level="INFO">Typing text 'ahsdgdasdasdfsd' into text field 'id=password'.</msg>
<arg>${login_password}</arg>
<arg>${password}</arg>
<doc>Types the given ``text`` into the text field identified by ``locator``.</doc>
<status status="PASS" start="2025-02-21T18:10:08.546054" elapsed="0.172976"/>
</kw>
<kw name="Click Element" owner="SeleniumLibrary">
<msg time="2025-02-21T18:10:08.720296" level="INFO">Clicking element 'id=login-button'.</msg>
<arg>${login_button}</arg>
<doc>Click the element identified by ``locator``.</doc>
<status status="PASS" start="2025-02-21T18:10:08.719030" elapsed="0.099402"/>
</kw>
<arg>${username}</arg>
<arg>${password}</arg>
<status status="PASS" start="2025-02-21T18:10:08.418462" elapsed="0.399970"/>
</kw>
<kw name="ErrorMessageCheck" owner="loginKeyword">
<kw name="Element Should Be Visible" owner="SeleniumLibrary">
<msg time="2025-02-21T18:10:08.835594" level="INFO">Element 'xpath=//*[@data-test="error"]' is displayed.</msg>
<arg>${login_error_message}</arg>
<doc>Verifies that the element identified by ``locator`` is visible.</doc>
<status status="PASS" start="2025-02-21T18:10:08.819935" elapsed="0.015659"/>
</kw>
<kw name="Element Should Contain" owner="SeleniumLibrary">
<msg time="2025-02-21T18:10:08.850605" level="INFO">Element 'xpath=//*[@data-test="error"]' contains text 'Epic sadface: Username and password do not match any user in this service'.</msg>
<arg>${login_error_message}</arg>
<arg>${msg}</arg>
<doc>Verifies that element ``locator`` contains text ``expected``.</doc>
<status status="PASS" start="2025-02-21T18:10:08.835594" elapsed="0.015011"/>
</kw>
<arg>Epic sadface: Username and password do not match any user in this service</arg>
<status status="PASS" start="2025-02-21T18:10:08.818432" elapsed="0.033556"/>
</kw>
<arg>visual_user</arg>
<arg>ahsdgdasdasdfsd</arg>
<status status="PASS" start="2025-02-21T18:10:08.417465" elapsed="0.434523"/>
</kw>
<kw name="Close Browser" owner="SeleniumLibrary" type="TEARDOWN">
<doc>Closes the current browser.</doc>
<status status="PASS" start="2025-02-21T18:10:08.851988" elapsed="3.179911"/>
</kw>
<status status="PASS" start="2025-02-21T18:10:01.396048" elapsed="10.635851"/>
</test>
<test id="s1-s1-t5" name="Login Success" line="27">
<kw name="OpenSite" owner="loginKeyword" type="SETUP">
<kw name="Open Browser" owner="SeleniumLibrary">
<msg time="2025-02-21T18:10:12.032889" level="INFO">Opening browser 'headlesschrome' to base url 'https://www.saucedemo.com/'.</msg>
<arg>${url}</arg>
<arg>${browser}</arg>
<doc>Opens a new browser instance to the optional ``url``.</doc>
<status status="PASS" start="2025-02-21T18:10:12.032889" elapsed="2.784101"/>
</kw>
<status status="PASS" start="2025-02-21T18:10:12.032889" elapsed="2.784101"/>
</kw>
<kw name="LoginSuccess" owner="loginKeyword">
<kw name="Login" owner="loginKeyword">
<kw name="Wait Until Element Is Visible" owner="SeleniumLibrary">
<arg>${login_username}</arg>
<doc>Waits until the element ``locator`` is visible.</doc>
<status status="PASS" start="2025-02-21T18:10:14.817988" elapsed="0.080823"/>
</kw>
<kw name="Input Text" owner="SeleniumLibrary">
<msg time="2025-02-21T18:10:14.898811" level="INFO">Typing text 'standard_user' into text field 'id=user-name'.</msg>
<arg>${login_username}</arg>
<arg>${username}</arg>
<doc>Types the given ``text`` into the text field identified by ``locator``.</doc>
<status status="PASS" start="2025-02-21T18:10:14.898811" elapsed="0.204544"/>
</kw>
<kw name="Input Text" owner="SeleniumLibrary">
<msg time="2025-02-21T18:10:15.103355" level="INFO">Typing text 'secret_sauce' into text field 'id=password'.</msg>
<arg>${login_password}</arg>
<arg>${password}</arg>
<doc>Types the given ``text`` into the text field identified by ``locator``.</doc>
<status status="PASS" start="2025-02-21T18:10:15.103355" elapsed="0.256191"/>
</kw>
<kw name="Click Element" owner="SeleniumLibrary">
<msg time="2025-02-21T18:10:15.360547" level="INFO">Clicking element 'id=login-button'.</msg>
<arg>${login_button}</arg>
<doc>Click the element identified by ``locator``.</doc>
<status status="PASS" start="2025-02-21T18:10:15.359546" elapsed="0.148106"/>
</kw>
<arg>${username}</arg>
<arg>secret_sauce</arg>
<status status="PASS" start="2025-02-21T18:10:14.816990" elapsed="0.690662"/>
</kw>
<kw name="Wait Until Page Contains" owner="SeleniumLibrary">
<arg>Products</arg>
<doc>Waits until ``text`` appears on the current page.</doc>
<status status="PASS" start="2025-02-21T18:10:15.507652" elapsed="0.029923"/>
</kw>
<arg>standard_user</arg>
<status status="PASS" start="2025-02-21T18:10:14.816990" elapsed="0.721582"/>
</kw>
<kw name="Go Back" owner="SeleniumLibrary">
<doc>Simulates the user clicking the back button on their browser.</doc>
<status status="PASS" start="2025-02-21T18:10:15.538572" elapsed="0.012473"/>
</kw>
<kw name="LoginSuccess" owner="loginKeyword">
<kw name="Login" owner="loginKeyword">
<kw name="Wait Until Element Is Visible" owner="SeleniumLibrary">
<arg>${login_username}</arg>
<doc>Waits until the element ``locator`` is visible.</doc>
<status status="PASS" start="2025-02-21T18:10:15.552046" elapsed="0.033942"/>
</kw>
<kw name="Input Text" owner="SeleniumLibrary">
<msg time="2025-02-21T18:10:15.585988" level="INFO">Typing text 'problem_user' into text field 'id=user-name'.</msg>
<arg>${login_username}</arg>
<arg>${username}</arg>
<doc>Types the given ``text`` into the text field identified by ``locator``.</doc>
<status status="PASS" start="2025-02-21T18:10:15.585988" elapsed="0.110389"/>
</kw>
<kw name="Input Text" owner="SeleniumLibrary">
<msg time="2025-02-21T18:10:15.697374" level="INFO">Typing text 'secret_sauce' into text field 'id=password'.</msg>
<arg>${login_password}</arg>
<arg>${password}</arg>
<doc>Types the given ``text`` into the text field identified by ``locator``.</doc>
<status status="PASS" start="2025-02-21T18:10:15.697374" elapsed="0.081742"/>
</kw>
<kw name="Click Element" owner="SeleniumLibrary">
<msg time="2025-02-21T18:10:15.779116" level="INFO">Clicking element 'id=login-button'.</msg>
<arg>${login_button}</arg>
<doc>Click the element identified by ``locator``.</doc>
<status status="PASS" start="2025-02-21T18:10:15.779116" elapsed="0.122978"/>
</kw>
<arg>${username}</arg>
<arg>secret_sauce</arg>
<status status="PASS" start="2025-02-21T18:10:15.552046" elapsed="0.350048"/>
</kw>
<kw name="Wait Until Page Contains" owner="SeleniumLibrary">
<arg>Products</arg>
<doc>Waits until ``text`` appears on the current page.</doc>
<status status="PASS" start="2025-02-21T18:10:15.902094" elapsed="0.014960"/>
</kw>
<arg>problem_user</arg>
<status status="PASS" start="2025-02-21T18:10:15.551045" elapsed="0.366009"/>
</kw>
<kw name="Go Back" owner="SeleniumLibrary">
<doc>Simulates the user clicking the back button on their browser.</doc>
<status status="PASS" start="2025-02-21T18:10:15.918052" elapsed="0.022942"/>
</kw>
<kw name="LoginSuccess" owner="loginKeyword">
<kw name="Login" owner="loginKeyword">
<kw name="Wait Until Element Is Visible" owner="SeleniumLibrary">
<arg>${login_username}</arg>
<doc>Waits until the element ``locator`` is visible.</doc>
<status status="PASS" start="2025-02-21T18:10:15.941991" elapsed="0.032431"/>
</kw>
<kw name="Input Text" owner="SeleniumLibrary">
<msg time="2025-02-21T18:10:15.974926" level="INFO">Typing text 'performance_glitch_user' into text field 'id=user-name'.</msg>
<arg>${login_username}</arg>
<arg>${username}</arg>
<doc>Types the given ``text`` into the text field identified by ``locator``.</doc>
<status status="PASS" start="2025-02-21T18:10:15.974926" elapsed="0.183040"/>
</kw>
<kw name="Input Text" owner="SeleniumLibrary">
<msg time="2025-02-21T18:10:16.157966" level="INFO">Typing text 'secret_sauce' into text field 'id=password'.</msg>
<arg>${login_password}</arg>
<arg>${password}</arg>
<doc>Types the given ``text`` into the text field identified by ``locator``.</doc>
<status status="PASS" start="2025-02-21T18:10:16.157966" elapsed="0.087992"/>
</kw>
<kw name="Click Element" owner="SeleniumLibrary">
<msg time="2025-02-21T18:10:16.246956" level="INFO">Clicking element 'id=login-button'.</msg>
<arg>${login_button}</arg>
<doc>Click the element identified by ``locator``.</doc>
<status status="PASS" start="2025-02-21T18:10:16.245958" elapsed="5.078354"/>
</kw>
<arg>${username}</arg>
<arg>secret_sauce</arg>
<status status="PASS" start="2025-02-21T18:10:15.941991" elapsed="5.382321"/>
</kw>
<kw name="Wait Until Page Contains" owner="SeleniumLibrary">
<arg>Products</arg>
<doc>Waits until ``text`` appears on the current page.</doc>
<status status="PASS" start="2025-02-21T18:10:21.325777" elapsed="0.033239"/>
</kw>
<arg>performance_glitch_user</arg>
<status status="PASS" start="2025-02-21T18:10:15.940994" elapsed="5.418022"/>
</kw>
<kw name="Go Back" owner="SeleniumLibrary">
<doc>Simulates the user clicking the back button on their browser.</doc>
<status status="PASS" start="2025-02-21T18:10:21.359016" elapsed="0.013473"/>
</kw>
<kw name="LoginSuccess" owner="loginKeyword">
<kw name="Login" owner="loginKeyword">
<kw name="Wait Until Element Is Visible" owner="SeleniumLibrary">
<arg>${login_username}</arg>
<doc>Waits until the element ``locator`` is visible.</doc>
<status status="PASS" start="2025-02-21T18:10:21.373820" elapsed="0.013817"/>
</kw>
<kw name="Input Text" owner="SeleniumLibrary">
<msg time="2025-02-21T18:10:21.388789" level="INFO">Typing text 'error_user' into text field 'id=user-name'.</msg>
<arg>${login_username}</arg>
<arg>${username}</arg>
<doc>Types the given ``text`` into the text field identified by ``locator``.</doc>
<status status="PASS" start="2025-02-21T18:10:21.387637" elapsed="0.061975"/>
</kw>
<kw name="Input Text" owner="SeleniumLibrary">
<msg time="2025-02-21T18:10:21.449612" level="INFO">Typing text 'secret_sauce' into text field 'id=password'.</msg>
<arg>${login_password}</arg>
<arg>${password}</arg>
<doc>Types the given ``text`` into the text field identified by ``locator``.</doc>
<status status="PASS" start="2025-02-21T18:10:21.449612" elapsed="0.053557"/>
</kw>
<kw name="Click Element" owner="SeleniumLibrary">
<msg time="2025-02-21T18:10:21.503169" level="INFO">Clicking element 'id=login-button'.</msg>
<arg>${login_button}</arg>
<doc>Click the element identified by ``locator``.</doc>
<status status="PASS" start="2025-02-21T18:10:21.503169" elapsed="0.064674"/>
</kw>
<arg>${username}</arg>
<arg>secret_sauce</arg>
<status status="PASS" start="2025-02-21T18:10:21.373820" elapsed="0.194023"/>
</kw>
<kw name="Wait Until Page Contains" owner="SeleniumLibrary">
<arg>Products</arg>
<doc>Waits until ``text`` appears on the current page.</doc>
<status status="PASS" start="2025-02-21T18:10:21.568844" elapsed="0.009288"/>
</kw>
<arg>error_user</arg>
<status status="PASS" start="2025-02-21T18:10:21.372489" elapsed="0.205643"/>
</kw>
<kw name="Go Back" owner="SeleniumLibrary">
<doc>Simulates the user clicking the back button on their browser.</doc>
<status status="PASS" start="2025-02-21T18:10:21.578132" elapsed="0.008364"/>
</kw>
<kw name="LoginSuccess" owner="loginKeyword">
<kw name="Login" owner="loginKeyword">
<kw name="Wait Until Element Is Visible" owner="SeleniumLibrary">
<arg>${login_username}</arg>
<doc>Waits until the element ``locator`` is visible.</doc>
<status status="PASS" start="2025-02-21T18:10:21.587493" elapsed="0.028445"/>
</kw>
<kw name="Input Text" owner="SeleniumLibrary">
<msg time="2025-02-21T18:10:21.616945" level="INFO">Typing text 'visual_user' into text field 'id=user-name'.</msg>
<arg>${login_username}</arg>
<arg>${username}</arg>
<doc>Types the given ``text`` into the text field identified by ``locator``.</doc>
<status status="PASS" start="2025-02-21T18:10:21.615938" elapsed="0.065163"/>
</kw>
<kw name="Input Text" owner="SeleniumLibrary">
<msg time="2025-02-21T18:10:21.681101" level="INFO">Typing text 'secret_sauce' into text field 'id=password'.</msg>
<arg>${login_password}</arg>
<arg>${password}</arg>
<doc>Types the given ``text`` into the text field identified by ``locator``.</doc>
<status status="PASS" start="2025-02-21T18:10:21.681101" elapsed="0.059592"/>
</kw>
<kw name="Click Element" owner="SeleniumLibrary">
<msg time="2025-02-21T18:10:21.741699" level="INFO">Clicking element 'id=login-button'.</msg>
<arg>${login_button}</arg>
<doc>Click the element identified by ``locator``.</doc>
<status status="PASS" start="2025-02-21T18:10:21.741699" elapsed="0.057030"/>
</kw>
<arg>${username}</arg>
<arg>secret_sauce</arg>
<status status="PASS" start="2025-02-21T18:10:21.587493" elapsed="0.211236"/>
</kw>
<kw name="Wait Until Page Contains" owner="SeleniumLibrary">
<arg>Products</arg>
<doc>Waits until ``text`` appears on the current page.</doc>
<status status="PASS" start="2025-02-21T18:10:21.798729" elapsed="0.009453"/>
</kw>
<arg>visual_user</arg>
<status status="PASS" start="2025-02-21T18:10:21.586496" elapsed="0.221686"/>
</kw>
<kw name="Go Back" owner="SeleniumLibrary">
<doc>Simulates the user clicking the back button on their browser.</doc>
<status status="PASS" start="2025-02-21T18:10:21.808182" elapsed="0.006851"/>
</kw>
<kw name="Close Browser" owner="SeleniumLibrary" type="TEARDOWN">
<doc>Closes the current browser.</doc>
<status status="PASS" start="2025-02-21T18:10:21.815033" elapsed="2.113559"/>
</kw>
<status status="PASS" start="2025-02-21T18:10:12.031899" elapsed="11.896693"/>
</test>
<test id="s1-s1-t6" name="Login LockedOut" line="38">
<kw name="OpenSite" owner="loginKeyword" type="SETUP">
<kw name="Open Browser" owner="SeleniumLibrary">
<msg time="2025-02-21T18:10:23.929912" level="INFO">Opening browser 'headlesschrome' to base url 'https://www.saucedemo.com/'.</msg>
<arg>${url}</arg>
<arg>${browser}</arg>
<doc>Opens a new browser instance to the optional ``url``.</doc>
<status status="PASS" start="2025-02-21T18:10:23.929912" elapsed="2.226127"/>
</kw>
<status status="PASS" start="2025-02-21T18:10:23.928592" elapsed="2.228646"/>
</kw>
<kw name="Login" owner="loginKeyword">
<kw name="Wait Until Element Is Visible" owner="SeleniumLibrary">
<arg>${login_username}</arg>
<doc>Waits until the element ``locator`` is visible.</doc>
<status status="PASS" start="2025-02-21T18:10:26.157238" elapsed="0.043805"/>
</kw>
<kw name="Input Text" owner="SeleniumLibrary">
<msg time="2025-02-21T18:10:26.201043" level="INFO">Typing text 'locked_out_user' into text field 'id=user-name'.</msg>
<arg>${login_username}</arg>
<arg>${username}</arg>
<doc>Types the given ``text`` into the text field identified by ``locator``.</doc>
<status status="PASS" start="2025-02-21T18:10:26.201043" elapsed="0.114473"/>
</kw>
<kw name="Input Text" owner="SeleniumLibrary">
<msg time="2025-02-21T18:10:26.315516" level="INFO">Typing text 'secret_sauce' into text field 'id=password'.</msg>
<arg>${login_password}</arg>
<arg>${password}</arg>
<doc>Types the given ``text`` into the text field identified by ``locator``.</doc>
<status status="PASS" start="2025-02-21T18:10:26.315516" elapsed="0.102075"/>
</kw>
<kw name="Click Element" owner="SeleniumLibrary">
<msg time="2025-02-21T18:10:26.418881" level="INFO">Clicking element 'id=login-button'.</msg>
<arg>${login_button}</arg>
<doc>Click the element identified by ``locator``.</doc>
<status status="PASS" start="2025-02-21T18:10:26.417591" elapsed="0.066796"/>
</kw>
<arg>locked_out_user</arg>
<arg>secret_sauce</arg>
<status status="PASS" start="2025-02-21T18:10:26.157238" elapsed="0.327149"/>
</kw>
<kw name="ErrorMessageCheck" owner="loginKeyword">
<kw name="Element Should Be Visible" owner="SeleniumLibrary">
<msg time="2025-02-21T18:10:26.588254" level="INFO">Element 'xpath=//*[@data-test="error"]' is displayed.</msg>
<arg>${login_error_message}</arg>
<doc>Verifies that the element identified by ``locator`` is visible.</doc>
<status status="PASS" start="2025-02-21T18:10:26.485387" elapsed="0.102867"/>
</kw>
<kw name="Element Should Contain" owner="SeleniumLibrary">
<msg time="2025-02-21T18:10:26.627864" level="INFO">Element 'xpath=//*[@data-test="error"]' contains text 'Epic sadface: Sorry, this user has been locked out.'.</msg>
<arg>${login_error_message}</arg>
<arg>${msg}</arg>
<doc>Verifies that element ``locator`` contains text ``expected``.</doc>
<status status="PASS" start="2025-02-21T18:10:26.588254" elapsed="0.039610"/>
</kw>
<arg>Epic sadface: Sorry, this user has been locked out.</arg>
<status status="PASS" start="2025-02-21T18:10:26.485387" elapsed="0.142477"/>
</kw>
<kw name="Close Browser" owner="SeleniumLibrary" type="TEARDOWN">
<doc>Closes the current browser.</doc>
<status status="PASS" start="2025-02-21T18:10:26.627864" elapsed="2.155994"/>
</kw>
<status status="PASS" start="2025-02-21T18:10:23.928592" elapsed="4.855266"/>
</test>
<test id="s1-s1-t7" name="CheckLogin Status" line="41">
<kw name="OpenSite" owner="loginKeyword" type="SETUP">
<kw name="Open Browser" owner="SeleniumLibrary">
<msg time="2025-02-21T18:10:28.785853" level="INFO">Opening browser 'headlesschrome' to base url 'https://www.saucedemo.com/'.</msg>
<arg>${url}</arg>
<arg>${browser}</arg>
<doc>Opens a new browser instance to the optional ``url``.</doc>
<status status="PASS" start="2025-02-21T18:10:28.784855" elapsed="2.454411"/>
</kw>
<status status="PASS" start="2025-02-21T18:10:28.784855" elapsed="2.454411"/>
</kw>
<kw name="NotLoggedIn" owner="loginKeyword">
<kw name="Go To" owner="SeleniumLibrary">
<msg time="2025-02-21T18:10:31.240263" level="INFO">Opening url 'https://www.saucedemo.com/inventory.html'</msg>
<arg>https://www.saucedemo.com/inventory.html</arg>
<doc>Navigates the current browser window to the provided ``url``.</doc>
<status status="PASS" start="2025-02-21T18:10:31.240263" elapsed="0.369710"/>
</kw>
<kw name="ErrorMessageCheck" owner="loginKeyword">
<kw name="Element Should Be Visible" owner="SeleniumLibrary">
<msg time="2025-02-21T18:10:31.631987" level="INFO">Element 'xpath=//*[@data-test="error"]' is displayed.</msg>
<arg>${login_error_message}</arg>
<doc>Verifies that the element identified by ``locator`` is visible.</doc>
<status status="PASS" start="2025-02-21T18:10:31.610986" elapsed="0.021999"/>
</kw>
<kw name="Element Should Contain" owner="SeleniumLibrary">
<msg time="2025-02-21T18:10:31.649350" level="INFO">Element 'xpath=//*[@data-test="error"]' contains text 'Epic sadface: You can only access '/inventory.html' when you are logged in.'.</msg>
<arg>${login_error_message}</arg>
<arg>${msg}</arg>
<doc>Verifies that element ``locator`` contains text ``expected``.</doc>
<status status="PASS" start="2025-02-21T18:10:31.632985" elapsed="0.016365"/>
</kw>
<arg>Epic sadface: You can only access '/inventory.html' when you are logged in.</arg>
<status status="PASS" start="2025-02-21T18:10:31.610986" elapsed="0.038364"/>
</kw>
<status status="PASS" start="2025-02-21T18:10:31.239266" elapsed="0.410084"/>
</kw>
<kw name="Close Browser" owner="SeleniumLibrary" type="TEARDOWN">
<doc>Closes the current browser.</doc>
<status status="PASS" start="2025-02-21T18:10:31.650349" elapsed="2.131180"/>
</kw>
<status status="PASS" start="2025-02-21T18:10:28.784855" elapsed="4.996674"/>
</test>
<status status="PASS" start="2025-02-21T18:09:41.597000" elapsed="51.997000"/>
</suite>
<suite id="s1-s2" name="02 Inventory" source="C:\Users\Winner\Automate\TestingSomething\Awesome_site to_test_on\saucedemo\TestCase\02 inventory.robot">
<test id="s1-s2-t1" name="Default" line="8">
<kw name="NormalUser" owner="inventoryKeyword" type="SETUP">
<kw name="OpenSite" owner="loginKeyword">
<kw name="Open Browser" owner="SeleniumLibrary">
<msg time="2025-02-21T18:09:41.813288" level="INFO">Opening browser 'headlesschrome' to base url 'https://www.saucedemo.com/'.</msg>
<arg>${url}</arg>
<arg>${browser}</arg>
<doc>Opens a new browser instance to the optional ``url``.</doc>
<status status="PASS" start="2025-02-21T18:09:41.812291" elapsed="3.277797"/>
</kw>
<status status="PASS" start="2025-02-21T18:09:41.811293" elapsed="3.278795"/>
</kw>
<kw name="LoginSuccess" owner="loginKeyword">
<kw name="Login" owner="loginKeyword">
<kw name="Wait Until Element Is Visible" owner="SeleniumLibrary">
<arg>${login_username}</arg>
<doc>Waits until the element ``locator`` is visible.</doc>
<status status="PASS" start="2025-02-21T18:09:45.092083" elapsed="0.067845"/>
</kw>
<kw name="Input Text" owner="SeleniumLibrary">
<msg time="2025-02-21T18:09:45.160925" level="INFO">Typing text 'standard_user' into text field 'id=user-name'.</msg>
<arg>${login_username}</arg>
<arg>${username}</arg>
<doc>Types the given ``text`` into the text field identified by ``locator``.</doc>
<status status="PASS" start="2025-02-21T18:09:45.159928" elapsed="0.148044"/>
</kw>
<kw name="Input Text" owner="SeleniumLibrary">
<msg time="2025-02-21T18:09:45.307972" level="INFO">Typing text 'secret_sauce' into text field 'id=password'.</msg>
<arg>${login_password}</arg>
<arg>${password}</arg>
<doc>Types the given ``text`` into the text field identified by ``locator``.</doc>
<status status="PASS" start="2025-02-21T18:09:45.307972" elapsed="0.205755"/>
</kw>
<kw name="Click Element" owner="SeleniumLibrary">
<msg time="2025-02-21T18:09:45.516200" level="INFO">Clicking element 'id=login-button'.</msg>
<arg>${login_button}</arg>
<doc>Click the element identified by ``locator``.</doc>
<status status="PASS" start="2025-02-21T18:09:45.515202" elapsed="0.157211"/>
</kw>
<arg>${username}</arg>
<arg>secret_sauce</arg>
<status status="PASS" start="2025-02-21T18:09:45.091085" elapsed="0.581328"/>
</kw>
<kw name="Wait Until Page Contains" owner="SeleniumLibrary">
<arg>Products</arg>
<doc>Waits until ``text`` appears on the current page.</doc>
<status status="PASS" start="2025-02-21T18:09:45.672413" elapsed="0.041408"/>
</kw>
<arg>standard_user</arg>
<status status="PASS" start="2025-02-21T18:09:45.091085" elapsed="0.622736"/>
</kw>
<kw name="Wait Until Page Contains" owner="SeleniumLibrary">
<arg>Swag Labs</arg>
<doc>Waits until ``text`` appears on the current page.</doc>
<status status="PASS" start="2025-02-21T18:09:45.713821" elapsed="0.033913"/>
</kw>
<status status="PASS" start="2025-02-21T18:09:41.811293" elapsed="3.936441"/>
</kw>
<kw name="Location Should Be" owner="SeleniumLibrary">
<msg time="2025-02-21T18:09:45.763205" level="INFO">Current location is 'https://www.saucedemo.com/inventory.html'.</msg>
<arg>https://www.saucedemo.com/inventory.html</arg>
<doc>Verifies that the current URL is exactly ``url``.</doc>
<status status="PASS" start="2025-02-21T18:09:45.747734" elapsed="0.015471"/>
</kw>
<status status="PASS" start="2025-02-21T18:09:41.811293" elapsed="3.951912"/>
</test>
<test id="s1-s2-t2" name="ElementCheck" line="10">
<kw name="NormalUser" owner="inventoryKeyword" type="SETUP">
<kw name="OpenSite" owner="loginKeyword">
<kw name="Open Browser" owner="SeleniumLibrary">
<msg time="2025-02-21T18:09:45.767195" level="INFO">Opening browser 'headlesschrome' to base url 'https://www.saucedemo.com/'.</msg>
<arg>${url}</arg>
<arg>${browser}</arg>
<doc>Opens a new browser instance to the optional ``url``.</doc>
<status status="PASS" start="2025-02-21T18:09:45.766197" elapsed="2.578114"/>
</kw>
<status status="PASS" start="2025-02-21T18:09:45.766197" elapsed="2.579115"/>
</kw>
<kw name="LoginSuccess" owner="loginKeyword">
<kw name="Login" owner="loginKeyword">
<kw name="Wait Until Element Is Visible" owner="SeleniumLibrary">
<arg>${login_username}</arg>
<doc>Waits until the element ``locator`` is visible.</doc>
<status status="PASS" start="2025-02-21T18:09:48.345312" elapsed="0.032000"/>
</kw>
<kw name="Input Text" owner="SeleniumLibrary">
<msg time="2025-02-21T18:09:48.378730" level="INFO">Typing text 'standard_user' into text field 'id=user-name'.</msg>
<arg>${login_username}</arg>
<arg>${username}</arg>
<doc>Types the given ``text`` into the text field identified by ``locator``.</doc>
<status status="PASS" start="2025-02-21T18:09:48.377312" elapsed="0.127005"/>
</kw>
<kw name="Input Text" owner="SeleniumLibrary">
<msg time="2025-02-21T18:09:48.505314" level="INFO">Typing text 'secret_sauce' into text field 'id=password'.</msg>
<arg>${login_password}</arg>
<arg>${password}</arg>
<doc>Types the given ``text`` into the text field identified by ``locator``.</doc>
<status status="PASS" start="2025-02-21T18:09:48.504317" elapsed="0.106591"/>
</kw>
<kw name="Click Element" owner="SeleniumLibrary">
<msg time="2025-02-21T18:09:48.610908" level="INFO">Clicking element 'id=login-button'.</msg>
<arg>${login_button}</arg>
<doc>Click the element identified by ``locator``.</doc>
<status status="PASS" start="2025-02-21T18:09:48.610908" elapsed="0.114620"/>
</kw>
<arg>${username}</arg>
<arg>secret_sauce</arg>
<status status="PASS" start="2025-02-21T18:09:48.345312" elapsed="0.380216"/>
</kw>
<kw name="Wait Until Page Contains" owner="SeleniumLibrary">
<arg>Products</arg>
<doc>Waits until ``text`` appears on the current page.</doc>
<status status="PASS" start="2025-02-21T18:09:48.725528" elapsed="0.080822"/>
</kw>
<arg>standard_user</arg>
<status status="PASS" start="2025-02-21T18:09:48.345312" elapsed="0.461038"/>
</kw>
<kw name="Wait Until Page Contains" owner="SeleniumLibrary">
<arg>Swag Labs</arg>
<doc>Waits until ``text`` appears on the current page.</doc>
<status status="PASS" start="2025-02-21T18:09:48.807347" elapsed="0.022450"/>
</kw>
<status status="PASS" start="2025-02-21T18:09:45.765201" elapsed="3.064596"/>
</kw>
<kw name="Element Should Be Visible" owner="SeleniumLibrary">
<msg time="2025-02-21T18:09:48.856729" level="INFO">Element 'id=react-burger-menu-btn' is displayed.</msg>
<arg>${btn_submenu}</arg>
<doc>Verifies that the element identified by ``locator`` is visible.</doc>
<status status="PASS" start="2025-02-21T18:09:48.829797" elapsed="0.026932"/>
</kw>
<kw name="Element Should Be Visible" owner="SeleniumLibrary">
<msg time="2025-02-21T18:09:48.878239" level="INFO">Element 'xpath=//*[@id="shopping_cart_container"]/a' is displayed.</msg>
<arg>${btn_cart}</arg>
<doc>Verifies that the element identified by ``locator`` is visible.</doc>
<status status="PASS" start="2025-02-21T18:09:48.856729" elapsed="0.021510"/>
</kw>
<kw name="Element Should Be Visible" owner="SeleniumLibrary">
<msg time="2025-02-21T18:09:48.909104" level="INFO">Element 'xpath=//*[@class="product_sort_container"]' is displayed.</msg>
<arg>${btn_sort}</arg>
<doc>Verifies that the element identified by ``locator`` is visible.</doc>
<status status="PASS" start="2025-02-21T18:09:48.879237" elapsed="0.029867"/>
</kw>
<status status="PASS" start="2025-02-21T18:09:45.764202" elapsed="3.144902"/>
</test>
<test id="s1-s2-t3" name="Submenu" line="14">
<kw name="NormalUser" owner="inventoryKeyword" type="SETUP">
<kw name="OpenSite" owner="loginKeyword">
<kw name="Open Browser" owner="SeleniumLibrary">
<msg time="2025-02-21T18:09:48.910100" level="INFO">Opening browser 'headlesschrome' to base url 'https://www.saucedemo.com/'.</msg>
<arg>${url}</arg>
<arg>${browser}</arg>
<doc>Opens a new browser instance to the optional ``url``.</doc>
<status status="PASS" start="2025-02-21T18:09:48.910100" elapsed="2.593946"/>
</kw>
<status status="PASS" start="2025-02-21T18:09:48.910100" elapsed="2.593946"/>
</kw>
<kw name="LoginSuccess" owner="loginKeyword">
<kw name="Login" owner="loginKeyword">
<kw name="Wait Until Element Is Visible" owner="SeleniumLibrary">
<arg>${login_username}</arg>
<doc>Waits until the element ``locator`` is visible.</doc>
<status status="PASS" start="2025-02-21T18:09:51.505458" elapsed="0.025111"/>
</kw>
<kw name="Input Text" owner="SeleniumLibrary">
<msg time="2025-02-21T18:09:51.530569" level="INFO">Typing text 'standard_user' into text field 'id=user-name'.</msg>
<arg>${login_username}</arg>
<arg>${username}</arg>
<doc>Types the given ``text`` into the text field identified by ``locator``.</doc>
<status status="PASS" start="2025-02-21T18:09:51.530569" elapsed="0.110052"/>
</kw>
<kw name="Input Text" owner="SeleniumLibrary">
<msg time="2025-02-21T18:09:51.641646" level="INFO">Typing text 'secret_sauce' into text field 'id=password'.</msg>
<arg>${login_password}</arg>
<arg>${password}</arg>
<doc>Types the given ``text`` into the text field identified by ``locator``.</doc>
<status status="PASS" start="2025-02-21T18:09:51.641646" elapsed="0.084092"/>
</kw>
<kw name="Click Element" owner="SeleniumLibrary">
<msg time="2025-02-21T18:09:51.727060" level="INFO">Clicking element 'id=login-button'.</msg>
<arg>${login_button}</arg>
<doc>Click the element identified by ``locator``.</doc>
<status status="PASS" start="2025-02-21T18:09:51.725738" elapsed="0.087457"/>
</kw>
<arg>${username}</arg>
<arg>secret_sauce</arg>
<status status="PASS" start="2025-02-21T18:09:51.505458" elapsed="0.307737"/>
</kw>
<kw name="Wait Until Page Contains" owner="SeleniumLibrary">
<arg>Products</arg>
<doc>Waits until ``text`` appears on the current page.</doc>
<status status="PASS" start="2025-02-21T18:09:51.813195" elapsed="0.011594"/>
</kw>
<arg>standard_user</arg>
<status status="PASS" start="2025-02-21T18:09:51.504046" elapsed="0.320743"/>
</kw>
<kw name="Wait Until Page Contains" owner="SeleniumLibrary">
<arg>Swag Labs</arg>
<doc>Waits until ``text`` appears on the current page.</doc>
<status status="PASS" start="2025-02-21T18:09:51.825795" elapsed="0.008449"/>
</kw>
<status status="PASS" start="2025-02-21T18:09:48.909104" elapsed="2.926631"/>
</kw>
<kw name="SelectSubmenu" owner="inventoryKeyword">
<kw name="Click Element" owner="SeleniumLibrary">
<msg time="2025-02-21T18:09:51.835735" level="INFO">Clicking element 'id=react-burger-menu-btn'.</msg>
<arg>${btn_submenu}</arg>
<doc>Click the element identified by ``locator``.</doc>
<status status="PASS" start="2025-02-21T18:09:51.835735" elapsed="0.171078"/>
</kw>
<kw name="Wait Until Element Is Visible" owner="SeleniumLibrary">
<arg>${submenu_item_list}</arg>
<doc>Waits until the element ``locator`` is visible.</doc>
<status status="PASS" start="2025-02-21T18:09:52.006813" elapsed="0.232971"/>
</kw>
<kw name="Click Element" owner="SeleniumLibrary">
<msg time="2025-02-21T18:09:52.240799" level="INFO">Clicking element 'id=about_sidebar_link'.</msg>
<arg>${${sub}}</arg>
<doc>Click the element identified by ``locator``.</doc>
<status status="PASS" start="2025-02-21T18:09:52.240799" elapsed="5.206230"/>
</kw>
<arg>about</arg>
<status status="PASS" start="2025-02-21T18:09:51.835735" elapsed="5.611294"/>
</kw>
<kw name="Location Should Be" owner="SeleniumLibrary">
<msg time="2025-02-21T18:09:57.614660" level="INFO">Current location is 'https://saucelabs.com/'.</msg>
<arg>https://saucelabs.com/</arg>
<doc>Verifies that the current URL is exactly ``url``.</doc>
<status status="PASS" start="2025-02-21T18:09:57.447029" elapsed="0.167631"/>
</kw>
<kw name="Go Back" owner="SeleniumLibrary">
<doc>Simulates the user clicking the back button on their browser.</doc>
<status status="PASS" start="2025-02-21T18:09:57.614660" elapsed="0.765312"/>
</kw>
<kw name="SelectSubmenu" owner="inventoryKeyword">
<kw name="Click Element" owner="SeleniumLibrary">
<msg time="2025-02-21T18:09:58.381971" level="INFO">Clicking element 'id=react-burger-menu-btn'.</msg>
<arg>${btn_submenu}</arg>
<doc>Click the element identified by ``locator``.</doc>
<status status="PASS" start="2025-02-21T18:09:58.380970" elapsed="0.080340"/>
</kw>
<kw name="Wait Until Element Is Visible" owner="SeleniumLibrary">
<arg>${submenu_item_list}</arg>
<doc>Waits until the element ``locator`` is visible.</doc>
<status status="PASS" start="2025-02-21T18:09:58.461310" elapsed="0.255097"/>
</kw>
<kw name="Click Element" owner="SeleniumLibrary">
<msg time="2025-02-21T18:09:58.717405" level="INFO">Clicking element 'id=reset_sidebar_link'.</msg>
<arg>${${sub}}</arg>
<doc>Click the element identified by ``locator``.</doc>
<status status="PASS" start="2025-02-21T18:09:58.717405" elapsed="0.104796"/>
</kw>
<arg>resetApp</arg>
<status status="PASS" start="2025-02-21T18:09:58.379972" elapsed="0.442229"/>
</kw>
<kw name="Click Element" owner="SeleniumLibrary">
<msg time="2025-02-21T18:09:58.823197" level="INFO">Clicking element 'xpath=//*[@id="shopping_cart_container"]/a'.</msg>
<arg>${btn_cart}</arg>
<doc>Click the element identified by ``locator``.</doc>
<status status="PASS" start="2025-02-21T18:09:58.822201" elapsed="0.181456"/>
</kw>
<kw name="SelectSubmenu" owner="inventoryKeyword">
<kw name="Click Element" owner="SeleniumLibrary">
<msg time="2025-02-21T18:09:59.005651" level="INFO">Clicking element 'id=react-burger-menu-btn'.</msg>
<arg>${btn_submenu}</arg>
<doc>Click the element identified by ``locator``.</doc>
<status status="PASS" start="2025-02-21T18:09:59.004654" elapsed="0.075931"/>
</kw>
<kw name="Wait Until Element Is Visible" owner="SeleniumLibrary">
<arg>${submenu_item_list}</arg>
<doc>Waits until the element ``locator`` is visible.</doc>
<status status="PASS" start="2025-02-21T18:09:59.081582" elapsed="0.240498"/>
</kw>
<kw name="Click Element" owner="SeleniumLibrary">
<msg time="2025-02-21T18:09:59.323216" level="INFO">Clicking element 'xpath=//*[@id="inventory_sidebar_link"]'.</msg>
<arg>${${sub}}</arg>
<doc>Click the element identified by ``locator``.</doc>
<status status="PASS" start="2025-02-21T18:09:59.322080" elapsed="0.118938"/>
</kw>
<arg>allitem</arg>
<status status="PASS" start="2025-02-21T18:09:59.004654" elapsed="0.436364"/>
</kw>
<kw name="Location Should Be" owner="SeleniumLibrary">
<msg time="2025-02-21T18:09:59.448002" level="INFO">Current location is 'https://www.saucedemo.com/inventory.html'.</msg>
<arg>https://www.saucedemo.com/inventory.html</arg>
<doc>Verifies that the current URL is exactly ``url``.</doc>
<status status="PASS" start="2025-02-21T18:09:59.441018" elapsed="0.006984"/>
</kw>
<kw name="SelectSubmenu" owner="inventoryKeyword">
<kw name="Click Element" owner="SeleniumLibrary">
<msg time="2025-02-21T18:09:59.449000" level="INFO">Clicking element 'id=react-burger-menu-btn'.</msg>
<arg>${btn_submenu}</arg>
<doc>Click the element identified by ``locator``.</doc>
<status status="PASS" start="2025-02-21T18:09:59.449000" elapsed="0.048239"/>
</kw>
<kw name="Wait Until Element Is Visible" owner="SeleniumLibrary">
<arg>${submenu_item_list}</arg>
<doc>Waits until the element ``locator`` is visible.</doc>
<status status="PASS" start="2025-02-21T18:09:59.497239" elapsed="0.259579"/>
</kw>
<kw name="Click Element" owner="SeleniumLibrary">
<msg time="2025-02-21T18:09:59.757816" level="INFO">Clicking element 'id=logout_sidebar_link'.</msg>
<arg>${${sub}}</arg>
<doc>Click the element identified by ``locator``.</doc>
<status status="PASS" start="2025-02-21T18:09:59.757816" elapsed="0.091352"/>
</kw>
<arg>logout</arg>
<status status="PASS" start="2025-02-21T18:09:59.448002" elapsed="0.401166"/>
</kw>
<kw name="Location Should Be" owner="SeleniumLibrary">
<msg time="2025-02-21T18:09:59.856330" level="INFO">Current location is 'https://www.saucedemo.com/'.</msg>
<arg>https://www.saucedemo.com/</arg>
<doc>Verifies that the current URL is exactly ``url``.</doc>
<status status="PASS" start="2025-02-21T18:09:59.849168" elapsed="0.007162"/>
</kw>
<kw name="NotLoggedIn" owner="loginKeyword">
<kw name="Go To" owner="SeleniumLibrary">
<msg time="2025-02-21T18:09:59.857467" level="INFO">Opening url 'https://www.saucedemo.com/inventory.html'</msg>
<arg>https://www.saucedemo.com/inventory.html</arg>
<doc>Navigates the current browser window to the provided ``url``.</doc>
<status status="PASS" start="2025-02-21T18:09:59.857467" elapsed="0.301034"/>
</kw>
<kw name="ErrorMessageCheck" owner="loginKeyword">
<kw name="Element Should Be Visible" owner="SeleniumLibrary">
<msg time="2025-02-21T18:10:00.183974" level="INFO">Element 'xpath=//*[@data-test="error"]' is displayed.</msg>
<arg>${login_error_message}</arg>
<doc>Verifies that the element identified by ``locator`` is visible.</doc>
<status status="PASS" start="2025-02-21T18:10:00.159499" elapsed="0.024475"/>
</kw>
<kw name="Element Should Contain" owner="SeleniumLibrary">
<msg time="2025-02-21T18:10:00.203511" level="INFO">Element 'xpath=//*[@data-test="error"]' contains text 'Epic sadface: You can only access '/inventory.html' when you are logged in.'.</msg>
<arg>${login_error_message}</arg>
<arg>${msg}</arg>
<doc>Verifies that element ``locator`` contains text ``expected``.</doc>
<status status="PASS" start="2025-02-21T18:10:00.184971" elapsed="0.018540"/>
</kw>
<arg>Epic sadface: You can only access '/inventory.html' when you are logged in.</arg>
<status status="PASS" start="2025-02-21T18:10:00.158501" elapsed="0.045010"/>
</kw>
<status status="PASS" start="2025-02-21T18:09:59.857467" elapsed="0.346044"/>
</kw>
<status status="PASS" start="2025-02-21T18:09:48.909104" elapsed="11.295405"/>
</test>
<test id="s1-s2-t4" name="CartBtn" line="26">
<kw name="NormalUser" owner="inventoryKeyword" type="SETUP">
<kw name="OpenSite" owner="loginKeyword">
<kw name="Open Browser" owner="SeleniumLibrary">
<msg time="2025-02-21T18:10:00.205505" level="INFO">Opening browser 'headlesschrome' to base url 'https://www.saucedemo.com/'.</msg>
<arg>${url}</arg>
<arg>${browser}</arg>
<doc>Opens a new browser instance to the optional ``url``.</doc>
<status status="PASS" start="2025-02-21T18:10:00.205505" elapsed="2.251509"/>
</kw>
<status status="PASS" start="2025-02-21T18:10:00.205505" elapsed="2.251509"/>
</kw>
<kw name="LoginSuccess" owner="loginKeyword">
<kw name="Login" owner="loginKeyword">
<kw name="Wait Until Element Is Visible" owner="SeleniumLibrary">
<arg>${login_username}</arg>
<doc>Waits until the element ``locator`` is visible.</doc>
<status status="PASS" start="2025-02-21T18:10:02.458012" elapsed="0.501669"/>
</kw>
<kw name="Input Text" owner="SeleniumLibrary">
<msg time="2025-02-21T18:10:02.960678" level="INFO">Typing text 'standard_user' into text field 'id=user-name'.</msg>
<arg>${login_username}</arg>
<arg>${username}</arg>
<doc>Types the given ``text`` into the text field identified by ``locator``.</doc>
<status status="PASS" start="2025-02-21T18:10:02.959681" elapsed="0.163132"/>
</kw>
<kw name="Input Text" owner="SeleniumLibrary">
<msg time="2025-02-21T18:10:03.123810" level="INFO">Typing text 'secret_sauce' into text field 'id=password'.</msg>
<arg>${login_password}</arg>
<arg>${password}</arg>
<doc>Types the given ``text`` into the text field identified by ``locator``.</doc>
<status status="PASS" start="2025-02-21T18:10:03.122813" elapsed="0.193274"/>
</kw>
<kw name="Click Element" owner="SeleniumLibrary">
<msg time="2025-02-21T18:10:03.317084" level="INFO">Clicking element 'id=login-button'.</msg>
<arg>${login_button}</arg>
<doc>Click the element identified by ``locator``.</doc>
<status status="PASS" start="2025-02-21T18:10:03.317084" elapsed="0.726748"/>
</kw>
<arg>${username}</arg>
<arg>secret_sauce</arg>
<status status="PASS" start="2025-02-21T18:10:02.457014" elapsed="1.586818"/>
</kw>
<kw name="Wait Until Page Contains" owner="SeleniumLibrary">
<arg>Products</arg>
<doc>Waits until ``text`` appears on the current page.</doc>
<status status="PASS" start="2025-02-21T18:10:04.043832" elapsed="0.075334"/>
</kw>
<arg>standard_user</arg>
<status status="PASS" start="2025-02-21T18:10:02.457014" elapsed="1.662152"/>
</kw>
<kw name="Wait Until Page Contains" owner="SeleniumLibrary">
<arg>Swag Labs</arg>
<doc>Waits until ``text`` appears on the current page.</doc>
<status status="PASS" start="2025-02-21T18:10:04.119166" elapsed="0.042886"/>
</kw>
<status status="PASS" start="2025-02-21T18:10:00.204509" elapsed="3.958540"/>
</kw>
<kw name="Click Element" owner="SeleniumLibrary">
<msg time="2025-02-21T18:10:04.164045" level="INFO">Clicking element 'xpath=//*[@id="shopping_cart_container"]/a'.</msg>
<arg>${btn_cart}</arg>
<doc>Click the element identified by ``locator``.</doc>
<status status="PASS" start="2025-02-21T18:10:04.163049" elapsed="0.147876"/>
</kw>
<kw name="Location Should Be" owner="SeleniumLibrary">
<msg time="2025-02-21T18:10:04.318254" level="INFO">Current location is 'https://www.saucedemo.com/cart.html'.</msg>
<arg>https://www.saucedemo.com/cart.html</arg>
<doc>Verifies that the current URL is exactly ``url``.</doc>
<status status="PASS" start="2025-02-21T18:10:04.310925" elapsed="0.007329"/>
</kw>
<status status="PASS" start="2025-02-21T18:10:00.204509" elapsed="4.113745"/>
</test>
<test id="s1-s2-t5" name="Sort" line="29">
<kw name="NormalUser" owner="inventoryKeyword" type="SETUP">
<kw name="OpenSite" owner="loginKeyword">
<kw name="Open Browser" owner="SeleniumLibrary">
<msg time="2025-02-21T18:10:04.321446" level="INFO">Opening browser 'headlesschrome' to base url 'https://www.saucedemo.com/'.</msg>
<arg>${url}</arg>
<arg>${browser}</arg>
<doc>Opens a new browser instance to the optional ``url``.</doc>
<status status="PASS" start="2025-02-21T18:10:04.321446" elapsed="2.526449"/>
</kw>
<status status="PASS" start="2025-02-21T18:10:04.320448" elapsed="2.527447"/>
</kw>
<kw name="LoginSuccess" owner="loginKeyword">
<kw name="Login" owner="loginKeyword">
<kw name="Wait Until Element Is Visible" owner="SeleniumLibrary">
<arg>${login_username}</arg>
<doc>Waits until the element ``locator`` is visible.</doc>
<status status="PASS" start="2025-02-21T18:10:06.849886" elapsed="0.460991"/>
</kw>
<kw name="Input Text" owner="SeleniumLibrary">
<msg time="2025-02-21T18:10:07.311876" level="INFO">Typing text 'standard_user' into text field 'id=user-name'.</msg>
<arg>${login_username}</arg>
<arg>${username}</arg>
<doc>Types the given ``text`` into the text field identified by ``locator``.</doc>
<status status="PASS" start="2025-02-21T18:10:07.310877" elapsed="0.257817"/>
</kw>
<kw name="Input Text" owner="SeleniumLibrary">
<msg time="2025-02-21T18:10:07.569690" level="INFO">Typing text 'secret_sauce' into text field 'id=password'.</msg>
<arg>${login_password}</arg>
<arg>${password}</arg>
<doc>Types the given ``text`` into the text field identified by ``locator``.</doc>
<status status="PASS" start="2025-02-21T18:10:07.568694" elapsed="0.137188"/>
</kw>
<kw name="Click Element" owner="SeleniumLibrary">
<msg time="2025-02-21T18:10:07.705882" level="INFO">Clicking element 'id=login-button'.</msg>
<arg>${login_button}</arg>
<doc>Click the element identified by ``locator``.</doc>
<status status="PASS" start="2025-02-21T18:10:07.705882" elapsed="0.139207"/>
</kw>
<arg>${username}</arg>
<arg>secret_sauce</arg>
<status status="PASS" start="2025-02-21T18:10:06.848889" elapsed="0.996200"/>
</kw>
<kw name="Wait Until Page Contains" owner="SeleniumLibrary">
<arg>Products</arg>
<doc>Waits until ``text`` appears on the current page.</doc>
<status status="PASS" start="2025-02-21T18:10:07.846086" elapsed="0.030921"/>
</kw>
<arg>standard_user</arg>
<status status="PASS" start="2025-02-21T18:10:06.848889" elapsed="1.028118"/>
</kw>
<kw name="Wait Until Page Contains" owner="SeleniumLibrary">
<arg>Swag Labs</arg>
<doc>Waits until ``text`` appears on the current page.</doc>
<status status="PASS" start="2025-02-21T18:10:07.877007" elapsed="0.017848"/>
</kw>
<status status="PASS" start="2025-02-21T18:10:04.320448" elapsed="3.574407"/>
</kw>
<kw name="CheckList" owner="inventoryKeyword">
<kw name="GetAllitemName" owner="inventoryKeyword">
<kw name="Create List" owner="BuiltIn">
<msg time="2025-02-21T18:10:07.897358" level="INFO">@{name} = [ ]</msg>
<var>@{name}</var>
<doc>Returns a list containing given items.</doc>
<status status="PASS" start="2025-02-21T18:10:07.897358" elapsed="0.000000"/>
</kw>
<kw name="Get WebElements" owner="SeleniumLibrary">
<msg time="2025-02-21T18:10:07.917308" level="INFO">@{item} = [ &lt;selenium.webdriver.remote.webelement.WebElement (session="7f7747ec21620eda4f4ddd3d8bbc5b25", element="f.AF41731E255ED8CE8A10E9FC40D0A92F.d.801431AB5C57B9A35DC35A7AC3EC9F00.e.41")&gt; | &lt;selenium.webdr...</msg>
<var>@{item}</var>
<arg>xpath=//*[@class="inventory_item_name "]</arg>
<doc>Returns a list of WebElement objects matching the ``locator``.</doc>
<status status="PASS" start="2025-02-21T18:10:07.897358" elapsed="0.019950"/>
</kw>
<for flavor="IN RANGE">
<iter>
<kw name="Get Text" owner="SeleniumLibrary">
<msg time="2025-02-21T18:10:07.934778" level="INFO">${elem} = Sauce Labs Backpack</msg>
<var>${elem}</var>
<arg>${item}[${i}]</arg>
<doc>Returns the text value of the element identified by ``locator``.</doc>
<status status="PASS" start="2025-02-21T18:10:07.918305" elapsed="0.016473"/>
</kw>
<kw name="Append To List" owner="Collections">
<arg>${name}</arg>
<arg>${elem}</arg>
<doc>Adds ``values`` to the end of ``list``.</doc>
<status status="PASS" start="2025-02-21T18:10:07.934778" elapsed="0.000997"/>
</kw>
<var name="${i}">0</var>
<status status="PASS" start="2025-02-21T18:10:07.918305" elapsed="0.017470"/>
</iter>
<iter>
<kw name="Get Text" owner="SeleniumLibrary">
<msg time="2025-02-21T18:10:07.952729" level="INFO">${elem} = Sauce Labs Bike Light</msg>
<var>${elem}</var>
<arg>${item}[${i}]</arg>
<doc>Returns the text value of the element identified by ``locator``.</doc>
<status status="PASS" start="2025-02-21T18:10:07.936771" elapsed="0.015958"/>
</kw>
<kw name="Append To List" owner="Collections">
<arg>${name}</arg>
<arg>${elem}</arg>
<doc>Adds ``values`` to the end of ``list``.</doc>
<status status="PASS" start="2025-02-21T18:10:07.952729" elapsed="0.000000"/>
</kw>
<var name="${i}">1</var>
<status status="PASS" start="2025-02-21T18:10:07.935775" elapsed="0.016954"/>
</iter>
<iter>
<kw name="Get Text" owner="SeleniumLibrary">
<msg time="2025-02-21T18:10:07.966723" level="INFO">${elem} = Sauce Labs Bolt T-Shirt</msg>
<var>${elem}</var>
<arg>${item}[${i}]</arg>
<doc>Returns the text value of the element identified by ``locator``.</doc>
<status status="PASS" start="2025-02-21T18:10:07.954012" elapsed="0.012711"/>
</kw>
<kw name="Append To List" owner="Collections">
<arg>${name}</arg>
<arg>${elem}</arg>
<doc>Adds ``values`` to the end of ``list``.</doc>
<status status="PASS" start="2025-02-21T18:10:07.966723" elapsed="0.000000"/>
</kw>
<var name="${i}">2</var>
<status status="PASS" start="2025-02-21T18:10:07.952729" elapsed="0.014999"/>
</iter>
<iter>
<kw name="Get Text" owner="SeleniumLibrary">
<msg time="2025-02-21T18:10:07.980891" level="INFO">${elem} = Sauce Labs Fleece Jacket</msg>
<var>${elem}</var>
<arg>${item}[${i}]</arg>
<doc>Returns the text value of the element identified by ``locator``.</doc>
<status status="PASS" start="2025-02-21T18:10:07.967728" elapsed="0.013163"/>
</kw>
<kw name="Append To List" owner="Collections">
<arg>${name}</arg>
<arg>${elem}</arg>
<doc>Adds ``values`` to the end of ``list``.</doc>
<status status="PASS" start="2025-02-21T18:10:07.980891" elapsed="0.000000"/>
</kw>
<var name="${i}">3</var>
<status status="PASS" start="2025-02-21T18:10:07.967728" elapsed="0.013163"/>
</iter>
<iter>
<kw name="Get Text" owner="SeleniumLibrary">
<msg time="2025-02-21T18:10:08.004155" level="INFO">${elem} = Sauce Labs Onesie</msg>
<var>${elem}</var>
<arg>${item}[${i}]</arg>
<doc>Returns the text value of the element identified by ``locator``.</doc>
<status status="PASS" start="2025-02-21T18:10:07.982175" elapsed="0.021980"/>
</kw>
<kw name="Append To List" owner="Collections">
<arg>${name}</arg>
<arg>${elem}</arg>
<doc>Adds ``values`` to the end of ``list``.</doc>
<status status="PASS" start="2025-02-21T18:10:08.004155" elapsed="0.000000"/>
</kw>
<var name="${i}">4</var>
<status status="PASS" start="2025-02-21T18:10:07.980891" elapsed="0.023264"/>
</iter>
<iter>
<kw name="Get Text" owner="SeleniumLibrary">
<msg time="2025-02-21T18:10:08.013816" level="INFO">${elem} = Test.allTheThings() T-Shirt (Red)</msg>
<var>${elem}</var>
<arg>${item}[${i}]</arg>
<doc>Returns the text value of the element identified by ``locator``.</doc>
<status status="PASS" start="2025-02-21T18:10:08.005153" elapsed="0.008663"/>
</kw>
<kw name="Append To List" owner="Collections">
<arg>${name}</arg>
<arg>${elem}</arg>
<doc>Adds ``values`` to the end of ``list``.</doc>
<status status="PASS" start="2025-02-21T18:10:08.013816" elapsed="0.000000"/>
</kw>
<var name="${i}">5</var>
<status status="PASS" start="2025-02-21T18:10:08.005153" elapsed="0.008663"/>
</iter>
<var>${i}</var>
<value>6</value>
<status status="PASS" start="2025-02-21T18:10:07.917308" elapsed="0.096508"/>
</for>
<return>
<value>@{name}</value>
<status status="PASS" start="2025-02-21T18:10:08.013816" elapsed="0.000997"/>
</return>
<msg time="2025-02-21T18:10:08.014813" level="INFO">@{list_name} = [ Sauce Labs Backpack | Sauce Labs Bike Light | Sauce Labs Bolt T-Shirt | Sauce Labs Fleece Jacket | Sauce Labs Onesie | Test.allTheThings() T-Shirt (Red) ]</msg>
<var>@{list_name}</var>
<status status="PASS" start="2025-02-21T18:10:07.896358" elapsed="0.118455"/>
</kw>
<kw name="GetAllitemPrice" owner="inventoryKeyword">
<kw name="Create List" owner="BuiltIn">
<msg time="2025-02-21T18:10:08.015811" level="INFO">@{price} = [ ]</msg>
<var>@{price}</var>
<doc>Returns a list containing given items.</doc>
<status status="PASS" start="2025-02-21T18:10:08.014813" elapsed="0.000998"/>
</kw>
<kw name="Get WebElements" owner="SeleniumLibrary">
<msg time="2025-02-21T18:10:08.031225" level="INFO">@{item} = [ &lt;selenium.webdriver.remote.webelement.WebElement (session="7f7747ec21620eda4f4ddd3d8bbc5b25", element="f.AF41731E255ED8CE8A10E9FC40D0A92F.d.801431AB5C57B9A35DC35A7AC3EC9F00.e.47")&gt; | &lt;selenium.webdr...</msg>
<var>@{item}</var>
<arg>xpath=//*[@class="inventory_item_price"]</arg>
[...]
<status status="PASS" start="2025-02-21T18:11:01.851047" elapsed="0.043406"/>
</kw>
<kw name="Click Element" owner="SeleniumLibrary">
<msg time="2025-02-21T18:11:01.895450" level="INFO">Clicking element '&lt;selenium.webdriver.remote.webelement.WebElement (session="f2ecc65766d7b6dac592c8f1c5db6400", element="f.C2440C714FFC06207F23522E9BF72409.d.0651D7228BC5F967A618E3B2A763E5A6.e.42")&gt;'.</msg>
<arg>${add_to_cart}[${item}]</arg>
<doc>Click the element identified by ``locator``.</doc>
<status status="PASS" start="2025-02-21T18:11:01.894453" elapsed="0.086794"/>
</kw>
<arg>1</arg>
<status status="PASS" start="2025-02-21T18:11:01.828108" elapsed="0.153139"/>
</kw>
<kw name="GetitemBtn" owner="inventoryKeyword">
<kw name="Wait Until Page Contains" owner="SeleniumLibrary">
<arg>Swag</arg>
<doc>Waits until ``text`` appears on the current page.</doc>
<status status="PASS" start="2025-02-21T18:11:01.982245" elapsed="0.034927"/>
</kw>
<kw name="Get WebElements" owner="SeleniumLibrary">
<msg time="2025-02-21T18:11:02.081521" level="INFO">@{add_to_cart} = [ &lt;selenium.webdriver.remote.webelement.WebElement (session="f2ecc65766d7b6dac592c8f1c5db6400", element="f.C2440C714FFC06207F23522E9BF72409.d.0651D7228BC5F967A618E3B2A763E5A6.e.41")&gt; | &lt;selenium.webdr...</msg>
<var>@{add_to_cart}</var>
<arg>xpath=//*[@class="btn btn_primary btn_small btn_inventory "]</arg>
<doc>Returns a list of WebElement objects matching the ``locator``.</doc>
<status status="PASS" start="2025-02-21T18:11:02.017172" elapsed="0.064349"/>
</kw>
<kw name="Click Element" owner="SeleniumLibrary">
<msg time="2025-02-21T18:11:02.082518" level="INFO">Clicking element '&lt;selenium.webdriver.remote.webelement.WebElement (session="f2ecc65766d7b6dac592c8f1c5db6400", element="f.C2440C714FFC06207F23522E9BF72409.d.0651D7228BC5F967A618E3B2A763E5A6.e.44")&gt;'.</msg>
<arg>${add_to_cart}[${item}]</arg>
<doc>Click the element identified by ``locator``.</doc>
<status status="PASS" start="2025-02-21T18:11:02.081521" elapsed="0.248329"/>
</kw>
<arg>2</arg>
<status status="PASS" start="2025-02-21T18:11:01.981247" elapsed="0.348603"/>
</kw>
<kw name="GotoCartPage" owner="cartKeyword">
<kw name="Click Element" owner="SeleniumLibrary">
<msg time="2025-02-21T18:11:02.330848" level="INFO">Clicking element 'xpath=//*[@id="shopping_cart_container"]/a'.</msg>
<arg>${btn_cart}</arg>
<doc>Click the element identified by ``locator``.</doc>
<status status="PASS" start="2025-02-21T18:11:02.330848" elapsed="0.074914"/>
</kw>
<status status="PASS" start="2025-02-21T18:11:02.329850" elapsed="0.075912"/>
</kw>
<status status="PASS" start="2025-02-21T18:11:01.828108" elapsed="0.577654"/>
</kw>
<status status="PASS" start="2025-02-21T18:10:58.982196" elapsed="3.423566"/>
</kw>
<kw name="CartItem Detail" owner="cartKeyword">
<kw name="Get WebElements" owner="SeleniumLibrary">
<msg time="2025-02-21T18:11:02.417575" level="INFO">@{item_name} = [ &lt;selenium.webdriver.remote.webelement.WebElement (session="f2ecc65766d7b6dac592c8f1c5db6400", element="f.C2440C714FFC06207F23522E9BF72409.d.0651D7228BC5F967A618E3B2A763E5A6.e.54")&gt; | &lt;selenium.webdr...</msg>
<var>@{item_name}</var>
<arg>xpath=//*[@class="inventory_item_name"]</arg>
<doc>Returns a list of WebElement objects matching the ``locator``.</doc>
<status status="PASS" start="2025-02-21T18:11:02.406876" elapsed="0.010699"/>
</kw>
<kw name="Get WebElements" owner="SeleniumLibrary">
<msg time="2025-02-21T18:11:02.427197" level="INFO">@{item_quantity} = [ &lt;selenium.webdriver.remote.webelement.WebElement (session="f2ecc65766d7b6dac592c8f1c5db6400", element="f.C2440C714FFC06207F23522E9BF72409.d.0651D7228BC5F967A618E3B2A763E5A6.e.56")&gt; | &lt;selenium.webdr...</msg>
<var>@{item_quantity}</var>
<arg>xpath=//*[@class="cart_quantity"]</arg>
<doc>Returns a list of WebElement objects matching the ``locator``.</doc>
<status status="PASS" start="2025-02-21T18:11:02.417575" elapsed="0.009622"/>
</kw>
<kw name="Get WebElements" owner="SeleniumLibrary">
<msg time="2025-02-21T18:11:02.449704" level="INFO">@{item_detail} = [ &lt;selenium.webdriver.remote.webelement.WebElement (session="f2ecc65766d7b6dac592c8f1c5db6400", element="f.C2440C714FFC06207F23522E9BF72409.d.0651D7228BC5F967A618E3B2A763E5A6.e.58")&gt; | &lt;selenium.webdr...</msg>
<var>@{item_detail}</var>
<arg>xpath=//*[@class="inventory_item_desc"]</arg>
<doc>Returns a list of WebElement objects matching the ``locator``.</doc>
<status status="PASS" start="2025-02-21T18:11:02.427197" elapsed="0.022507"/>
</kw>
<kw name="Get WebElements" owner="SeleniumLibrary">
<msg time="2025-02-21T18:11:02.458791" level="INFO">@{item_price} = [ &lt;selenium.webdriver.remote.webelement.WebElement (session="f2ecc65766d7b6dac592c8f1c5db6400", element="f.C2440C714FFC06207F23522E9BF72409.d.0651D7228BC5F967A618E3B2A763E5A6.e.60")&gt; | &lt;selenium.webdr...</msg>
<var>@{item_price}</var>
<arg>xpath=//*[@class="inventory_item_price"]</arg>
<doc>Returns a list of WebElement objects matching the ``locator``.</doc>
<status status="PASS" start="2025-02-21T18:11:02.449704" elapsed="0.009087"/>
</kw>
<kw name="Get WebElements" owner="SeleniumLibrary">
<msg time="2025-02-21T18:11:02.467685" level="INFO">@{item_remove_btn} = [ &lt;selenium.webdriver.remote.webelement.WebElement (session="f2ecc65766d7b6dac592c8f1c5db6400", element="f.C2440C714FFC06207F23522E9BF72409.d.0651D7228BC5F967A618E3B2A763E5A6.e.62")&gt; | &lt;selenium.webdr...</msg>
<var>@{item_remove_btn}</var>
<arg>xpath=//*[@class="btn btn_secondary btn_small cart_button"]</arg>
<doc>Returns a list of WebElement objects matching the ``locator``.</doc>
<status status="PASS" start="2025-02-21T18:11:02.458791" elapsed="0.008894"/>
</kw>
<kw name="Element Should Be Enabled" owner="SeleniumLibrary">
<arg>${item_remove_btn}[${num}]</arg>
<doc>Verifies that element identified by ``locator`` is enabled.</doc>
<status status="PASS" start="2025-02-21T18:11:02.467685" elapsed="0.014657"/>
</kw>
<arg>0</arg>
<status status="PASS" start="2025-02-21T18:11:02.405762" elapsed="0.076580"/>
</kw>
<kw name="CartItem Detail" owner="cartKeyword">
<kw name="Get WebElements" owner="SeleniumLibrary">
<msg time="2025-02-21T18:11:02.488567" level="INFO">@{item_name} = [ &lt;selenium.webdriver.remote.webelement.WebElement (session="f2ecc65766d7b6dac592c8f1c5db6400", element="f.C2440C714FFC06207F23522E9BF72409.d.0651D7228BC5F967A618E3B2A763E5A6.e.54")&gt; | &lt;selenium.webdr...</msg>
<var>@{item_name}</var>
<arg>xpath=//*[@class="inventory_item_name"]</arg>
<doc>Returns a list of WebElement objects matching the ``locator``.</doc>
<status status="PASS" start="2025-02-21T18:11:02.483347" elapsed="0.005220"/>
</kw>
<kw name="Get WebElements" owner="SeleniumLibrary">
<msg time="2025-02-21T18:11:02.494344" level="INFO">@{item_quantity} = [ &lt;selenium.webdriver.remote.webelement.WebElement (session="f2ecc65766d7b6dac592c8f1c5db6400", element="f.C2440C714FFC06207F23522E9BF72409.d.0651D7228BC5F967A618E3B2A763E5A6.e.56")&gt; | &lt;selenium.webdr...</msg>
<var>@{item_quantity}</var>
<arg>xpath=//*[@class="cart_quantity"]</arg>
<doc>Returns a list of WebElement objects matching the ``locator``.</doc>
<status status="PASS" start="2025-02-21T18:11:02.488567" elapsed="0.005777"/>
</kw>
<kw name="Get WebElements" owner="SeleniumLibrary">
<msg time="2025-02-21T18:11:02.499589" level="INFO">@{item_detail} = [ &lt;selenium.webdriver.remote.webelement.WebElement (session="f2ecc65766d7b6dac592c8f1c5db6400", element="f.C2440C714FFC06207F23522E9BF72409.d.0651D7228BC5F967A618E3B2A763E5A6.e.58")&gt; | &lt;selenium.webdr...</msg>
<var>@{item_detail}</var>
<arg>xpath=//*[@class="inventory_item_desc"]</arg>
<doc>Returns a list of WebElement objects matching the ``locator``.</doc>
<status status="PASS" start="2025-02-21T18:11:02.494344" elapsed="0.005245"/>
</kw>
<kw name="Get WebElements" owner="SeleniumLibrary">
<msg time="2025-02-21T18:11:02.505124" level="INFO">@{item_price} = [ &lt;selenium.webdriver.remote.webelement.WebElement (session="f2ecc65766d7b6dac592c8f1c5db6400", element="f.C2440C714FFC06207F23522E9BF72409.d.0651D7228BC5F967A618E3B2A763E5A6.e.60")&gt; | &lt;selenium.webdr...</msg>
<var>@{item_price}</var>
<arg>xpath=//*[@class="inventory_item_price"]</arg>
<doc>Returns a list of WebElement objects matching the ``locator``.</doc>
<status status="PASS" start="2025-02-21T18:11:02.499589" elapsed="0.005535"/>
</kw>
<kw name="Get WebElements" owner="SeleniumLibrary">
<msg time="2025-02-21T18:11:02.510461" level="INFO">@{item_remove_btn} = [ &lt;selenium.webdriver.remote.webelement.WebElement (session="f2ecc65766d7b6dac592c8f1c5db6400", element="f.C2440C714FFC06207F23522E9BF72409.d.0651D7228BC5F967A618E3B2A763E5A6.e.62")&gt; | &lt;selenium.webdr...</msg>
<var>@{item_remove_btn}</var>
<arg>xpath=//*[@class="btn btn_secondary btn_small cart_button"]</arg>
<doc>Returns a list of WebElement objects matching the ``locator``.</doc>
<status status="PASS" start="2025-02-21T18:11:02.505124" elapsed="0.005337"/>
</kw>
<kw name="Element Should Be Enabled" owner="SeleniumLibrary">
<arg>${item_remove_btn}[${num}]</arg>
<doc>Verifies that element identified by ``locator`` is enabled.</doc>
<status status="PASS" start="2025-02-21T18:11:02.511470" elapsed="0.013270"/>
</kw>
<arg>1</arg>
<status status="PASS" start="2025-02-21T18:11:02.482342" elapsed="0.042398"/>
</kw>
<status status="PASS" start="2025-02-21T18:10:58.982196" elapsed="3.542544"/>
</test>
<test id="s1-s3-t9" name="Cart - RemoveItem" line="37">
<kw name="CartSetUp" owner="cartKeyword" type="SETUP">
<kw name="NormalUser" owner="inventoryKeyword">
<kw name="OpenSite" owner="loginKeyword">
<kw name="Open Browser" owner="SeleniumLibrary">
<msg time="2025-02-21T18:11:02.526735" level="INFO">Opening browser 'headlesschrome' to base url 'https://www.saucedemo.com/'.</msg>
<arg>${url}</arg>
<arg>${browser}</arg>
<doc>Opens a new browser instance to the optional ``url``.</doc>
<status status="PASS" start="2025-02-21T18:11:02.526735" elapsed="1.943435"/>
</kw>
<status status="PASS" start="2025-02-21T18:11:02.526735" elapsed="1.944432"/>
</kw>
<kw name="LoginSuccess" owner="loginKeyword">
<kw name="Login" owner="loginKeyword">
<kw name="Wait Until Element Is Visible" owner="SeleniumLibrary">
<arg>${login_username}</arg>
<doc>Waits until the element ``locator`` is visible.</doc>
<status status="PASS" start="2025-02-21T18:11:04.472165" elapsed="0.854557"/>
</kw>
<kw name="Input Text" owner="SeleniumLibrary">
<msg time="2025-02-21T18:11:05.327719" level="INFO">Typing text 'standard_user' into text field 'id=user-name'.</msg>
<arg>${login_username}</arg>
<arg>${username}</arg>
<doc>Types the given ``text`` into the text field identified by ``locator``.</doc>
<status status="PASS" start="2025-02-21T18:11:05.327719" elapsed="0.413534"/>
</kw>
<kw name="Input Text" owner="SeleniumLibrary">
<msg time="2025-02-21T18:11:05.741253" level="INFO">Typing text 'secret_sauce' into text field 'id=password'.</msg>
<arg>${login_password}</arg>
<arg>${password}</arg>
<doc>Types the given ``text`` into the text field identified by ``locator``.</doc>
<status status="PASS" start="2025-02-21T18:11:05.741253" elapsed="0.094054"/>
</kw>
<kw name="Click Element" owner="SeleniumLibrary">
<msg time="2025-02-21T18:11:05.835307" level="INFO">Clicking element 'id=login-button'.</msg>
<arg>${login_button}</arg>
<doc>Click the element identified by ``locator``.</doc>
<status status="PASS" start="2025-02-21T18:11:05.835307" elapsed="0.106448"/>
</kw>
<arg>${username}</arg>
<arg>secret_sauce</arg>
<status status="PASS" start="2025-02-21T18:11:04.471167" elapsed="1.470588"/>
</kw>
<kw name="Wait Until Page Contains" owner="SeleniumLibrary">
<arg>Products</arg>
<doc>Waits until ``text`` appears on the current page.</doc>
<status status="PASS" start="2025-02-21T18:11:05.941755" elapsed="0.018949"/>
</kw>
<arg>standard_user</arg>
<status status="PASS" start="2025-02-21T18:11:04.471167" elapsed="1.489537"/>
</kw>
<kw name="Wait Until Page Contains" owner="SeleniumLibrary">
<arg>Swag Labs</arg>
<doc>Waits until ``text`` appears on the current page.</doc>
<status status="PASS" start="2025-02-21T18:11:05.960704" elapsed="0.013964"/>
</kw>
<status status="PASS" start="2025-02-21T18:11:02.525737" elapsed="3.448931"/>
</kw>
<kw name="AddItemAndGotoCart" owner="cartKeyword">
<kw name="GetitemBtn" owner="inventoryKeyword">
<kw name="Wait Until Page Contains" owner="SeleniumLibrary">
<arg>Swag</arg>
<doc>Waits until ``text`` appears on the current page.</doc>
<status status="PASS" start="2025-02-21T18:11:05.975665" elapsed="0.011968"/>
</kw>
<kw name="Get WebElements" owner="SeleniumLibrary">
<msg time="2025-02-21T18:11:06.011013" level="INFO">@{add_to_cart} = [ &lt;selenium.webdriver.remote.webelement.WebElement (session="04d9a467335a2f1bc899322713c0753a", element="f.008668E3AFBD2AA1602CAFF7911842E1.d.B8D42B7880A2977B2FEB29B61E7E93F1.e.42")&gt; | &lt;selenium.webdr...</msg>
<var>@{add_to_cart}</var>
<arg>xpath=//*[@class="btn btn_primary btn_small btn_inventory "]</arg>
<doc>Returns a list of WebElement objects matching the ``locator``.</doc>
<status status="PASS" start="2025-02-21T18:11:05.987633" elapsed="0.023380"/>
</kw>
<kw name="Click Element" owner="SeleniumLibrary">
<msg time="2025-02-21T18:11:06.011013" level="INFO">Clicking element '&lt;selenium.webdriver.remote.webelement.WebElement (session="04d9a467335a2f1bc899322713c0753a", element="f.008668E3AFBD2AA1602CAFF7911842E1.d.B8D42B7880A2977B2FEB29B61E7E93F1.e.43")&gt;'.</msg>
<arg>${add_to_cart}[${item}]</arg>
<doc>Click the element identified by ``locator``.</doc>
<status status="PASS" start="2025-02-21T18:11:06.011013" elapsed="0.089537"/>
</kw>
<arg>1</arg>
<status status="PASS" start="2025-02-21T18:11:05.974668" elapsed="0.125882"/>
</kw>
<kw name="GetitemBtn" owner="inventoryKeyword">
<kw name="Wait Until Page Contains" owner="SeleniumLibrary">
<arg>Swag</arg>
<doc>Waits until ``text`` appears on the current page.</doc>
<status status="PASS" start="2025-02-21T18:11:06.100550" elapsed="0.007563"/>
</kw>
<kw name="Get WebElements" owner="SeleniumLibrary">
<msg time="2025-02-21T18:11:06.114755" level="INFO">@{add_to_cart} = [ &lt;selenium.webdriver.remote.webelement.WebElement (session="04d9a467335a2f1bc899322713c0753a", element="f.008668E3AFBD2AA1602CAFF7911842E1.d.B8D42B7880A2977B2FEB29B61E7E93F1.e.42")&gt; | &lt;selenium.webdr...</msg>
<var>@{add_to_cart}</var>
<arg>xpath=//*[@class="btn btn_primary btn_small btn_inventory "]</arg>
<doc>Returns a list of WebElement objects matching the ``locator``.</doc>
<status status="PASS" start="2025-02-21T18:11:06.108113" elapsed="0.006642"/>
</kw>
<kw name="Click Element" owner="SeleniumLibrary">
<msg time="2025-02-21T18:11:06.114755" level="INFO">Clicking element '&lt;selenium.webdriver.remote.webelement.WebElement (session="04d9a467335a2f1bc899322713c0753a", element="f.008668E3AFBD2AA1602CAFF7911842E1.d.B8D42B7880A2977B2FEB29B61E7E93F1.e.45")&gt;'.</msg>
<arg>${add_to_cart}[${item}]</arg>
<doc>Click the element identified by ``locator``.</doc>
<status status="PASS" start="2025-02-21T18:11:06.114755" elapsed="0.034788"/>
</kw>
<arg>2</arg>
<status status="PASS" start="2025-02-21T18:11:06.100550" elapsed="0.050000"/>
</kw>
<kw name="GotoCartPage" owner="cartKeyword">
<kw name="Click Element" owner="SeleniumLibrary">
<msg time="2025-02-21T18:11:06.151556" level="INFO">Clicking element 'xpath=//*[@id="shopping_cart_container"]/a'.</msg>
<arg>${btn_cart}</arg>
<doc>Click the element identified by ``locator``.</doc>
<status status="PASS" start="2025-02-21T18:11:06.150550" elapsed="0.080741"/>
</kw>
<status status="PASS" start="2025-02-21T18:11:06.150550" elapsed="0.080741"/>
</kw>
<status status="PASS" start="2025-02-21T18:11:05.974668" elapsed="0.256623"/>
</kw>
<status status="PASS" start="2025-02-21T18:11:02.525737" elapsed="3.705554"/>
</kw>
<kw name="CartRemoveItem" owner="cartKeyword">
<kw name="Get WebElements" owner="SeleniumLibrary">
<msg time="2025-02-21T18:11:06.242036" level="INFO">@{item_remove_btn} = [ &lt;selenium.webdriver.remote.webelement.WebElement (session="04d9a467335a2f1bc899322713c0753a", element="f.008668E3AFBD2AA1602CAFF7911842E1.d.B8D42B7880A2977B2FEB29B61E7E93F1.e.54")&gt; | &lt;selenium.webdr...</msg>
<var>@{item_remove_btn}</var>
<arg>xpath=//*[@class="btn btn_secondary btn_small cart_button"]</arg>
<doc>Returns a list of WebElement objects matching the ``locator``.</doc>
<status status="PASS" start="2025-02-21T18:11:06.231291" elapsed="0.010745"/>
</kw>
<kw name="Click Element" owner="SeleniumLibrary">
<msg time="2025-02-21T18:11:06.243064" level="INFO">Clicking element '&lt;selenium.webdriver.remote.webelement.WebElement (session="04d9a467335a2f1bc899322713c0753a", element="f.008668E3AFBD2AA1602CAFF7911842E1.d.B8D42B7880A2977B2FEB29B61E7E93F1.e.55")&gt;'.</msg>
<arg>${item_remove_btn}[${num}]</arg>
<doc>Click the element identified by ``locator``.</doc>
<status status="PASS" start="2025-02-21T18:11:06.242036" elapsed="0.048240"/>
</kw>
<kw name="Page Should Contain Element" owner="SeleniumLibrary">
<msg time="2025-02-21T18:11:06.300751" level="INFO">Current page contains element 'xpath=//*[@id="cart_contents_container"]/div/div[1]/div[4]'.</msg>
<arg>${cart_item_${num}}</arg>
<doc>Verifies that element ``locator`` is found on the current page.</doc>
<status status="PASS" start="2025-02-21T18:11:06.290276" elapsed="0.010475"/>
</kw>
<arg>1</arg>
<status status="PASS" start="2025-02-21T18:11:06.231291" elapsed="0.069460"/>
</kw>
<kw name="CartRemoveItem" owner="cartKeyword">
<kw name="Get WebElements" owner="SeleniumLibrary">
<msg time="2025-02-21T18:11:06.308181" level="INFO">@{item_remove_btn} = [ &lt;selenium.webdriver.remote.webelement.WebElement (session="04d9a467335a2f1bc899322713c0753a", element="f.008668E3AFBD2AA1602CAFF7911842E1.d.B8D42B7880A2977B2FEB29B61E7E93F1.e.54")&gt; ]</msg>
<var>@{item_remove_btn}</var>
<arg>xpath=//*[@class="btn btn_secondary btn_small cart_button"]</arg>
<doc>Returns a list of WebElement objects matching the ``locator``.</doc>
<status status="PASS" start="2025-02-21T18:11:06.301916" elapsed="0.006265"/>
</kw>
<kw name="Click Element" owner="SeleniumLibrary">
<msg time="2025-02-21T18:11:06.308181" level="INFO">Clicking element '&lt;selenium.webdriver.remote.webelement.WebElement (session="04d9a467335a2f1bc899322713c0753a", element="f.008668E3AFBD2AA1602CAFF7911842E1.d.B8D42B7880A2977B2FEB29B61E7E93F1.e.54")&gt;'.</msg>
<arg>${item_remove_btn}[${num}]</arg>
<doc>Click the element identified by ``locator``.</doc>
<status status="PASS" start="2025-02-21T18:11:06.308181" elapsed="0.046631"/>
</kw>
<kw name="Page Should Contain Element" owner="SeleniumLibrary">
<msg time="2025-02-21T18:11:06.363955" level="INFO">Current page contains element 'xpath=//*[@id="cart_contents_container"]/div/div[1]/div[3]'.</msg>
<arg>${cart_item_${num}}</arg>
<doc>Verifies that element ``locator`` is found on the current page.</doc>
<status status="PASS" start="2025-02-21T18:11:06.354812" elapsed="0.009143"/>
</kw>
<arg>0</arg>
<status status="PASS" start="2025-02-21T18:11:06.300751" elapsed="0.064236"/>
</kw>
<status status="PASS" start="2025-02-21T18:11:02.525737" elapsed="3.839250"/>
</test>
<status status="PASS" start="2025-02-21T18:10:27.147175" elapsed="39.217812"/>
</suite>
<doc>[https://pabot.org/?ref=log|Pabot] result from 3 executions.</doc>
<status status="PASS" start="2025-02-21T18:09:41.582000" elapsed="84.782000"/>
</suite>
<statistics>
<total>
<stat pass="23" fail="0" skip="0">All Tests</stat>
</total>
<tag>
</tag>
<suite>
<stat pass="23" fail="0" skip="0" id="s1" name="Suites">Suites</stat>
<stat pass="7" fail="0" skip="0" id="s1-s1" name="01 Login">Suites.01 Login</stat>
<stat pass="7" fail="0" skip="0" id="s1-s2" name="02 Inventory">Suites.02 Inventory</stat>
<stat pass="9" fail="0" skip="0" id="s1-s3" name="03 Cart">Suites.03 Cart</stat>
</suite>
</statistics>
<errors>
</errors>
</robot>
