<?xml version="1.0" encoding="UTF-8"?>
<robot generator="Robot 7.0 (Python 3.12.4 on win32)" generated="2025-02-21T18:09:41.562706" rpa="false" schemaversion="5">
<suite id="s1" name="Suites">
<suite id="s1-s1" name="01 Login" source="C:\Users\Winner\Automate\TestingSomething\Awesome_site to_test_on\saucedemo\TestCase\01 login.robot">
<test id="s1-s1-t1" name="LoginUserRequired" line="10">
<kw name="OpenSite" owner="loginKeyword" type="SETUP">
<kw name="Open Browser" owner="SeleniumLibrary">
<msg time="2025-02-21T18:09:41.782503" level="INFO">Opening browser 'headlesschrome' to base url 'https://www.saucedemo.com/'.</msg>
<arg>${url}</arg>
<arg>${browser}</arg>
<doc>Opens a new browser instance to the optional ``url``.</doc>
<status status="PASS" start="2025-02-21T18:09:41.781506" elapsed="3.160580"/>
</kw>
<status status="PASS" start="2025-02-21T18:09:41.781506" elapsed="3.161578"/>
</kw>
<kw name="Login" owner="loginKeyword">
<kw name="Wait Until Element Is Visible" owner="SeleniumLibrary">
<arg>${login_username}</arg>
<doc>Waits until the element ``locator`` is visible.</doc>
<status status="PASS" start="2025-02-21T18:09:44.944082" elapsed="0.046789"/>
</kw>
<kw name="Input Text" owner="SeleniumLibrary">
<msg time="2025-02-21T18:09:44.990871" level="INFO">Typing text '' into text field 'id=user-name'.</msg>
<arg>${login_username}</arg>
<arg>${username}</arg>
<doc>Types the given ``text`` into the text field identified by ``locator``.</doc>
<status status="PASS" start="2025-02-21T18:09:44.990871" elapsed="0.183020"/>
</kw>
<kw name="Input Text" owner="SeleniumLibrary">
<msg time="2025-02-21T18:09:45.174892" level="INFO">Typing text '1234' into text field 'id=password'.</msg>
<arg>${login_password}</arg>
<arg>${password}</arg>
<doc>Types the given ``text`` into the text field identified by ``locator``.</doc>
<status status="PASS" start="2025-02-21T18:09:45.173891" elapsed="0.150038"/>
</kw>
<kw name="Click Element" owner="SeleniumLibrary">
<msg time="2025-02-21T18:09:45.324931" level="INFO">Clicking element 'id=login-button'.</msg>
<arg>${login_button}</arg>
<doc>Click the element identified by ``locator``.</doc>
<status status="PASS" start="2025-02-21T18:09:45.323929" elapsed="0.153310"/>
</kw>
<arg>${EMPTY}</arg>
<arg>1234</arg>
<status status="PASS" start="2025-02-21T18:09:44.943084" elapsed="0.534155"/>
</kw>
<kw name="ErrorMessageCheck" owner="loginKeyword">
<kw name="Element Should Be Visible" owner="SeleniumLibrary">
<msg time="2025-02-21T18:09:45.519192" level="INFO">Element 'xpath=//*[@data-test="error"]' is displayed.</msg>
<arg>${login_error_message}</arg>
<doc>Verifies that the element identified by ``locator`` is visible.</doc>
<status status="PASS" start="2025-02-21T18:09:45.478237" elapsed="0.040955"/>
</kw>
<kw name="Element Should Contain" owner="SeleniumLibrary">
<msg time="2025-02-21T18:09:45.557341" level="INFO">Element 'xpath=//*[@data-test="error"]' contains text 'Username is required'.</msg>
<arg>${login_error_message}</arg>
<arg>${msg}</arg>
<doc>Verifies that element ``locator`` contains text ``expected``.</doc>
<status status="PASS" start="2025-02-21T18:09:45.519192" elapsed="0.038149"/>
</kw>
<arg>Username is required</arg>
<status status="PASS" start="2025-02-21T18:09:45.477239" elapsed="0.080102"/>
</kw>
<kw name="Close Browser" owner="SeleniumLibrary" type="TEARDOWN">
<doc>Closes the current browser.</doc>
<status status="PASS" start="2025-02-21T18:09:45.558339" elapsed="2.364294"/>
</kw>
<status status="PASS" start="2025-02-21T18:09:41.780509" elapsed="6.142124"/>
</test>
<test id="s1-s1-t2" name="LoginPasswordRequired" line="13">
<kw name="OpenSite" owner="loginKeyword" type="SETUP">
<kw name="Open Browser" owner="SeleniumLibrary">
<msg time="2025-02-21T18:09:47.925624" level="INFO">Opening browser 'headlesschrome' to base url 'https://www.saucedemo.com/'.</msg>
<arg>${url}</arg>
<arg>${browser}</arg>
<doc>Opens a new browser instance to the optional ``url``.</doc>
<status status="PASS" start="2025-02-21T18:09:47.924627" elapsed="2.431933"/>
</kw>
<status status="PASS" start="2025-02-21T18:09:47.924627" elapsed="2.431933"/>
</kw>
<kw name="Login" owner="loginKeyword">
<kw name="Wait Until Element Is Visible" owner="SeleniumLibrary">
<arg>${login_username}</arg>
<doc>Waits until the element ``locator`` is visible.</doc>
<status status="PASS" start="2025-02-21T18:09:50.357558" elapsed="0.243434"/>
</kw>
<kw name="Input Text" owner="SeleniumLibrary">
<msg time="2025-02-21T18:09:50.600992" level="INFO">Typing text 'standard_user' into text field 'id=user-name'.</msg>
<arg>${login_username}</arg>
<arg>${username}</arg>
<doc>Types the given ``text`` into the text field identified by ``locator``.</doc>
<status status="PASS" start="2025-02-21T18:09:50.600992" elapsed="0.335437"/>
</kw>
<kw name="Input Text" owner="SeleniumLibrary">
<msg time="2025-02-21T18:09:50.936429" level="INFO">Typing text '' into text field 'id=password'.</msg>
<arg>${login_password}</arg>
<arg>${password}</arg>
<doc>Types the given ``text`` into the text field identified by ``locator``.</doc>
<status status="PASS" start="2025-02-21T18:09:50.936429" elapsed="0.093784"/>
</kw>
<kw name="Click Element" owner="SeleniumLibrary">
<msg time="2025-02-21T18:09:51.030213" level="INFO">Clicking element 'id=login-button'.</msg>
<arg>${login_button}</arg>
<doc>Click the element identified by ``locator``.</doc>
<status status="PASS" start="2025-02-21T18:09:51.030213" elapsed="0.144284"/>
</kw>
<arg>standard_user</arg>
<arg>${EMPTY}</arg>
<status status="PASS" start="2025-02-21T18:09:50.356560" elapsed="0.818934"/>
</kw>
<kw name="ErrorMessageCheck" owner="loginKeyword">
<kw name="Element Should Be Visible" owner="SeleniumLibrary">
<msg time="2025-02-21T18:09:51.195525" level="INFO">Element 'xpath=//*[@data-test="error"]' is displayed.</msg>
<arg>${login_error_message}</arg>
<doc>Verifies that the element identified by ``locator`` is visible.</doc>
<status status="PASS" start="2025-02-21T18:09:51.175494" elapsed="0.020031"/>
</kw>
<kw name="Element Should Contain" owner="SeleniumLibrary">
<msg time="2025-02-21T18:09:51.211075" level="INFO">Element 'xpath=//*[@data-test="error"]' contains text 'Password is required'.</msg>
<arg>${login_error_message}</arg>
<arg>${msg}</arg>
<doc>Verifies that element ``locator`` contains text ``expected``.</doc>
<status status="PASS" start="2025-02-21T18:09:51.195525" elapsed="0.015550"/>
</kw>
<arg>Password is required</arg>
<status status="PASS" start="2025-02-21T18:09:51.175494" elapsed="0.035581"/>
</kw>
<kw name="Close Browser" owner="SeleniumLibrary" type="TEARDOWN">
<doc>Closes the current browser.</doc>
<status status="PASS" start="2025-02-21T18:09:51.212114" elapsed="2.126137"/>
</kw>
<status status="PASS" start="2025-02-21T18:09:47.923629" elapsed="5.414622"/>
</test>
<test id="s1-s1-t3" name="LoginFailWrongUsername" line="16">
<kw name="OpenSite" owner="loginKeyword" type="SETUP">
<kw name="Open Browser" owner="SeleniumLibrary">
<msg time="2025-02-21T18:09:53.340245" level="INFO">Opening browser 'headlesschrome' to base url 'https://www.saucedemo.com/'.</msg>
<arg>${url}</arg>
<arg>${browser}</arg>
<doc>Opens a new browser instance to the optional ``url``.</doc>
<status status="PASS" start="2025-02-21T18:09:53.339248" elapsed="3.222736"/>
</kw>
<status status="PASS" start="2025-02-21T18:09:53.339248" elapsed="3.222736"/>
</kw>
<kw name="LoginErrorUsername" owner="loginKeyword">
<kw name="Login" owner="loginKeyword">
<kw name="Wait Until Element Is Visible" owner="SeleniumLibrary">
<arg>${login_username}</arg>
<doc>Waits until the element ``locator`` is visible.</doc>
<status status="PASS" start="2025-02-21T18:09:56.566483" elapsed="0.164613"/>
</kw>
<kw name="Input Text" owner="SeleniumLibrary">
<msg time="2025-02-21T18:09:56.731096" level="INFO">Typing text 'Hello' into text field 'id=user-name'.</msg>
<arg>${login_username}</arg>
<arg>${username}</arg>
<doc>Types the given ``text`` into the text field identified by ``locator``.</doc>
<status status="PASS" start="2025-02-21T18:09:56.731096" elapsed="0.572748"/>
</kw>
<kw name="Input Text" owner="SeleniumLibrary">
<msg time="2025-02-21T18:09:57.304841" level="INFO">Typing text 'secret_sauce' into text field 'id=password'.</msg>
<arg>${login_password}</arg>
<arg>${password}</arg>
<doc>Types the given ``text`` into the text field identified by ``locator``.</doc>
<status status="PASS" start="2025-02-21T18:09:57.303844" elapsed="0.347750"/>
</kw>
<kw name="Click Element" owner="SeleniumLibrary">
<msg time="2025-02-21T18:09:57.652591" level="INFO">Clicking element 'id=login-button'.</msg>
<arg>${login_button}</arg>
<doc>Click the element identified by ``locator``.</doc>
<status status="PASS" start="2025-02-21T18:09:57.651594" elapsed="0.471453"/>
</kw>
<arg>${username}</arg>
<arg>secret_sauce</arg>
<status status="PASS" start="2025-02-21T18:09:56.564976" elapsed="1.558071"/>
</kw>
<kw name="ErrorMessageCheck" owner="loginKeyword">
<kw name="Element Should Be Visible" owner="SeleniumLibrary">
<msg time="2025-02-21T18:09:58.221343" level="INFO">Element 'xpath=//*[@data-test="error"]' is displayed.</msg>
<arg>${login_error_message}</arg>
<doc>Verifies that the element identified by ``locator`` is visible.</doc>
<status status="PASS" start="2025-02-21T18:09:58.124045" elapsed="0.097298"/>
</kw>
<kw name="Element Should Contain" owner="SeleniumLibrary">
<msg time="2025-02-21T18:09:58.260744" level="INFO">Element 'xpath=//*[@data-test="error"]' contains text 'Epic sadface: Username and password do not match any user in this service'.</msg>
<arg>${login_error_message}</arg>
<arg>${msg}</arg>
<doc>Verifies that element ``locator`` contains text ``expected``.</doc>
<status status="PASS" start="2025-02-21T18:09:58.221343" elapsed="0.039401"/>
</kw>
<arg>Epic sadface: Username and password do not match any user in this service</arg>
<status status="PASS" start="2025-02-21T18:09:58.123047" elapsed="0.138696"/>
</kw>
<arg>Hello</arg>
<status status="PASS" start="2025-02-21T18:09:56.562981" elapsed="1.698762"/>
</kw>
<kw name="LoginErrorUsername" owner="loginKeyword">
<kw name="Login" owner="loginKeyword">
<kw name="Wait Until Element Is Visible" owner="SeleniumLibrary">
<arg>${login_username}</arg>
<doc>Waits until the element ``locator`` is visible.</doc>
<status status="PASS" start="2025-02-21T18:09:58.262739" elapsed="0.052893"/>
</kw>
<kw name="Input Text" owner="SeleniumLibrary">
<msg time="2025-02-21T18:09:58.316632" level="INFO">Typing text 'User1' into text field 'id=user-name'.</msg>
<arg>${login_username}</arg>
<arg>${username}</arg>
<doc>Types the given ``text`` into the text field identified by ``locator``.</doc>
<status status="PASS" start="2025-02-21T18:09:58.316632" elapsed="0.193060"/>
</kw>
<kw name="Input Text" owner="SeleniumLibrary">
<msg time="2025-02-21T18:09:58.509692" level="INFO">Typing text 'secret_sauce' into text field 'id=password'.</msg>
<arg>${login_password}</arg>
<arg>${password}</arg>
<doc>Types the given ``text`` into the text field identified by ``locator``.</doc>
<status status="PASS" start="2025-02-21T18:09:58.509692" elapsed="0.118738"/>
</kw>
<kw name="Click Element" owner="SeleniumLibrary">
<msg time="2025-02-21T18:09:58.629428" level="INFO">Clicking element 'id=login-button'.</msg>
<arg>${login_button}</arg>
<doc>Click the element identified by ``locator``.</doc>
<status status="PASS" start="2025-02-21T18:09:58.629428" elapsed="0.106399"/>
</kw>
<arg>${username}</arg>
<arg>secret_sauce</arg>
<status status="PASS" start="2025-02-21T18:09:58.261743" elapsed="0.475080"/>
</kw>
<kw name="ErrorMessageCheck" owner="loginKeyword">
<kw name="Element Should Be Visible" owner="SeleniumLibrary">
<msg time="2025-02-21T18:09:58.756289" level="INFO">Element 'xpath=//*[@data-test="error"]' is displayed.</msg>
<arg>${login_error_message}</arg>
<doc>Verifies that the element identified by ``locator`` is visible.</doc>
<status status="PASS" start="2025-02-21T18:09:58.737820" elapsed="0.019465"/>
</kw>
<kw name="Element Should Contain" owner="SeleniumLibrary">
<msg time="2025-02-21T18:09:58.783273" level="INFO">Element 'xpath=//*[@data-test="error"]' contains text 'Epic sadface: Username and password do not match any user in this service'.</msg>
<arg>${login_error_message}</arg>
<arg>${msg}</arg>
<doc>Verifies that element ``locator`` contains text ``expected``.</doc>
<status status="PASS" start="2025-02-21T18:09:58.757285" elapsed="0.025988"/>
</kw>
<arg>Epic sadface: Username and password do not match any user in this service</arg>
<status status="PASS" start="2025-02-21T18:09:58.736823" elapsed="0.046450"/>
</kw>
<arg>User1</arg>
<status status="PASS" start="2025-02-21T18:09:58.261743" elapsed="0.521530"/>
</kw>
<kw name="LoginErrorUsername" owner="loginKeyword">
<kw name="Login" owner="loginKeyword">
<kw name="Wait Until Element Is Visible" owner="SeleniumLibrary">
<arg>${login_username}</arg>
<doc>Waits until the element ``locator`` is visible.</doc>
<status status="PASS" start="2025-02-21T18:09:58.785272" elapsed="0.020455"/>
</kw>
<kw name="Input Text" owner="SeleniumLibrary">
<msg time="2025-02-21T18:09:58.806725" level="INFO">Typing text '231564' into text field 'id=user-name'.</msg>
<arg>${login_username}</arg>
<arg>${username}</arg>
<doc>Types the given ``text`` into the text field identified by ``locator``.</doc>
<status status="PASS" start="2025-02-21T18:09:58.805727" elapsed="0.109246"/>
</kw>
<kw name="Input Text" owner="SeleniumLibrary">
<msg time="2025-02-21T18:09:58.914973" level="INFO">Typing text 'secret_sauce' into text field 'id=password'.</msg>
<arg>${login_password}</arg>
<arg>${password}</arg>
<doc>Types the given ``text`` into the text field identified by ``locator``.</doc>
<status status="PASS" start="2025-02-21T18:09:58.914973" elapsed="0.128093"/>
</kw>
<kw name="Click Element" owner="SeleniumLibrary">
<msg time="2025-02-21T18:09:59.044062" level="INFO">Clicking element 'id=login-button'.</msg>
<arg>${login_button}</arg>
<doc>Click the element identified by ``locator``.</doc>
<status status="PASS" start="2025-02-21T18:09:59.044062" elapsed="0.073267"/>
</kw>
<arg>${username}</arg>
<arg>secret_sauce</arg>
<status status="PASS" start="2025-02-21T18:09:58.784270" elapsed="0.333059"/>
</kw>
<kw name="ErrorMessageCheck" owner="loginKeyword">
<kw name="Element Should Be Visible" owner="SeleniumLibrary">
<msg time="2025-02-21T18:09:59.154236" level="INFO">Element 'xpath=//*[@data-test="error"]' is displayed.</msg>
<arg>${login_error_message}</arg>
<doc>Verifies that the element identified by ``locator`` is visible.</doc>
<status status="PASS" start="2025-02-21T18:09:59.117329" elapsed="0.036907"/>
</kw>
<kw name="Element Should Contain" owner="SeleniumLibrary">
<msg time="2025-02-21T18:09:59.169686" level="INFO">Element 'xpath=//*[@data-test="error"]' contains text 'Epic sadface: Username and password do not match any user in this service'.</msg>
<arg>${login_error_message}</arg>
<arg>${msg}</arg>
<doc>Verifies that element ``locator`` contains text ``expected``.</doc>
<status status="PASS" start="2025-02-21T18:09:59.154236" elapsed="0.015450"/>
</kw>
<arg>Epic sadface: Username and password do not match any user in this service</arg>
<status status="PASS" start="2025-02-21T18:09:59.117329" elapsed="0.052357"/>
</kw>
<arg>231564</arg>
<status status="PASS" start="2025-02-21T18:09:58.783273" elapsed="0.386413"/>
</kw>
<kw name="Close Browser" owner="SeleniumLibrary" type="TEARDOWN">
<doc>Closes the current browser.</doc>
<status status="PASS" start="2025-02-21T18:09:59.169686" elapsed="2.225364"/>
</kw>
<status status="PASS" start="2025-02-21T18:09:53.339248" elapsed="8.055802"/>
</test>
<test id="s1-s1-t4" name="LoginFailWrongPassword" line="20">
<kw name="OpenSite" owner="loginKeyword" type="SETUP">
<kw name="Open Browser" owner="SeleniumLibrary">
<msg time="2025-02-21T18:10:01.397045" level="INFO">Opening browser 'headlesschrome' to base url 'https://www.saucedemo.com/'.</msg>
<arg>${url}</arg>
<arg>${browser}</arg>
<doc>Opens a new browser instance to the optional ``url``.</doc>
<status status="PASS" start="2025-02-21T18:10:01.397045" elapsed="2.962635"/>
</kw>
<status status="PASS" start="2025-02-21T18:10:01.396048" elapsed="2.963632"/>
</kw>
<kw name="LoginErrorPassword" owner="loginKeyword">
<kw name="Login" owner="loginKeyword">
<kw name="Wait Until Element Is Visible" owner="SeleniumLibrary">
<arg>${login_username}</arg>
<doc>Waits until the element ``locator`` is visible.</doc>
<status status="PASS" start="2025-02-21T18:10:04.361675" elapsed="0.811649"/>
</kw>
<kw name="Input Text" owner="SeleniumLibrary">
<msg time="2025-02-21T18:10:05.173324" level="INFO">Typing text 'standard_user' into text field 'id=user-name'.</msg>
<arg>${login_username}</arg>
<arg>${username}</arg>
<doc>Types the given ``text`` into the text field identified by ``locator``.</doc>
<status status="PASS" start="2025-02-21T18:10:05.173324" elapsed="0.182230"/>
</kw>
<kw name="Input Text" owner="SeleniumLibrary">
<msg time="2025-02-21T18:10:05.356551" level="INFO">Typing text '32132156' into text field 'id=password'.</msg>
<arg>${login_password}</arg>
<arg>${password}</arg>
<doc>Types the given ``text`` into the text field identified by ``locator``.</doc>
<status status="PASS" start="2025-02-21T18:10:05.356551" elapsed="0.174618"/>
</kw>
<kw name="Click Element" owner="SeleniumLibrary">
<msg time="2025-02-21T18:10:05.532166" level="INFO">Clicking element 'id=login-button'.</msg>
<arg>${login_button}</arg>
<doc>Click the element identified by ``locator``.</doc>
<status status="PASS" start="2025-02-21T18:10:05.532166" elapsed="0.150725"/>
</kw>
<arg>${username}</arg>
<arg>${password}</arg>
<status status="PASS" start="2025-02-21T18:10:04.360678" elapsed="1.322213"/>
</kw>
<kw name="ErrorMessageCheck" owner="loginKeyword">
<kw name="Element Should Be Visible" owner="SeleniumLibrary">
<msg time="2025-02-21T18:10:05.756228" level="INFO">Element 'xpath=//*[@data-test="error"]' is displayed.</msg>
<arg>${login_error_message}</arg>
<doc>Verifies that the element identified by ``locator`` is visible.</doc>
<status status="PASS" start="2025-02-21T18:10:05.682891" elapsed="0.074333"/>
</kw>
<kw name="Element Should Contain" owner="SeleniumLibrary">
<msg time="2025-02-21T18:10:05.803617" level="INFO">Element 'xpath=//*[@data-test="error"]' contains text 'Epic sadface: Username and password do not match any user in this service'.</msg>
<arg>${login_error_message}</arg>
<arg>${msg}</arg>
<doc>Verifies that element ``locator`` contains text ``expected``.</doc>
<status status="PASS" start="2025-02-21T18:10:05.757224" elapsed="0.046393"/>
</kw>
<arg>Epic sadface: Username and password do not match any user in this service</arg>
<status status="PASS" start="2025-02-21T18:10:05.682891" elapsed="0.120726"/>
</kw>
<arg>standard_user</arg>
<arg>32132156</arg>
<status status="PASS" start="2025-02-21T18:10:04.360678" elapsed="1.442939"/>
</kw>
<kw name="LoginErrorPassword" owner="loginKeyword">
<kw name="Login" owner="loginKeyword">
<kw name="Wait Until Element Is Visible" owner="SeleniumLibrary">
<arg>${login_username}</arg>
<doc>Waits until the element ``locator`` is visible.</doc>
<status status="PASS" start="2025-02-21T18:10:05.804614" elapsed="0.055886"/>
</kw>
<kw name="Input Text" owner="SeleniumLibrary">
<msg time="2025-02-21T18:10:05.861497" level="INFO">Typing text 'locked_out_user' into text field 'id=user-name'.</msg>
<arg>${login_username}</arg>
<arg>${username}</arg>
<doc>Types the given ``text`` into the text field identified by ``locator``.</doc>
<status status="PASS" start="2025-02-21T18:10:05.861497" elapsed="0.573822"/>
</kw>
<kw name="Input Text" owner="SeleniumLibrary">
<msg time="2025-02-21T18:10:06.436316" level="INFO">Typing text 'asdasdasd' into text field 'id=password'.</msg>
<arg>${login_password}</arg>
<arg>${password}</arg>
<doc>Types the given ``text`` into the text field identified by ``locator``.</doc>
<status status="PASS" start="2025-02-21T18:10:06.435319" elapsed="0.254921"/>
</kw>
<kw name="Click Element" owner="SeleniumLibrary">
<msg time="2025-02-21T18:10:06.690240" level="INFO">Clicking element 'id=login-button'.</msg>
<arg>${login_button}</arg>
<doc>Click the element identified by ``locator``.</doc>
<status status="PASS" start="2025-02-21T18:10:06.690240" elapsed="0.099292"/>
</kw>
<arg>${username}</arg>
<arg>${password}</arg>
<status status="PASS" start="2025-02-21T18:10:05.804614" elapsed="0.984918"/>
</kw>
<kw name="ErrorMessageCheck" owner="loginKeyword">
<kw name="Element Should Be Visible" owner="SeleniumLibrary">
<msg time="2025-02-21T18:10:06.808487" level="INFO">Element 'xpath=//*[@data-test="error"]' is displayed.</msg>
<arg>${login_error_message}</arg>
<doc>Verifies that the element identified by ``locator`` is visible.</doc>
<status status="PASS" start="2025-02-21T18:10:06.790531" elapsed="0.017956"/>
</kw>
<kw name="Element Should Contain" owner="SeleniumLibrary">
<msg time="2025-02-21T18:10:06.856871" level="INFO">Element 'xpath=//*[@data-test="error"]' contains text 'Epic sadface: Username and password do not match any user in this service'.</msg>
<arg>${login_error_message}</arg>
<arg>${msg}</arg>
<doc>Verifies that element ``locator`` contains text ``expected``.</doc>
<status status="PASS" start="2025-02-21T18:10:06.808487" elapsed="0.049382"/>
</kw>
<arg>Epic sadface: Username and password do not match any user in this service</arg>
<status status="PASS" start="2025-02-21T18:10:06.789532" elapsed="0.068337"/>
</kw>
<arg>locked_out_user</arg>
<arg>asdasdasd</arg>
<status status="PASS" start="2025-02-21T18:10:05.803617" elapsed="1.054252"/>
</kw>
<kw name="LoginErrorPassword" owner="loginKeyword">
<kw name="Login" owner="loginKeyword">
<kw name="Wait Until Element Is Visible" owner="SeleniumLibrary">
<arg>${login_username}</arg>
<doc>Waits until the element ``locator`` is visible.</doc>
<status status="PASS" start="2025-02-21T18:10:06.858866" elapsed="0.059387"/>
</kw>
<kw name="Input Text" owner="SeleniumLibrary">
<msg time="2025-02-21T18:10:06.919251" level="INFO">Typing text 'problem_user' into text field 'id=user-name'.</msg>
<arg>${login_username}</arg>
<arg>${username}</arg>
<doc>Types the given ``text`` into the text field identified by ``locator``.</doc>
<status status="PASS" start="2025-02-21T18:10:06.919251" elapsed="0.244438"/>
</kw>
<kw name="Input Text" owner="SeleniumLibrary">
<msg time="2025-02-21T18:10:07.164686" level="INFO">Typing text 'ahsdgdasdasdfsd' into text field 'id=password'.</msg>
<arg>${login_password}</arg>
<arg>${password}</arg>
<doc>Types the given ``text`` into the text field identified by ``locator``.</doc>
<status status="PASS" start="2025-02-21T18:10:07.163689" elapsed="0.139207"/>
</kw>
<kw name="Click Element" owner="SeleniumLibrary">
<msg time="2025-02-21T18:10:07.302896" level="INFO">Clicking element 'id=login-button'.</msg>
<arg>${login_button}</arg>
<doc>Click the element identified by ``locator``.</doc>
<status status="PASS" start="2025-02-21T18:10:07.302896" elapsed="0.181051"/>
</kw>
<arg>${username}</arg>
<arg>${password}</arg>
<status status="PASS" start="2025-02-21T18:10:06.858866" elapsed="0.626589"/>
</kw>
<kw name="ErrorMessageCheck" owner="loginKeyword">
<kw name="Element Should Be Visible" owner="SeleniumLibrary">
<msg time="2025-02-21T18:10:07.525395" level="INFO">Element 'xpath=//*[@data-test="error"]' is displayed.</msg>
<arg>${login_error_message}</arg>
<doc>Verifies that the element identified by ``locator`` is visible.</doc>
<status status="PASS" start="2025-02-21T18:10:07.485455" elapsed="0.039940"/>
</kw>
<kw name="Element Should Contain" owner="SeleniumLibrary">
<msg time="2025-02-21T18:10:07.547969" level="INFO">Element 'xpath=//*[@data-test="error"]' contains text 'Epic sadface: Username and password do not match any user in this service'.</msg>
<arg>${login_error_message}</arg>
<arg>${msg}</arg>
<doc>Verifies that element ``locator`` contains text ``expected``.</doc>
<status status="PASS" start="2025-02-21T18:10:07.525395" elapsed="0.022574"/>
</kw>
<arg>Epic sadface: Username and password do not match any user in this service</arg>
<status status="PASS" start="2025-02-21T18:10:07.485455" elapsed="0.062514"/>
</kw>
<arg>problem_user</arg>
<arg>ahsdgdasdasdfsd</arg>
<status status="PASS" start="2025-02-21T18:10:06.857869" elapsed="0.690100"/>
</kw>
<kw name="LoginErrorPassword" owner="loginKeyword">
<kw name="Login" owner="loginKeyword">
<kw name="Wait Until Element Is Visible" owner="SeleniumLibrary">
<arg>${login_username}</arg>
<doc>Waits until the element ``locator`` is visible.</doc>
<status status="PASS" start="2025-02-21T18:10:07.549965" elapsed="0.024037"/>
</kw>
<kw name="Input Text" owner="SeleniumLibrary">
<msg time="2025-02-21T18:10:07.574002" level="INFO">Typing text 'performance_glitch_user' into text field 'id=user-name'.</msg>
<arg>${login_username}</arg>
<arg>${username}</arg>
<doc>Types the given ``text`` into the text field identified by ``locator``.</doc>
<status status="PASS" start="2025-02-21T18:10:07.574002" elapsed="0.122573"/>
</kw>
<kw name="Input Text" owner="SeleniumLibrary">
<msg time="2025-02-21T18:10:07.697573" level="INFO">Typing text '32132156' into text field 'id=password'.</msg>
<arg>${login_password}</arg>
<arg>${password}</arg>
<doc>Types the given ``text`` into the text field identified by ``locator``.</doc>
<status status="PASS" start="2025-02-21T18:10:07.696575" elapsed="0.114767"/>
</kw>
<kw name="Click Element" owner="SeleniumLibrary">
<msg time="2025-02-21T18:10:07.813337" level="INFO">Clicking element 'id=login-button'.</msg>
<arg>${login_button}</arg>
<doc>Click the element identified by ``locator``.</doc>
<status status="PASS" start="2025-02-21T18:10:07.811342" elapsed="0.127424"/>
</kw>
<arg>${username}</arg>
<arg>${password}</arg>
<status status="PASS" start="2025-02-21T18:10:07.548967" elapsed="0.389799"/>
</kw>
<kw name="ErrorMessageCheck" owner="loginKeyword">
<kw name="Element Should Be Visible" owner="SeleniumLibrary">
<msg time="2025-02-21T18:10:07.962223" level="INFO">Element 'xpath=//*[@data-test="error"]' is displayed.</msg>
<arg>${login_error_message}</arg>
<doc>Verifies that the element identified by ``locator`` is visible.</doc>
<status status="PASS" start="2025-02-21T18:10:07.939764" elapsed="0.022459"/>
</kw>
<kw name="Element Should Contain" owner="SeleniumLibrary">
<msg time="2025-02-21T18:10:08.003157" level="INFO">Element 'xpath=//*[@data-test="error"]' contains text 'Epic sadface: Username and password do not match any user in this service'.</msg>
<arg>${login_error_message}</arg>
<arg>${msg}</arg>
<doc>Verifies that element ``locator`` contains text ``expected``.</doc>
<status status="PASS" start="2025-02-21T18:10:07.962223" elapsed="0.040934"/>
</kw>
<arg>Epic sadface: Username and password do not match any user in this service</arg>
<status status="PASS" start="2025-02-21T18:10:07.938766" elapsed="0.064391"/>
</kw>
<arg>performance_glitch_user</arg>
<arg>32132156</arg>
<status status="PASS" start="2025-02-21T18:10:07.548967" elapsed="0.455188"/>
</kw>
<kw name="LoginErrorPassword" owner="loginKeyword">
<kw name="Login" owner="loginKeyword">
<kw name="Wait Until Element Is Visible" owner="SeleniumLibrary">
<arg>${login_username}</arg>
<doc>Waits until the element ``locator`` is visible.</doc>
<status status="PASS" start="2025-02-21T18:10:08.005153" elapsed="0.021713"/>
</kw>
<kw name="Input Text" owner="SeleniumLibrary">
<msg time="2025-02-21T18:10:08.027866" level="INFO">Typing text 'error_user' into text field 'id=user-name'.</msg>
<arg>${login_username}</arg>
<arg>${username}</arg>
<doc>Types the given ``text`` into the text field identified by ``locator``.</doc>
<status status="PASS" start="2025-02-21T18:10:08.026866" elapsed="0.115039"/>
</kw>
<kw name="Input Text" owner="SeleniumLibrary">
<msg time="2025-02-21T18:10:08.141905" level="INFO">Typing text 'asdasdasd' into text field 'id=password'.</msg>
<arg>${login_password}</arg>
<arg>${password}</arg>
<doc>Types the given ``text`` into the text field identified by ``locator``.</doc>
<status status="PASS" start="2025-02-21T18:10:08.141905" elapsed="0.146735"/>
</kw>
<kw name="Click Element" owner="SeleniumLibrary">
<msg time="2025-02-21T18:10:08.288640" level="INFO">Clicking element 'id=login-button'.</msg>
<arg>${login_button}</arg>
<doc>Click the element identified by ``locator``.</doc>
<status status="PASS" start="2025-02-21T18:10:08.288640" elapsed="0.090344"/>
</kw>
<arg>${username}</arg>
<arg>${password}</arg>
<status status="PASS" start="2025-02-21T18:10:08.004155" elapsed="0.374829"/>
</kw>
<kw name="ErrorMessageCheck" owner="loginKeyword">
<kw name="Element Should Be Visible" owner="SeleniumLibrary">
<msg time="2025-02-21T18:10:08.397446" level="INFO">Element 'xpath=//*[@data-test="error"]' is displayed.</msg>
<arg>${login_error_message}</arg>
<doc>Verifies that the element identified by ``locator`` is visible.</doc>
<status status="PASS" start="2025-02-21T18:10:08.378984" elapsed="0.018462"/>
</kw>
<kw name="Element Should Contain" owner="SeleniumLibrary">
<msg time="2025-02-21T18:10:08.416468" level="INFO">Element 'xpath=//*[@data-test="error"]' contains text 'Epic sadface: Username and password do not match any user in this service'.</msg>
<arg>${login_error_message}</arg>
<arg>${msg}</arg>
<doc>Verifies that element ``locator`` contains text ``expected``.</doc>
<status status="PASS" start="2025-02-21T18:10:08.397446" elapsed="0.019022"/>
</kw>
<arg>Epic sadface: Username and password do not match any user in this service</arg>
<status status="PASS" start="2025-02-21T18:10:08.378984" elapsed="0.037484"/>
</kw>
<arg>error_user</arg>
<arg>asdasdasd</arg>
<status status="PASS" start="2025-02-21T18:10:08.004155" elapsed="0.412313"/>
</kw>
<kw name="LoginErrorPassword" owner="loginKeyword">
<kw name="Login" owner="loginKeyword">
<kw name="Wait Until Element Is Visible" owner="SeleniumLibrary">
<arg>${login_username}</arg>
<doc>Waits until the element ``locator`` is visible.</doc>
<status status="PASS" start="2025-02-21T18:10:08.418462" elapsed="0.021518"/>
</kw>
<kw name="Input Text" owner="SeleniumLibrary">
<msg time="2025-02-21T18:10:08.440977" level="INFO">Typing text 'visual_user' into text field 'id=user-name'.</msg>
<arg>${login_username}</arg>
<arg>${username}</arg>
<doc>Types the given ``text`` into the text field identified by ``locator``.</doc>
<status status="PASS" start="2025-02-21T18:10:08.439980" elapsed="0.106074"/>
</kw>
<kw name="Input Text" owner="SeleniumLibrary">
<msg time="2025-02-21T18:10:08.546054" level="INFO">Typing text 'ahsdgdasdasdfsd' into text field 'id=password'.</msg>
<arg>${login_password}</arg>
<arg>${password}</arg>
<doc>Types the given ``text`` into the text field identified by ``locator``.</doc>
<status status="PASS" start="2025-02-21T18:10:08.546054" elapsed="0.172976"/>
</kw>
<kw name="Click Element" owner="SeleniumLibrary">
<msg time="2025-02-21T18:10:08.720296" level="INFO">Clicking element 'id=login-button'.</msg>
<arg>${login_button}</arg>
<doc>Click the element identified by ``locator``.</doc>
<status status="PASS" start="2025-02-21T18:10:08.719030" elapsed="0.099402"/>
</kw>
<arg>${username}</arg>
<arg>${password}</arg>
<status status="PASS" start="2025-02-21T18:10:08.418462" elapsed="0.399970"/>
</kw>
<kw name="ErrorMessageCheck" owner="loginKeyword">
<kw name="Element Should Be Visible" owner="SeleniumLibrary">
<msg time="2025-02-21T18:10:08.835594" level="INFO">Element 'xpath=//*[@data-test="error"]' is displayed.</msg>
<arg>${login_error_message}</arg>
<doc>Verifies that the element identified by ``locator`` is visible.</doc>
<status status="PASS" start="2025-02-21T18:10:08.819935" elapsed="0.015659"/>
</kw>
<kw name="Element Should Contain" owner="SeleniumLibrary">
<msg time="2025-02-21T18:10:08.850605" level="INFO">Element 'xpath=//*[@data-test="error"]' contains text 'Epic sadface: Username and password do not match any user in this service'.</msg>
<arg>${login_error_message}</arg>
<arg>${msg}</arg>
<doc>Verifies that element ``locator`` contains text ``expected``.</doc>
<status status="PASS" start="2025-02-21T18:10:08.835594" elapsed="0.015011"/>
</kw>
<arg>Epic sadface: Username and password do not match any user in this service</arg>
<status status="PASS" start="2025-02-21T18:10:08.818432" elapsed="0.033556"/>
</kw>
<arg>visual_user</arg>
<arg>ahsdgdasdasdfsd</arg>
<status status="PASS" start="2025-02-21T18:10:08.417465" elapsed="0.434523"/>
</kw>
<kw name="Close Browser" owner="SeleniumLibrary" type="TEARDOWN">
<doc>Closes the current browser.</doc>
<status status="PASS" start="2025-02-21T18:10:08.851988" elapsed="3.179911"/>
</kw>
<status status="PASS" start="2025-02-21T18:10:01.396048" elapsed="10.635851"/>
</test>
<test id="s1-s1-t5" name="Login Success" line="27">
<kw name="OpenSite" owner="loginKeyword" type="SETUP">
<kw name="Open Browser" owner="SeleniumLibrary">
<msg time="2025-02-21T18:10:12.032889" level="INFO">Opening browser 'headlesschrome' to base url 'https://www.saucedemo.com/'.</msg>
<arg>${url}</arg>
<arg>${browser}</arg>
<doc>Opens a new browser instance to the optional ``url``.</doc>
<status status="PASS" start="2025-02-21T18:10:12.032889" elapsed="2.784101"/>
</kw>
<status status="PASS" start="2025-02-21T18:10:12.032889" elapsed="2.784101"/>
</kw>
<kw name="LoginSuccess" owner="loginKeyword">
<kw name="Login" owner="loginKeyword">
<kw name="Wait Until Element Is Visible" owner="SeleniumLibrary">
<arg>${login_username}</arg>
<doc>Waits until the element ``locator`` is visible.</doc>
<status status="PASS" start="2025-02-21T18:10:14.817988" elapsed="0.080823"/>
</kw>
<kw name="Input Text" owner="SeleniumLibrary">
<msg time="2025-02-21T18:10:14.898811" level="INFO">Typing text 'standard_user' into text field 'id=user-name'.</msg>
<arg>${login_username}</arg>
<arg>${username}</arg>
<doc>Types the given ``text`` into the text field identified by ``locator``.</doc>
<status status="PASS" start="2025-02-21T18:10:14.898811" elapsed="0.204544"/>
</kw>
<kw name="Input Text" owner="SeleniumLibrary">
<msg time="2025-02-21T18:10:15.103355" level="INFO">Typing text 'secret_sauce' into text field 'id=password'.</msg>
<arg>${login_password}</arg>
<arg>${password}</arg>
<doc>Types the given ``text`` into the text field identified by ``locator``.</doc>
<status status="PASS" start="2025-02-21T18:10:15.103355" elapsed="0.256191"/>
</kw>
<kw name="Click Element" owner="SeleniumLibrary">
<msg time="2025-02-21T18:10:15.360547" level="INFO">Clicking element 'id=login-button'.</msg>
<arg>${login_button}</arg>
<doc>Click the element identified by ``locator``.</doc>
<status status="PASS" start="2025-02-21T18:10:15.359546" elapsed="0.148106"/>
</kw>
<arg>${username}</arg>
<arg>secret_sauce</arg>
<status status="PASS" start="2025-02-21T18:10:14.816990" elapsed="0.690662"/>
</kw>
<kw name="Wait Until Page Contains" owner="SeleniumLibrary">
<arg>Products</arg>
<doc>Waits until ``text`` appears on the current page.</doc>
<status status="PASS" start="2025-02-21T18:10:15.507652" elapsed="0.029923"/>
</kw>
<arg>standard_user</arg>
<status status="PASS" start="2025-02-21T18:10:14.816990" elapsed="0.721582"/>
</kw>
<kw name="Go Back" owner="SeleniumLibrary">
<doc>Simulates the user clicking the back button on their browser.</doc>
<status status="PASS" start="2025-02-21T18:10:15.538572" elapsed="0.012473"/>
</kw>
<kw name="LoginSuccess" owner="loginKeyword">
<kw name="Login" owner="loginKeyword">
<kw name="Wait Until Element Is Visible" owner="SeleniumLibrary">
<arg>${login_username}</arg>
<doc>Waits until the element ``locator`` is visible.</doc>
<status status="PASS" start="2025-02-21T18:10:15.552046" elapsed="0.033942"/>
</kw>
<kw name="Input Text" owner="SeleniumLibrary">
<msg time="2025-02-21T18:10:15.585988" level="INFO">Typing text 'problem_user' into text field 'id=user-name'.</msg>
<arg>${login_username}</arg>
<arg>${username}</arg>
<doc>Types the given ``text`` into the text field identified by ``locator``.</doc>
<status status="PASS" start="2025-02-21T18:10:15.585988" elapsed="0.110389"/>
</kw>
<kw name="Input Text" owner="SeleniumLibrary">
<msg time="2025-02-21T18:10:15.697374" level="INFO">Typing text 'secret_sauce' into text field 'id=password'.</msg>
<arg>${login_password}</arg>
<arg>${password}</arg>
<doc>Types the given ``text`` into the text field identified by ``locator``.</doc>
<status status="PASS" start="2025-02-21T18:10:15.697374" elapsed="0.081742"/>
</kw>
<kw name="Click Element" owner="SeleniumLibrary">
<msg time="2025-02-21T18:10:15.779116" level="INFO">Clicking element 'id=login-button'.</msg>
<arg>${login_button}</arg>
<doc>Click the element identified by ``locator``.</doc>
<status status="PASS" start="2025-02-21T18:10:15.779116" elapsed="0.122978"/>
</kw>
<arg>${username}</arg>
<arg>secret_sauce</arg>
<status status="PASS" start="2025-02-21T18:10:15.552046" elapsed="0.350048"/>
</kw>
<kw name="Wait Until Page Contains" owner="SeleniumLibrary">
<arg>Products</arg>
<doc>Waits until ``text`` appears on the current page.</doc>
<status status="PASS" start="2025-02-21T18:10:15.902094" elapsed="0.014960"/>
</kw>
<arg>problem_user</arg>
<status status="PASS" start="2025-02-21T18:10:15.551045" elapsed="0.366009"/>
</kw>
<kw name="Go Back" owner="SeleniumLibrary">
<doc>Simulates the user clicking the back button on their browser.</doc>
<status status="PASS" start="2025-02-21T18:10:15.918052" elapsed="0.022942"/>
</kw>
<kw name="LoginSuccess" owner="loginKeyword">
<kw name="Login" owner="loginKeyword">
<kw name="Wait Until Element Is Visible" owner="SeleniumLibrary">
<arg>${login_username}</arg>
<doc>Waits until the element ``locator`` is visible.</doc>
<status status="PASS" start="2025-02-21T18:10:15.941991" elapsed="0.032431"/>
</kw>
<kw name="Input Text" owner="SeleniumLibrary">
<msg time="2025-02-21T18:10:15.974926" level="INFO">Typing text 'performance_glitch_user' into text field 'id=user-name'.</msg>
<arg>${login_username}</arg>
<arg>${username}</arg>
<doc>Types the given ``text`` into the text field identified by ``locator``.</doc>
<status status="PASS" start="2025-02-21T18:10:15.974926" elapsed="0.183040"/>
</kw>
<kw name="Input Text" owner="SeleniumLibrary">
<msg time="2025-02-21T18:10:16.157966" level="INFO">Typing text 'secret_sauce' into text field 'id=password'.</msg>
<arg>${login_password}</arg>
<arg>${password}</arg>
<doc>Types the given ``text`` into the text field identified by ``locator``.</doc>
<status status="PASS" start="2025-02-21T18:10:16.157966" elapsed="0.087992"/>
</kw>
<kw name="Click Element" owner="SeleniumLibrary">
<msg time="2025-02-21T18:10:16.246956" level="INFO">Clicking element 'id=login-button'.</msg>
<arg>${login_button}</arg>
<doc>Click the element identified by ``locator``.</doc>
<status status="PASS" start="2025-02-21T18:10:16.245958" elapsed="5.078354"/>
</kw>
<arg>${username}</arg>
<arg>secret_sauce</arg>
<status status="PASS" start="2025-02-21T18:10:15.941991" elapsed="5.382321"/>
</kw>
<kw name="Wait Until Page Contains" owner="SeleniumLibrary">
<arg>Products</arg>
<doc>Waits until ``text`` appears on the current page.</doc>
<status status="PASS" start="2025-02-21T18:10:21.325777" elapsed="0.033239"/>
</kw>
<arg>performance_glitch_user</arg>
<status status="PASS" start="2025-02-21T18:10:15.940994" elapsed="5.418022"/>
</kw>
<kw name="Go Back" owner="SeleniumLibrary">
<doc>Simulates the user clicking the back button on their browser.</doc>
<status status="PASS" start="2025-02-21T18:10:21.359016" elapsed="0.013473"/>
</kw>
<kw name="LoginSuccess" owner="loginKeyword">
<kw name="Login" owner="loginKeyword">
<kw name="Wait Until Element Is Visible" owner="SeleniumLibrary">
<arg>${login_username}</arg>
<doc>Waits until the element ``locator`` is visible.</doc>
<status status="PASS" start="2025-02-21T18:10:21.373820" elapsed="0.013817"/>
</kw>
<kw name="Input Text" owner="SeleniumLibrary">
<msg time="2025-02-21T18:10:21.388789" level="INFO">Typing text 'error_user' into text field 'id=user-name'.</msg>
<arg>${login_username}</arg>
<arg>${username}</arg>
<doc>Types the given ``text`` into the text field identified by ``locator``.</doc>
<status status="PASS" start="2025-02-21T18:10:21.387637" elapsed="0.061975"/>
</kw>
<kw name="Input Text" owner="SeleniumLibrary">
<msg time="2025-02-21T18:10:21.449612" level="INFO">Typing text 'secret_sauce' into text field 'id=password'.</msg>
<arg>${login_password}</arg>
<arg>${password}</arg>
<doc>Types the given ``text`` into the text field identified by ``locator``.</doc>
<status status="PASS" start="2025-02-21T18:10:21.449612" elapsed="0.053557"/>
</kw>
<kw name="Click Element" owner="SeleniumLibrary">
<msg time="2025-02-21T18:10:21.503169" level="INFO">Clicking element 'id=login-button'.</msg>
<arg>${login_button}</arg>
<doc>Click the element identified by ``locator``.</doc>
<status status="PASS" start="2025-02-21T18:10:21.503169" elapsed="0.064674"/>
</kw>
<arg>${username}</arg>
<arg>secret_sauce</arg>
<status status="PASS" start="2025-02-21T18:10:21.373820" elapsed="0.194023"/>
</kw>
<kw name="Wait Until Page Contains" owner="SeleniumLibrary">
<arg>Products</arg>
<doc>Waits until ``text`` appears on the current page.</doc>
<status status="PASS" start="2025-02-21T18:10:21.568844" elapsed="0.009288"/>
</kw>
<arg>error_user</arg>
<status status="PASS" start="2025-02-21T18:10:21.372489" elapsed="0.205643"/>
</kw>
<kw name="Go Back" owner="SeleniumLibrary">
<doc>Simulates the user clicking the back button on their browser.</doc>
<status status="PASS" start="2025-02-21T18:10:21.578132" elapsed="0.008364"/>
</kw>
<kw name="LoginSuccess" owner="loginKeyword">
<kw name="Login" owner="loginKeyword">
<kw name="Wait Until Element Is Visible" owner="SeleniumLibrary">
<arg>${login_username}</arg>
<doc>Waits until the element ``locator`` is visible.</doc>
<status status="PASS" start="2025-02-21T18:10:21.587493" elapsed="0.028445"/>
</kw>
<kw name="Input Text" owner="SeleniumLibrary">
<msg time="2025-02-21T18:10:21.616945" level="INFO">Typing text 'visual_user' into text field 'id=user-name'.</msg>
<arg>${login_username}</arg>
<arg>${username}</arg>
<doc>Types the given ``text`` into the text field identified by ``locator``.</doc>
<status status="PASS" start="2025-02-21T18:10:21.615938" elapsed="0.065163"/>
</kw>
<kw name="Input Text" owner="SeleniumLibrary">
<msg time="2025-02-21T18:10:21.681101" level="INFO">Typing text 'secret_sauce' into text field 'id=password'.</msg>
<arg>${login_password}</arg>
<arg>${password}</arg>
<doc>Types the given ``text`` into the text field identified by ``locator``.</doc>
<status status="PASS" start="2025-02-21T18:10:21.681101" elapsed="0.059592"/>
</kw>
<kw name="Click Element" owner="SeleniumLibrary">
<msg time="2025-02-21T18:10:21.741699" level="INFO">Clicking element 'id=login-button'.</msg>
<arg>${login_button}</arg>
<doc>Click the element identified by ``locator``.</doc>
<status status="PASS" start="2025-02-21T18:10:21.741699" elapsed="0.057030"/>
</kw>
<arg>${username}</arg>
<arg>secret_sauce</arg>
<status status="PASS" start="2025-02-21T18:10:21.587493" elapsed="0.211236"/>
</kw>
<kw name="Wait Until Page Contains" owner="SeleniumLibrary">
<arg>Products</arg>
<doc>Waits until ``text`` appears on the current page.</doc>
<status status="PASS" start="2025-02-21T18:10:21.798729" elapsed="0.009453"/>
</kw>
<arg>visual_user</arg>
<status status="PASS" start="2025-02-21T18:10:21.586496" elapsed="0.221686"/>
</kw>
<kw name="Go Back" owner="SeleniumLibrary">
<doc>Simulates the user clicking the back button on their browser.</doc>
<status status="PASS" start="2025-02-21T18:10:21.808182" elapsed="0.006851"/>
</kw>
<kw name="Close Browser" owner="SeleniumLibrary" type="TEARDOWN">
<doc>Closes the current browser.</doc>
<status status="PASS" start="2025-02-21T18:10:21.815033" elapsed="2.113559"/>
</kw>
<status status="PASS" start="2025-02-21T18:10:12.031899" elapsed="11.896693"/>
</test>
<test id="s1-s1-t6" name="Login LockedOut" line="38">
<kw name="OpenSite" owner="loginKeyword" type="SETUP">
<kw name="Open Browser" owner="SeleniumLibrary">
<msg time="2025-02-21T18:10:23.929912" level="INFO">Opening browser 'headlesschrome' to base url 'https://www.saucedemo.com/'.</msg>
<arg>${url}</arg>
<arg>${browser}</arg>
<doc>Opens a new browser instance to the optional ``url``.</doc>
<status status="PASS" start="2025-02-21T18:10:23.929912" elapsed="2.226127"/>
</kw>
<status status="PASS" start="2025-02-21T18:10:23.928592" elapsed="2.228646"/>
</kw>
<kw name="Login" owner="loginKeyword">
<kw name="Wait Until Element Is Visible" owner="SeleniumLibrary">
<arg>${login_username}</arg>
<doc>Waits until the element ``locator`` is visible.</doc>
<status status="PASS" start="2025-02-21T18:10:26.157238" elapsed="0.043805"/>
</kw>
<kw name="Input Text" owner="SeleniumLibrary">
<msg time="2025-02-21T18:10:26.201043" level="INFO">Typing text 'locked_out_user' into text field 'id=user-name'.</msg>
<arg>${login_username}</arg>
<arg>${username}</arg>
<doc>Types the given ``text`` into the text field identified by ``locator``.</doc>
<status status="PASS" start="2025-02-21T18:10:26.201043" elapsed="0.114473"/>
</kw>
<kw name="Input Text" owner="SeleniumLibrary">
<msg time="2025-02-21T18:10:26.315516" level="INFO">Typing text 'secret_sauce' into text field 'id=password'.</msg>
<arg>${login_password}</arg>
<arg>${password}</arg>
<doc>Types the given ``text`` into the text field identified by ``locator``.</doc>
<status status="PASS" start="2025-02-21T18:10:26.315516" elapsed="0.102075"/>
</kw>
<kw name="Click Element" owner="SeleniumLibrary">
<msg time="2025-02-21T18:10:26.418881" level="INFO">Clicking element 'id=login-button'.</msg>
<arg>${login_button}</arg>
<doc>Click the element identified by ``locator``.</doc>
<status status="PASS" start="2025-02-21T18:10:26.417591" elapsed="0.066796"/>
</kw>
<arg>locked_out_user</arg>
<arg>secret_sauce</arg>
<status status="PASS" start="2025-02-21T18:10:26.157238" elapsed="0.327149"/>
</kw>
<kw name="ErrorMessageCheck" owner="loginKeyword">
<kw name="Element Should Be Visible" owner="SeleniumLibrary">
<msg time="2025-02-21T18:10:26.588254" level="INFO">Element 'xpath=//*[@data-test="error"]' is displayed.</msg>
<arg>${login_error_message}</arg>
<doc>Verifies that the element identified by ``locator`` is visible.</doc>
<status status="PASS" start="2025-02-21T18:10:26.485387" elapsed="0.102867"/>
</kw>
<kw name="Element Should Contain" owner="SeleniumLibrary">
<msg time="2025-02-21T18:10:26.627864" level="INFO">Element 'xpath=//*[@data-test="error"]' contains text 'Epic sadface: Sorry, this user has been locked out.'.</msg>
<arg>${login_error_message}</arg>
<arg>${msg}</arg>
<doc>Verifies that element ``locator`` contains text ``expected``.</doc>
<status status="PASS" start="2025-02-21T18:10:26.588254" elapsed="0.039610"/>
</kw>
<arg>Epic sadface: Sorry, this user has been locked out.</arg>
<status status="PASS" start="2025-02-21T18:10:26.485387" elapsed="0.142477"/>
</kw>
<kw name="Close Browser" owner="SeleniumLibrary" type="TEARDOWN">
<doc>Closes the current browser.</doc>
<status status="PASS" start="2025-02-21T18:10:26.627864" elapsed="2.155994"/>
</kw>
<status status="PASS" start="2025-02-21T18:10:23.928592" elapsed="4.855266"/>
</test>
<test id="s1-s1-t7" name="CheckLogin Status" line="41">
<kw name="OpenSite" owner="loginKeyword" type="SETUP">
<kw name="Open Browser" owner="SeleniumLibrary">
<msg time="2025-02-21T18:10:28.785853" level="INFO">Opening browser 'headlesschrome' to base url 'https://www.saucedemo.com/'.</msg>
<arg>${url}</arg>
<arg>${browser}</arg>
<doc>Opens a new browser instance to the optional ``url``.</doc>
<status status="PASS" start="2025-02-21T18:10:28.784855" elapsed="2.454411"/>
</kw>
<status status="PASS" start="2025-02-21T18:10:28.784855" elapsed="2.454411"/>
</kw>
<kw name="NotLoggedIn" owner="loginKeyword">
<kw name="Go To" owner="SeleniumLibrary">
<msg time="2025-02-21T18:10:31.240263" level="INFO">Opening url 'https://www.saucedemo.com/inventory.html'</msg>
<arg>https://www.saucedemo.com/inventory.html</arg>
<doc>Navigates the current browser window to the provided ``url``.</doc>
<status status="PASS" start="2025-02-21T18:10:31.240263" elapsed="0.369710"/>
</kw>
<kw name="ErrorMessageCheck" owner="loginKeyword">
<kw name="Element Should Be Visible" owner="SeleniumLibrary">
<msg time="2025-02-21T18:10:31.631987" level="INFO">Element 'xpath=//*[@data-test="error"]' is displayed.</msg>
<arg>${login_error_message}</arg>
<doc>Verifies that the element identified by ``locator`` is visible.</doc>
<status status="PASS" start="2025-02-21T18:10:31.610986" elapsed="0.021999"/>
</kw>
<kw name="Element Should Contain" owner="SeleniumLibrary">
<msg time="2025-02-21T18:10:31.649350" level="INFO">Element 'xpath=//*[@data-test="error"]' contains text 'Epic sadface: You can only access '/inventory.html' when you are logged in.'.</msg>
<arg>${login_error_message}</arg>
<arg>${msg}</arg>
<doc>Verifies that element ``locator`` contains text ``expected``.</doc>
<status status="PASS" start="2025-02-21T18:10:31.632985" elapsed="0.016365"/>
</kw>
<arg>Epic sadface: You can only access '/inventory.html' when you are logged in.</arg>
<status status="PASS" start="2025-02-21T18:10:31.610986" elapsed="0.038364"/>
</kw>
<status status="PASS" start="2025-02-21T18:10:31.239266" elapsed="0.410084"/>
</kw>
<kw name="Close Browser" owner="SeleniumLibrary" type="TEARDOWN">
<doc>Closes the current browser.</doc>
<status status="PASS" start="2025-02-21T18:10:31.650349" elapsed="2.131180"/>
</kw>
<status status="PASS" start="2025-02-21T18:10:28.784855" elapsed="4.996674"/>
</test>
<status status="PASS" start="2025-02-21T18:09:41.597365" elapsed="52.184164"/>
</suite>
<status status="PASS" start="2025-02-21T18:09:41.582651" elapsed="52.199875"/>
</suite>
<statistics>
<total>
<stat pass="7" fail="0" skip="0">All Tests</stat>
</total>
<tag>
</tag>
<suite>
<stat pass="7" fail="0" skip="0" id="s1" name="Suites">Suites</stat>
<stat pass="7" fail="0" skip="0" id="s1-s1" name="01 Login">Suites.01 Login</stat>
</suite>
</statistics>
<errors>
</errors>
</robot>
